<?xml version="1.0" encoding="UTF-8"?>
<coverage generated="1784463311924" clover="3.2.0">
  <project timestamp="1784463311924" name="All files">
    <metrics statements="642" coveredstatements="628" conditionals="351" coveredconditionals="315" methods="220" coveredmethods="209" elements="1213" coveredelements="1152" complexity="0" loc="642" ncloc="642" packages="9" files="22" classes="22"/>
    <package name="api">
      <metrics statements="79" coveredstatements="79" conditionals="22" coveredconditionals="22" methods="29" coveredmethods="29"/>
      <file name="client.ts" path="/Users/jumin/Working/temp/platform-management-service/frontend/src/api/client.ts">
        <metrics statements="79" coveredstatements="79" conditionals="22" coveredconditionals="22" methods="29" coveredmethods="29"/>
        <line num="21" count="1" type="cond" truecount="2" falsecount="0"/>
        <line num="24" count="33" type="stmt"/>
        <line num="25" count="33" type="cond" truecount="2" falsecount="0"/>
        <line num="26" count="1" type="stmt"/>
        <line num="28" count="32" type="stmt"/>
        <line num="29" count="32" type="stmt"/>
        <line num="30" count="32" type="stmt"/>
        <line num="34" count="30" type="stmt"/>
        <line num="36" count="2" type="cond" truecount="2" falsecount="0"/>
        <line num="37" count="1" type="stmt"/>
        <line num="41" count="1" type="stmt"/>
        <line num="43" count="1" type="stmt"/>
        <line num="48" count="10" type="stmt"/>
        <line num="49" count="10" type="stmt"/>
        <line num="50" count="18" type="cond" truecount="5" falsecount="0"/>
        <line num="51" count="10" type="stmt"/>
        <line num="53" count="10" type="stmt"/>
        <line num="54" count="10" type="cond" truecount="2" falsecount="0"/>
        <line num="58" count="33" type="stmt"/>
        <line num="59" count="31" type="stmt"/>
        <line num="60" count="31" type="stmt"/>
        <line num="61" count="31" type="cond" truecount="4" falsecount="0"/>
        <line num="62" count="9" type="stmt"/>
        <line num="65" count="31" type="stmt"/>
        <line num="66" count="31" type="cond" truecount="2" falsecount="0"/>
        <line num="67" count="1" type="stmt"/>
        <line num="68" count="1" type="stmt"/>
        <line num="70" count="30" type="cond" truecount="2" falsecount="0"/>
        <line num="71" count="6" type="stmt"/>
        <line num="73" count="24" type="stmt"/>
        <line num="77" count="2" type="stmt"/>
        <line num="80" count="1" type="stmt"/>
        <line num="81" count="3" type="stmt"/>
        <line num="83" count="1" type="stmt"/>
        <line num="84" count="1" type="stmt"/>
        <line num="86" count="1" type="stmt"/>
        <line num="87" count="1" type="stmt"/>
        <line num="92" count="1" type="stmt"/>
        <line num="93" count="1" type="stmt"/>
        <line num="98" count="1" type="stmt"/>
        <line num="99" count="2" type="stmt"/>
        <line num="102" count="1" type="stmt"/>
        <line num="106" count="2" type="stmt"/>
        <line num="113" count="1" type="stmt"/>
        <line num="114" count="1" type="stmt"/>
        <line num="116" count="1" type="stmt"/>
        <line num="117" count="1" type="stmt"/>
        <line num="122" count="1" type="stmt"/>
        <line num="123" count="1" type="stmt"/>
        <line num="128" count="1" type="stmt"/>
        <line num="129" count="1" type="stmt"/>
        <line num="132" count="1" type="stmt"/>
        <line num="133" count="2" type="stmt"/>
        <line num="140" count="1" type="stmt"/>
        <line num="141" count="1" type="stmt"/>
        <line num="143" count="1" type="stmt"/>
        <line num="144" count="1" type="stmt"/>
        <line num="149" count="1" type="stmt"/>
        <line num="150" count="1" type="stmt"/>
        <line num="155" count="1" type="stmt"/>
        <line num="156" count="1" type="stmt"/>
        <line num="159" count="1" type="stmt"/>
        <line num="164" count="1" type="stmt"/>
        <line num="172" count="1" type="stmt"/>
        <line num="173" count="1" type="stmt"/>
        <line num="175" count="1" type="stmt"/>
        <line num="176" count="1" type="stmt"/>
        <line num="181" count="1" type="stmt"/>
        <line num="182" count="1" type="stmt"/>
        <line num="187" count="1" type="stmt"/>
        <line num="188" count="1" type="stmt"/>
        <line num="191" count="1" type="stmt"/>
        <line num="195" count="2" type="stmt"/>
        <line num="202" count="1" type="stmt"/>
        <line num="203" count="1" type="stmt"/>
        <line num="205" count="1" type="stmt"/>
        <line num="206" count="1" type="stmt"/>
        <line num="211" count="1" type="stmt"/>
        <line num="212" count="1" type="stmt"/>
      </file>
    </package>
    <package name="components">
      <metrics statements="26" coveredstatements="26" conditionals="23" coveredconditionals="21" methods="16" coveredmethods="16"/>
      <file name="Layout.tsx" path="/Users/jumin/Working/temp/platform-management-service/frontend/src/components/Layout.tsx">
        <metrics statements="8" coveredstatements="8" conditionals="8" coveredconditionals="6" methods="5" coveredmethods="5"/>
        <line num="5" count="1" type="stmt"/>
        <line num="15" count="2" type="stmt"/>
        <line num="16" count="2" type="stmt"/>
        <line num="18" count="2" type="stmt"/>
        <line num="27" count="6" type="stmt"/>
        <line num="30" count="6" type="cond" truecount="1" falsecount="1"/>
        <line num="39" count="1" type="stmt"/>
        <line num="45" count="1" type="stmt"/>
      </file>
      <file name="ui.tsx" path="/Users/jumin/Working/temp/platform-management-service/frontend/src/components/ui.tsx">
        <metrics statements="18" coveredstatements="18" conditionals="15" coveredconditionals="15" methods="11" coveredmethods="11"/>
        <line num="13" count="565" type="stmt"/>
        <line num="25" count="566" type="cond" truecount="2" falsecount="0"/>
        <line num="26" count="33" type="stmt"/>
        <line num="30" count="136" type="stmt"/>
        <line num="42" count="313" type="stmt"/>
        <line num="68" count="2177" type="stmt"/>
        <line num="82" count="23" type="stmt"/>
        <line num="85" count="146" type="stmt"/>
        <line num="95" count="1" type="stmt"/>
        <line num="103" count="50" type="stmt"/>
        <line num="107" count="247" type="cond" truecount="2" falsecount="0"/>
        <line num="108" count="245" type="stmt"/>
        <line num="109" count="245" type="stmt"/>
        <line num="111" count="1" type="stmt"/>
        <line num="116" count="14" type="stmt"/>
        <line num="117" count="14" type="stmt"/>
        <line num="118" count="14" type="stmt"/>
        <line num="122" count="14" type="stmt"/>
      </file>
    </package>
    <package name="pages">
      <metrics statements="12" coveredstatements="12" conditionals="9" coveredconditionals="8" methods="6" coveredmethods="6"/>
      <file name="HomePage.tsx" path="/Users/jumin/Working/temp/platform-management-service/frontend/src/pages/HomePage.tsx">
        <metrics statements="6" coveredstatements="6" conditionals="4" coveredconditionals="3" methods="3" coveredmethods="3"/>
        <line num="5" count="1" type="stmt"/>
        <line num="14" count="2" type="stmt"/>
        <line num="15" count="2" type="stmt"/>
        <line num="17" count="2" type="stmt"/>
        <line num="27" count="1" type="stmt"/>
        <line num="37" count="5" type="stmt"/>
      </file>
      <file name="MePage.tsx" path="/Users/jumin/Working/temp/platform-management-service/frontend/src/pages/MePage.tsx">
        <metrics statements="6" coveredstatements="6" conditionals="5" coveredconditionals="5" methods="3" coveredmethods="3"/>
        <line num="8" count="4" type="stmt"/>
        <line num="9" count="4" type="stmt"/>
        <line num="10" count="4" type="stmt"/>
        <line num="11" count="2" type="stmt"/>
        <line num="13" count="1" type="stmt"/>
        <line num="15" count="4" type="stmt"/>
      </file>
    </package>
    <package name="pages.callerIdentities">
      <metrics statements="88" coveredstatements="87" conditionals="46" coveredconditionals="45" methods="29" coveredmethods="28"/>
      <file name="CallerIdentityDetailPage.tsx" path="/Users/jumin/Working/temp/platform-management-service/frontend/src/pages/callerIdentities/CallerIdentityDetailPage.tsx">
        <metrics statements="14" coveredstatements="14" conditionals="8" coveredconditionals="8" methods="5" coveredmethods="5"/>
        <line num="8" count="11" type="cond" truecount="1" falsecount="0"/>
        <line num="9" count="11" type="stmt"/>
        <line num="10" count="11" type="stmt"/>
        <line num="11" count="11" type="stmt"/>
        <line num="13" count="11" type="stmt"/>
        <line num="14" count="5" type="stmt"/>
        <line num="16" count="1" type="stmt"/>
        <line num="20" count="3" type="cond" truecount="2" falsecount="0"/>
        <line num="21" count="2" type="stmt"/>
        <line num="22" count="2" type="stmt"/>
        <line num="23" count="1" type="stmt"/>
        <line num="25" count="1" type="stmt"/>
        <line num="29" count="11" type="stmt"/>
        <line num="41" count="3" type="stmt"/>
      </file>
      <file name="CallerIdentityFormPage.tsx" path="/Users/jumin/Working/temp/platform-management-service/frontend/src/pages/callerIdentities/CallerIdentityFormPage.tsx">
        <metrics statements="38" coveredstatements="38" conditionals="18" coveredconditionals="18" methods="12" coveredmethods="12"/>
        <line num="14" count="52" type="stmt"/>
        <line num="15" count="52" type="stmt"/>
        <line num="16" count="52" type="stmt"/>
        <line num="18" count="52" type="stmt"/>
        <line num="19" count="52" type="stmt"/>
        <line num="20" count="52" type="stmt"/>
        <line num="21" count="52" type="stmt"/>
        <line num="22" count="52" type="stmt"/>
        <line num="23" count="52" type="stmt"/>
        <line num="25" count="52" type="stmt"/>
        <line num="26" count="5" type="stmt"/>
        <line num="28" count="1" type="stmt"/>
        <line num="30" count="5" type="cond" truecount="2" falsecount="0"/>
        <line num="31" count="3" type="stmt"/>
        <line num="32" count="3" type="stmt"/>
        <line num="34" count="2" type="stmt"/>
        <line num="36" count="1" type="stmt"/>
        <line num="37" count="1" type="stmt"/>
        <line num="38" count="1" type="stmt"/>
        <line num="40" count="1" type="stmt"/>
        <line num="41" count="2" type="stmt"/>
        <line num="45" count="3" type="stmt"/>
        <line num="46" count="3" type="stmt"/>
        <line num="47" count="3" type="stmt"/>
        <line num="48" count="3" type="cond" truecount="4" falsecount="0"/>
        <line num="49" count="1" type="stmt"/>
        <line num="50" count="1" type="stmt"/>
        <line num="52" count="2" type="stmt"/>
        <line num="57" count="1" type="stmt"/>
        <line num="60" count="1" type="stmt"/>
        <line num="64" count="52" type="cond" truecount="2" falsecount="0"/>
        <line num="65" count="5" type="stmt"/>
        <line num="72" count="47" type="stmt"/>
        <line num="84" count="3" type="stmt"/>
        <line num="90" count="2" type="stmt"/>
        <line num="94" count="43" type="stmt"/>
        <line num="106" count="32" type="stmt"/>
        <line num="110" count="1" type="stmt"/>
      </file>
      <file name="CallerIdentityListPage.tsx" path="/Users/jumin/Working/temp/platform-management-service/frontend/src/pages/callerIdentities/CallerIdentityListPage.tsx">
        <metrics statements="36" coveredstatements="35" conditionals="20" coveredconditionals="19" methods="12" coveredmethods="11"/>
        <line num="9" count="87" type="stmt"/>
        <line num="10" count="87" type="stmt"/>
        <line num="11" count="87" type="stmt"/>
        <line num="12" count="87" type="stmt"/>
        <line num="13" count="87" type="stmt"/>
        <line num="14" count="87" type="stmt"/>
        <line num="16" count="87" type="stmt"/>
        <line num="17" count="28" type="stmt"/>
        <line num="18" count="28" type="stmt"/>
        <line num="19" count="28" type="stmt"/>
        <line num="20" count="28" type="stmt"/>
        <line num="24" count="27" type="stmt"/>
        <line num="26" count="1" type="stmt"/>
        <line num="28" count="28" type="stmt"/>
        <line num="32" count="87" type="stmt"/>
        <line num="33" count="26" type="stmt"/>
        <line num="36" count="87" type="stmt"/>
        <line num="37" count="79" type="cond" truecount="2" falsecount="0"/>
        <line num="38" count="12" type="stmt"/>
        <line num="39" count="12" type="stmt"/>
        <line num="48" count="2" type="cond" truecount="1" falsecount="1"/>
        <line num="49" count="2" type="stmt"/>
        <line num="50" count="2" type="stmt"/>
        <line num="51" count="1" type="stmt"/>
        <line num="53" count="1" type="stmt"/>
        <line num="57" count="87" type="stmt"/>
        <line num="71" count="1" type="stmt"/>
        <line num="72" count="1" type="stmt"/>
        <line num="75" count="1" type="stmt"/>
        <line num="76" count="1" type="stmt"/>
        <line num="77" count="1" type="stmt"/>
        <line num="81" count="18" type="stmt"/>
        <line num="84" count="0" type="stmt"/>
        <line num="92" count="12" type="stmt"/>
        <line num="112" count="47" type="stmt"/>
        <line num="132" count="2" type="stmt"/>
      </file>
    </package>
    <package name="pages.consumptions">
      <metrics statements="136" coveredstatements="131" conditionals="59" coveredconditionals="52" methods="45" coveredmethods="41"/>
      <file name="ConsumptionDetailPage.tsx" path="/Users/jumin/Working/temp/platform-management-service/frontend/src/pages/consumptions/ConsumptionDetailPage.tsx">
        <metrics statements="14" coveredstatements="14" conditionals="8" coveredconditionals="7" methods="5" coveredmethods="5"/>
        <line num="8" count="9" type="cond" truecount="1" falsecount="0"/>
        <line num="9" count="9" type="stmt"/>
        <line num="10" count="9" type="stmt"/>
        <line num="11" count="9" type="stmt"/>
        <line num="13" count="9" type="stmt"/>
        <line num="14" count="4" type="stmt"/>
        <line num="16" count="1" type="stmt"/>
        <line num="20" count="2" type="cond" truecount="1" falsecount="1"/>
        <line num="21" count="2" type="stmt"/>
        <line num="22" count="2" type="stmt"/>
        <line num="23" count="1" type="stmt"/>
        <line num="25" count="1" type="stmt"/>
        <line num="29" count="9" type="stmt"/>
        <line num="39" count="2" type="stmt"/>
      </file>
      <file name="ConsumptionFormPage.tsx" path="/Users/jumin/Working/temp/platform-management-service/frontend/src/pages/consumptions/ConsumptionFormPage.tsx">
        <metrics statements="38" coveredstatements="38" conditionals="8" coveredconditionals="6" methods="13" coveredmethods="13"/>
        <line num="9" count="29" type="stmt"/>
        <line num="10" count="29" type="stmt"/>
        <line num="11" count="29" type="stmt"/>
        <line num="12" count="29" type="stmt"/>
        <line num="13" count="29" type="stmt"/>
        <line num="14" count="29" type="stmt"/>
        <line num="17" count="29" type="stmt"/>
        <line num="18" count="29" type="stmt"/>
        <line num="19" count="29" type="stmt"/>
        <line num="21" count="29" type="stmt"/>
        <line num="22" count="5" type="stmt"/>
        <line num="24" count="4" type="stmt"/>
        <line num="25" count="4" type="stmt"/>
        <line num="27" count="1" type="stmt"/>
        <line num="28" count="5" type="stmt"/>
        <line num="32" count="4" type="stmt"/>
        <line num="33" count="4" type="stmt"/>
        <line num="34" count="4" type="stmt"/>
        <line num="35" count="4" type="cond" truecount="1" falsecount="1"/>
        <line num="37" count="1" type="stmt"/>
        <line num="38" count="1" type="stmt"/>
        <line num="40" count="3" type="stmt"/>
        <line num="41" count="3" type="stmt"/>
        <line num="42" count="3" type="cond" truecount="2" falsecount="0"/>
        <line num="43" count="1" type="stmt"/>
        <line num="45" count="3" type="stmt"/>
        <line num="51" count="2" type="stmt"/>
        <line num="53" count="1" type="stmt"/>
        <line num="57" count="29" type="cond" truecount="2" falsecount="0"/>
        <line num="58" count="5" type="stmt"/>
        <line num="65" count="24" type="stmt"/>
        <line num="77" count="4" type="stmt"/>
        <line num="82" count="4" type="stmt"/>
        <line num="86" count="23" type="stmt"/>
        <line num="93" count="4" type="stmt"/>
        <line num="96" count="23" type="stmt"/>
        <line num="103" count="1" type="stmt"/>
        <line num="111" count="5" type="stmt"/>
      </file>
      <file name="ConsumptionListPage.tsx" path="/Users/jumin/Working/temp/platform-management-service/frontend/src/pages/consumptions/ConsumptionListPage.tsx">
        <metrics statements="84" coveredstatements="79" conditionals="43" coveredconditionals="39" methods="27" coveredmethods="23"/>
        <line num="9" count="73" type="stmt"/>
        <line num="10" count="73" type="stmt"/>
        <line num="11" count="73" type="stmt"/>
        <line num="12" count="73" type="stmt"/>
        <line num="13" count="292" type="cond" truecount="2" falsecount="0"/>
        <line num="15" count="73" type="cond" truecount="1" falsecount="1"/>
        <line num="17" count="0" type="stmt"/>
        <line num="22" count="67" type="stmt"/>
        <line num="23" count="67" type="stmt"/>
        <line num="24" count="67" type="stmt"/>
        <line num="26" count="67" type="stmt"/>
        <line num="27" count="67" type="stmt"/>
        <line num="28" count="67" type="stmt"/>
        <line num="29" count="67" type="stmt"/>
        <line num="30" count="67" type="stmt"/>
        <line num="31" count="67" type="stmt"/>
        <line num="32" count="67" type="stmt"/>
        <line num="34" count="67" type="stmt"/>
        <line num="35" count="67" type="stmt"/>
        <line num="37" count="67" type="stmt"/>
        <line num="38" count="11" type="stmt"/>
        <line num="39" count="11" type="stmt"/>
        <line num="40" count="11" type="stmt"/>
        <line num="41" count="11" type="stmt"/>
        <line num="45" count="10" type="stmt"/>
        <line num="47" count="1" type="stmt"/>
        <line num="49" count="11" type="stmt"/>
        <line num="53" count="67" type="stmt"/>
        <line num="54" count="9" type="stmt"/>
        <line num="55" count="9" type="stmt"/>
        <line num="57" count="0" type="stmt"/>
        <line num="58" count="9" type="stmt"/>
        <line num="60" count="0" type="stmt"/>
        <line num="63" count="67" type="stmt"/>
        <line num="64" count="59" type="stmt"/>
        <line num="65" count="102" type="cond" truecount="3" falsecount="1"/>
        <line num="66" count="102" type="cond" truecount="2" falsecount="0"/>
        <line num="67" count="48" type="stmt"/>
        <line num="68" count="48" type="cond" truecount="2" falsecount="0"/>
        <line num="72" count="36" type="stmt"/>
        <line num="75" count="66" type="cond" truecount="2" falsecount="0"/>
        <line num="76" count="2" type="stmt"/>
        <line num="77" count="2" type="cond" truecount="2" falsecount="0"/>
        <line num="79" count="65" type="cond" truecount="2" falsecount="0"/>
        <line num="80" count="2" type="stmt"/>
        <line num="81" count="2" type="cond" truecount="1" falsecount="1"/>
        <line num="83" count="65" type="cond" truecount="2" falsecount="0"/>
        <line num="84" count="34" type="stmt"/>
        <line num="85" count="34" type="cond" truecount="2" falsecount="0"/>
        <line num="90" count="2" type="stmt"/>
        <line num="93" count="63" type="stmt"/>
        <line num="97" count="67" type="stmt"/>
        <line num="98" count="16" type="stmt"/>
        <line num="99" count="16" type="stmt"/>
        <line num="100" count="16" type="stmt"/>
        <line num="101" count="16" type="stmt"/>
        <line num="105" count="1" type="cond" truecount="1" falsecount="1"/>
        <line num="106" count="1" type="stmt"/>
        <line num="107" count="1" type="stmt"/>
        <line num="108" count="1" type="stmt"/>
        <line num="110" count="0" type="stmt"/>
        <line num="114" count="67" type="stmt"/>
        <line num="128" count="1" type="stmt"/>
        <line num="129" count="1" type="stmt"/>
        <line num="132" count="1" type="stmt"/>
        <line num="133" count="1" type="stmt"/>
        <line num="134" count="1" type="stmt"/>
        <line num="135" count="1" type="stmt"/>
        <line num="136" count="1" type="stmt"/>
        <line num="137" count="1" type="stmt"/>
        <line num="138" count="1" type="stmt"/>
        <line num="139" count="1" type="stmt"/>
        <line num="145" count="0" type="stmt"/>
        <line num="149" count="59" type="stmt"/>
        <line num="156" count="1" type="stmt"/>
        <line num="159" count="59" type="stmt"/>
        <line num="166" count="1" type="stmt"/>
        <line num="169" count="59" type="stmt"/>
        <line num="178" count="23" type="stmt"/>
        <line num="183" count="1" type="stmt"/>
        <line num="186" count="1" type="stmt"/>
        <line num="191" count="17" type="stmt"/>
        <line num="219" count="73" type="stmt"/>
        <line num="237" count="1" type="stmt"/>
      </file>
    </package>
    <package name="pages.entitlements">
      <metrics statements="112" coveredstatements="107" conditionals="71" coveredconditionals="59" methods="36" coveredmethods="32"/>
      <file name="EntitlementDetailPage.tsx" path="/Users/jumin/Working/temp/platform-management-service/frontend/src/pages/entitlements/EntitlementDetailPage.tsx">
        <metrics statements="14" coveredstatements="14" conditionals="10" coveredconditionals="8" methods="5" coveredmethods="5"/>
        <line num="8" count="9" type="cond" truecount="1" falsecount="0"/>
        <line num="9" count="9" type="stmt"/>
        <line num="10" count="9" type="stmt"/>
        <line num="11" count="9" type="stmt"/>
        <line num="13" count="9" type="stmt"/>
        <line num="14" count="4" type="stmt"/>
        <line num="16" count="1" type="stmt"/>
        <line num="20" count="2" type="cond" truecount="1" falsecount="1"/>
        <line num="21" count="2" type="stmt"/>
        <line num="22" count="2" type="stmt"/>
        <line num="23" count="1" type="stmt"/>
        <line num="25" count="1" type="stmt"/>
        <line num="29" count="9" type="stmt"/>
        <line num="41" count="2" type="stmt"/>
      </file>
      <file name="EntitlementFormPage.tsx" path="/Users/jumin/Working/temp/platform-management-service/frontend/src/pages/entitlements/EntitlementFormPage.tsx">
        <metrics statements="59" coveredstatements="56" conditionals="34" coveredconditionals="27" methods="18" coveredmethods="15"/>
        <line num="15" count="30" type="stmt"/>
        <line num="16" count="30" type="stmt"/>
        <line num="17" count="30" type="stmt"/>
        <line num="19" count="30" type="stmt"/>
        <line num="20" count="30" type="stmt"/>
        <line num="21" count="30" type="stmt"/>
        <line num="22" count="30" type="stmt"/>
        <line num="23" count="30" type="stmt"/>
        <line num="24" count="30" type="stmt"/>
        <line num="25" count="30" type="stmt"/>
        <line num="26" count="30" type="stmt"/>
        <line num="27" count="30" type="stmt"/>
        <line num="28" count="30" type="stmt"/>
        <line num="29" count="30" type="stmt"/>
        <line num="31" count="30" type="stmt"/>
        <line num="32" count="5" type="stmt"/>
        <line num="34" count="5" type="stmt"/>
        <line num="35" count="5" type="stmt"/>
        <line num="37" count="0" type="stmt"/>
        <line num="39" count="5" type="cond" truecount="2" falsecount="0"/>
        <line num="40" count="2" type="stmt"/>
        <line num="41" count="2" type="stmt"/>
        <line num="42" count="2" type="stmt"/>
        <line num="44" count="3" type="stmt"/>
        <line num="46" count="2" type="stmt"/>
        <line num="47" count="2" type="stmt"/>
        <line num="48" count="2" type="stmt"/>
        <line num="49" count="2" type="stmt"/>
        <line num="50" count="2" type="cond" truecount="1" falsecount="1"/>
        <line num="51" count="2" type="stmt"/>
        <line num="52" count="2" type="cond" truecount="1" falsecount="1"/>
        <line num="54" count="1" type="stmt"/>
        <line num="55" count="3" type="stmt"/>
        <line num="59" count="4" type="stmt"/>
        <line num="60" count="4" type="stmt"/>
        <line num="61" count="4" type="stmt"/>
        <line num="62" count="4" type="cond" truecount="1" falsecount="1"/>
        <line num="64" count="1" type="stmt"/>
        <line num="65" count="1" type="stmt"/>
        <line num="67" count="3" type="stmt"/>
        <line num="68" count="3" type="cond" truecount="4" falsecount="0"/>
        <line num="69" count="2" type="stmt"/>
        <line num="76" count="1" type="stmt"/>
        <line num="78" count="1" type="stmt"/>
        <line num="87" count="1" type="stmt"/>
        <line num="90" count="1" type="stmt"/>
        <line num="94" count="30" type="cond" truecount="2" falsecount="0"/>
        <line num="95" count="5" type="stmt"/>
        <line num="102" count="25" type="stmt"/>
        <line num="113" count="4" type="stmt"/>
        <line num="119" count="2" type="stmt"/>
        <line num="123" count="23" type="stmt"/>
        <line num="134" count="2" type="stmt"/>
        <line num="138" count="23" type="stmt"/>
        <line num="145" count="2" type="stmt"/>
        <line num="154" count="2" type="stmt"/>
        <line num="157" count="0" type="stmt"/>
        <line num="161" count="5" type="stmt"/>
        <line num="164" count="0" type="stmt"/>
      </file>
      <file name="EntitlementListPage.tsx" path="/Users/jumin/Working/temp/platform-management-service/frontend/src/pages/entitlements/EntitlementListPage.tsx">
        <metrics statements="39" coveredstatements="37" conditionals="27" coveredconditionals="24" methods="13" coveredmethods="12"/>
        <line num="9" count="88" type="stmt"/>
        <line num="10" count="88" type="stmt"/>
        <line num="11" count="88" type="stmt"/>
        <line num="12" count="88" type="stmt"/>
        <line num="13" count="88" type="stmt"/>
        <line num="14" count="88" type="stmt"/>
        <line num="15" count="88" type="stmt"/>
        <line num="17" count="88" type="stmt"/>
        <line num="18" count="28" type="stmt"/>
        <line num="19" count="28" type="stmt"/>
        <line num="20" count="28" type="stmt"/>
        <line num="21" count="28" type="stmt"/>
        <line num="26" count="27" type="stmt"/>
        <line num="28" count="1" type="stmt"/>
        <line num="30" count="28" type="stmt"/>
        <line num="34" count="88" type="stmt"/>
        <line num="35" count="26" type="stmt"/>
        <line num="38" count="88" type="stmt"/>
        <line num="39" count="81" type="cond" truecount="2" falsecount="0"/>
        <line num="40" count="13" type="stmt"/>
        <line num="41" count="13" type="stmt"/>
        <line num="51" count="1" type="cond" truecount="1" falsecount="1"/>
        <line num="52" count="1" type="stmt"/>
        <line num="53" count="1" type="stmt"/>
        <line num="54" count="1" type="stmt"/>
        <line num="56" count="0" type="stmt"/>
        <line num="60" count="88" type="stmt"/>
        <line num="74" count="1" type="stmt"/>
        <line num="75" count="1" type="stmt"/>
        <line num="78" count="1" type="stmt"/>
        <line num="79" count="1" type="stmt"/>
        <line num="80" count="1" type="stmt"/>
        <line num="81" count="1" type="stmt"/>
        <line num="85" count="18" type="stmt"/>
        <line num="90" count="0" type="stmt"/>
        <line num="95" count="1" type="stmt"/>
        <line num="104" count="13" type="stmt"/>
        <line num="124" count="48" type="stmt"/>
        <line num="148" count="1" type="stmt"/>
      </file>
    </package>
    <package name="pages.participants">
      <metrics statements="83" coveredstatements="83" conditionals="53" coveredconditionals="49" methods="27" coveredmethods="27"/>
      <file name="ParticipantDetailPage.tsx" path="/Users/jumin/Working/temp/platform-management-service/frontend/src/pages/participants/ParticipantDetailPage.tsx">
        <metrics statements="14" coveredstatements="14" conditionals="8" coveredconditionals="8" methods="5" coveredmethods="5"/>
        <line num="8" count="11" type="cond" truecount="1" falsecount="0"/>
        <line num="9" count="11" type="stmt"/>
        <line num="10" count="11" type="stmt"/>
        <line num="11" count="11" type="stmt"/>
        <line num="13" count="11" type="stmt"/>
        <line num="14" count="5" type="stmt"/>
        <line num="16" count="1" type="stmt"/>
        <line num="20" count="3" type="cond" truecount="2" falsecount="0"/>
        <line num="21" count="2" type="stmt"/>
        <line num="22" count="2" type="stmt"/>
        <line num="23" count="1" type="stmt"/>
        <line num="25" count="1" type="stmt"/>
        <line num="29" count="11" type="stmt"/>
        <line num="42" count="3" type="stmt"/>
      </file>
      <file name="ParticipantFormPage.tsx" path="/Users/jumin/Working/temp/platform-management-service/frontend/src/pages/participants/ParticipantFormPage.tsx">
        <metrics statements="35" coveredstatements="35" conditionals="24" coveredconditionals="22" methods="11" coveredmethods="11"/>
        <line num="9" count="62" type="stmt"/>
        <line num="10" count="62" type="stmt"/>
        <line num="11" count="62" type="stmt"/>
        <line num="13" count="62" type="stmt"/>
        <line num="14" count="62" type="stmt"/>
        <line num="15" count="62" type="stmt"/>
        <line num="16" count="62" type="stmt"/>
        <line num="17" count="62" type="stmt"/>
        <line num="18" count="62" type="stmt"/>
        <line num="20" count="62" type="stmt"/>
        <line num="21" count="5" type="cond" truecount="2" falsecount="0"/>
        <line num="22" count="3" type="stmt"/>
        <line num="24" count="2" type="stmt"/>
        <line num="25" count="2" type="stmt"/>
        <line num="26" count="2" type="cond" truecount="1" falsecount="1"/>
        <line num="27" count="2" type="stmt"/>
        <line num="29" count="1" type="stmt"/>
        <line num="30" count="3" type="stmt"/>
        <line num="34" count="4" type="stmt"/>
        <line num="35" count="4" type="stmt"/>
        <line num="36" count="4" type="stmt"/>
        <line num="37" count="4" type="cond" truecount="4" falsecount="0"/>
        <line num="38" count="2" type="stmt"/>
        <line num="43" count="2" type="stmt"/>
        <line num="45" count="2" type="stmt"/>
        <line num="51" count="1" type="stmt"/>
        <line num="54" count="1" type="stmt"/>
        <line num="58" count="62" type="cond" truecount="2" falsecount="0"/>
        <line num="59" count="3" type="stmt"/>
        <line num="66" count="59" type="stmt"/>
        <line num="77" count="4" type="stmt"/>
        <line num="84" count="9" type="stmt"/>
        <line num="88" count="22" type="stmt"/>
        <line num="91" count="17" type="stmt"/>
        <line num="94" count="1" type="stmt"/>
      </file>
      <file name="ParticipantListPage.tsx" path="/Users/jumin/Working/temp/platform-management-service/frontend/src/pages/participants/ParticipantListPage.tsx">
        <metrics statements="34" coveredstatements="34" conditionals="21" coveredconditionals="19" methods="11" coveredmethods="11"/>
        <line num="9" count="40" type="stmt"/>
        <line num="10" count="40" type="stmt"/>
        <line num="11" count="40" type="stmt"/>
        <line num="12" count="40" type="stmt"/>
        <line num="13" count="40" type="stmt"/>
        <line num="15" count="40" type="stmt"/>
        <line num="16" count="14" type="stmt"/>
        <line num="17" count="14" type="stmt"/>
        <line num="18" count="14" type="stmt"/>
        <line num="19" count="14" type="cond" truecount="2" falsecount="0"/>
        <line num="20" count="13" type="stmt"/>
        <line num="22" count="1" type="stmt"/>
        <line num="24" count="14" type="stmt"/>
        <line num="28" count="40" type="stmt"/>
        <line num="29" count="12" type="stmt"/>
        <line num="32" count="40" type="stmt"/>
        <line num="33" count="58" type="cond" truecount="2" falsecount="0"/>
        <line num="34" count="18" type="stmt"/>
        <line num="35" count="18" type="stmt"/>
        <line num="43" count="3" type="cond" truecount="2" falsecount="0"/>
        <line num="44" count="2" type="stmt"/>
        <line num="45" count="2" type="stmt"/>
        <line num="46" count="1" type="stmt"/>
        <line num="48" count="1" type="stmt"/>
        <line num="53" count="1" type="stmt"/>
        <line num="54" count="1" type="stmt"/>
        <line num="57" count="40" type="stmt"/>
        <line num="72" count="1" type="stmt"/>
        <line num="73" count="1" type="stmt"/>
        <line num="74" count="1" type="stmt"/>
        <line num="78" count="2" type="stmt"/>
        <line num="86" count="9" type="stmt"/>
        <line num="107" count="43" type="stmt"/>
        <line num="126" count="3" type="stmt"/>
      </file>
    </package>
    <package name="pages.serviceOfferings">
      <metrics statements="95" coveredstatements="92" conditionals="64" coveredconditionals="55" methods="30" coveredmethods="28"/>
      <file name="ServiceOfferingDetailPage.tsx" path="/Users/jumin/Working/temp/platform-management-service/frontend/src/pages/serviceOfferings/ServiceOfferingDetailPage.tsx">
        <metrics statements="14" coveredstatements="14" conditionals="10" coveredconditionals="8" methods="5" coveredmethods="5"/>
        <line num="8" count="9" type="cond" truecount="1" falsecount="0"/>
        <line num="9" count="9" type="stmt"/>
        <line num="10" count="9" type="stmt"/>
        <line num="11" count="9" type="stmt"/>
        <line num="13" count="9" type="stmt"/>
        <line num="14" count="4" type="stmt"/>
        <line num="16" count="1" type="stmt"/>
        <line num="20" count="2" type="cond" truecount="1" falsecount="1"/>
        <line num="21" count="2" type="stmt"/>
        <line num="22" count="2" type="stmt"/>
        <line num="23" count="1" type="stmt"/>
        <line num="25" count="1" type="stmt"/>
        <line num="29" count="9" type="stmt"/>
        <line num="42" count="2" type="stmt"/>
      </file>
      <file name="ServiceOfferingFormPage.tsx" path="/Users/jumin/Working/temp/platform-management-service/frontend/src/pages/serviceOfferings/ServiceOfferingFormPage.tsx">
        <metrics statements="45" coveredstatements="43" conditionals="30" coveredconditionals="24" methods="13" coveredmethods="11"/>
        <line num="8" count="63" type="stmt"/>
        <line num="9" count="63" type="stmt"/>
        <line num="10" count="63" type="stmt"/>
        <line num="12" count="63" type="stmt"/>
        <line num="13" count="63" type="stmt"/>
        <line num="14" count="63" type="stmt"/>
        <line num="15" count="63" type="stmt"/>
        <line num="16" count="63" type="stmt"/>
        <line num="17" count="63" type="stmt"/>
        <line num="18" count="63" type="stmt"/>
        <line num="19" count="63" type="stmt"/>
        <line num="21" count="63" type="stmt"/>
        <line num="22" count="5" type="cond" truecount="2" falsecount="0"/>
        <line num="23" count="3" type="stmt"/>
        <line num="25" count="2" type="stmt"/>
        <line num="26" count="2" type="stmt"/>
        <line num="27" count="2" type="cond" truecount="1" falsecount="1"/>
        <line num="28" count="2" type="stmt"/>
        <line num="29" count="2" type="stmt"/>
        <line num="30" count="2" type="stmt"/>
        <line num="32" count="1" type="stmt"/>
        <line num="33" count="3" type="stmt"/>
        <line num="37" count="4" type="stmt"/>
        <line num="38" count="4" type="stmt"/>
        <line num="39" count="4" type="stmt"/>
        <line num="40" count="4" type="cond" truecount="1" falsecount="1"/>
        <line num="42" count="1" type="stmt"/>
        <line num="43" count="1" type="stmt"/>
        <line num="45" count="3" type="stmt"/>
        <line num="46" count="3" type="cond" truecount="4" falsecount="0"/>
        <line num="47" count="2" type="stmt"/>
        <line num="54" count="1" type="stmt"/>
        <line num="56" count="1" type="stmt"/>
        <line num="64" count="1" type="stmt"/>
        <line num="67" count="1" type="stmt"/>
        <line num="71" count="63" type="cond" truecount="2" falsecount="0"/>
        <line num="72" count="3" type="stmt"/>
        <line num="79" count="60" type="stmt"/>
        <line num="93" count="4" type="stmt"/>
        <line num="100" count="12" type="stmt"/>
        <line num="104" count="24" type="stmt"/>
        <line num="107" count="0" type="stmt"/>
        <line num="110" count="4" type="stmt"/>
        <line num="118" count="10" type="stmt"/>
        <line num="122" count="0" type="cond" truecount="1" falsecount="1"/>
      </file>
      <file name="ServiceOfferingListPage.tsx" path="/Users/jumin/Working/temp/platform-management-service/frontend/src/pages/serviceOfferings/ServiceOfferingListPage.tsx">
        <metrics statements="36" coveredstatements="35" conditionals="24" coveredconditionals="23" methods="12" coveredmethods="12"/>
        <line num="9" count="36" type="stmt"/>
        <line num="10" count="36" type="stmt"/>
        <line num="11" count="36" type="stmt"/>
        <line num="12" count="36" type="stmt"/>
        <line num="13" count="36" type="stmt"/>
        <line num="14" count="36" type="stmt"/>
        <line num="16" count="36" type="stmt"/>
        <line num="17" count="13" type="stmt"/>
        <line num="18" count="13" type="stmt"/>
        <line num="19" count="13" type="stmt"/>
        <line num="20" count="13" type="stmt"/>
        <line num="24" count="12" type="stmt"/>
        <line num="26" count="1" type="stmt"/>
        <line num="28" count="13" type="stmt"/>
        <line num="32" count="36" type="stmt"/>
        <line num="33" count="11" type="stmt"/>
        <line num="36" count="36" type="stmt"/>
        <line num="37" count="56" type="cond" truecount="2" falsecount="0"/>
        <line num="38" count="12" type="stmt"/>
        <line num="39" count="12" type="stmt"/>
        <line num="48" count="1" type="cond" truecount="1" falsecount="1"/>
        <line num="49" count="1" type="stmt"/>
        <line num="50" count="1" type="stmt"/>
        <line num="51" count="1" type="stmt"/>
        <line num="53" count="0" type="stmt"/>
        <line num="57" count="36" type="stmt"/>
        <line num="71" count="1" type="stmt"/>
        <line num="72" count="1" type="stmt"/>
        <line num="75" count="1" type="stmt"/>
        <line num="76" count="1" type="stmt"/>
        <line num="77" count="1" type="stmt"/>
        <line num="81" count="3" type="stmt"/>
        <line num="86" count="1" type="stmt"/>
        <line num="93" count="6" type="stmt"/>
        <line num="114" count="40" type="stmt"/>
        <line num="131" count="1" type="stmt"/>
      </file>
    </package>
    <package name="test">
      <metrics statements="11" coveredstatements="11" conditionals="4" coveredconditionals="4" methods="2" coveredmethods="2"/>
      <file name="fixtures.ts" path="/Users/jumin/Working/temp/platform-management-service/frontend/src/test/fixtures.ts">
        <metrics statements="8" coveredstatements="8" conditionals="0" coveredconditionals="0" methods="0" coveredmethods="0"/>
        <line num="9" count="7" type="stmt"/>
        <line num="18" count="7" type="stmt"/>
        <line num="27" count="7" type="stmt"/>
        <line num="37" count="7" type="stmt"/>
        <line num="48" count="7" type="stmt"/>
        <line num="59" count="7" type="stmt"/>
        <line num="74" count="7" type="stmt"/>
        <line num="86" count="7" type="stmt"/>
      </file>
      <file name="render.tsx" path="/Users/jumin/Working/temp/platform-management-service/frontend/src/test/render.tsx">
        <metrics statements="3" coveredstatements="3" conditionals="4" coveredconditionals="4" methods="2" coveredmethods="2"/>
        <line num="14" count="89" type="cond" truecount="2" falsecount="0"/>
        <line num="16" count="89" type="stmt"/>
        <line num="18" count="89" type="stmt"/>
      </file>
    </package>
  </project>
</coverage>
