{"/Users/jumin/Working/temp/platform-management-service/frontend/src/api/client.ts": {"path":"/Users/jumin/Working/temp/platform-management-service/frontend/src/api/client.ts","statementMap":{"0":{"start":{"line":21,"column":17},"end":{"line":21,"column":null}},"1":{"start":{"line":24,"column":19},"end":{"line":24,"column":null}},"2":{"start":{"line":25,"column":2},"end":{"line":27,"column":null}},"3":{"start":{"line":26,"column":4},"end":{"line":26,"column":null}},"4":{"start":{"line":28,"column":18},"end":{"line":28,"column":null}},"5":{"start":{"line":29,"column":2},"end":{"line":44,"column":null}},"6":{"start":{"line":30,"column":19},"end":{"line":33,"column":null}},"7":{"start":{"line":34,"column":4},"end":{"line":34,"column":null}},"8":{"start":{"line":36,"column":4},"end":{"line":42,"column":null}},"9":{"start":{"line":37,"column":21},"end":{"line":40,"column":null}},"10":{"start":{"line":41,"column":6},"end":{"line":41,"column":null}},"11":{"start":{"line":43,"column":4},"end":{"line":43,"column":null}},"12":{"start":{"line":48,"column":12},"end":{"line":48,"column":null}},"13":{"start":{"line":49,"column":2},"end":{"line":52,"column":null}},"14":{"start":{"line":50,"column":4},"end":{"line":50,"column":null}},"15":{"start":{"line":50,"column":51},"end":{"line":50,"column":null}},"16":{"start":{"line":51,"column":4},"end":{"line":51,"column":null}},"17":{"start":{"line":53,"column":12},"end":{"line":53,"column":null}},"18":{"start":{"line":54,"column":2},"end":{"line":54,"column":null}},"19":{"start":{"line":58,"column":16},"end":{"line":58,"column":null}},"20":{"start":{"line":59,"column":18},"end":{"line":59,"column":null}},"21":{"start":{"line":60,"column":2},"end":{"line":60,"column":null}},"22":{"start":{"line":61,"column":2},"end":{"line":63,"column":null}},"23":{"start":{"line":62,"column":4},"end":{"line":62,"column":null}},"24":{"start":{"line":65,"column":14},"end":{"line":65,"column":null}},"25":{"start":{"line":66,"column":2},"end":{"line":69,"column":null}},"26":{"start":{"line":67,"column":17},"end":{"line":67,"column":null}},"27":{"start":{"line":68,"column":4},"end":{"line":68,"column":null}},"28":{"start":{"line":70,"column":2},"end":{"line":72,"column":null}},"29":{"start":{"line":71,"column":4},"end":{"line":71,"column":null}},"30":{"start":{"line":73,"column":2},"end":{"line":73,"column":null}},"31":{"start":{"line":77,"column":13},"end":{"line":77,"column":null}},"32":{"start":{"line":77,"column":27},"end":{"line":77,"column":null}},"33":{"start":{"line":80,"column":13},"end":{"line":81,"column":null}},"34":{"start":{"line":81,"column":2},"end":{"line":81,"column":null}},"35":{"start":{"line":83,"column":13},"end":{"line":84,"column":null}},"36":{"start":{"line":84,"column":2},"end":{"line":84,"column":null}},"37":{"start":{"line":86,"column":13},"end":{"line":90,"column":null}},"38":{"start":{"line":87,"column":2},"end":{"line":90,"column":null}},"39":{"start":{"line":92,"column":13},"end":{"line":96,"column":null}},"40":{"start":{"line":93,"column":2},"end":{"line":96,"column":null}},"41":{"start":{"line":98,"column":13},"end":{"line":99,"column":null}},"42":{"start":{"line":99,"column":2},"end":{"line":99,"column":null}},"43":{"start":{"line":102,"column":13},"end":{"line":111,"column":null}},"44":{"start":{"line":106,"column":2},"end":{"line":111,"column":null}},"45":{"start":{"line":113,"column":13},"end":{"line":114,"column":null}},"46":{"start":{"line":114,"column":2},"end":{"line":114,"column":null}},"47":{"start":{"line":116,"column":13},"end":{"line":120,"column":null}},"48":{"start":{"line":117,"column":2},"end":{"line":120,"column":null}},"49":{"start":{"line":122,"column":13},"end":{"line":126,"column":null}},"50":{"start":{"line":123,"column":2},"end":{"line":126,"column":null}},"51":{"start":{"line":128,"column":13},"end":{"line":129,"column":null}},"52":{"start":{"line":129,"column":2},"end":{"line":129,"column":null}},"53":{"start":{"line":132,"column":13},"end":{"line":138,"column":null}},"54":{"start":{"line":133,"column":2},"end":{"line":138,"column":null}},"55":{"start":{"line":140,"column":13},"end":{"line":141,"column":null}},"56":{"start":{"line":141,"column":2},"end":{"line":141,"column":null}},"57":{"start":{"line":143,"column":13},"end":{"line":147,"column":null}},"58":{"start":{"line":144,"column":2},"end":{"line":147,"column":null}},"59":{"start":{"line":149,"column":13},"end":{"line":153,"column":null}},"60":{"start":{"line":150,"column":2},"end":{"line":153,"column":null}},"61":{"start":{"line":155,"column":13},"end":{"line":156,"column":null}},"62":{"start":{"line":156,"column":2},"end":{"line":156,"column":null}},"63":{"start":{"line":159,"column":13},"end":{"line":170,"column":null}},"64":{"start":{"line":164,"column":2},"end":{"line":170,"column":null}},"65":{"start":{"line":172,"column":13},"end":{"line":173,"column":null}},"66":{"start":{"line":173,"column":2},"end":{"line":173,"column":null}},"67":{"start":{"line":175,"column":13},"end":{"line":179,"column":null}},"68":{"start":{"line":176,"column":2},"end":{"line":179,"column":null}},"69":{"start":{"line":181,"column":13},"end":{"line":185,"column":null}},"70":{"start":{"line":182,"column":2},"end":{"line":185,"column":null}},"71":{"start":{"line":187,"column":13},"end":{"line":188,"column":null}},"72":{"start":{"line":188,"column":2},"end":{"line":188,"column":null}},"73":{"start":{"line":191,"column":13},"end":{"line":200,"column":null}},"74":{"start":{"line":195,"column":2},"end":{"line":200,"column":null}},"75":{"start":{"line":202,"column":13},"end":{"line":203,"column":null}},"76":{"start":{"line":203,"column":2},"end":{"line":203,"column":null}},"77":{"start":{"line":205,"column":13},"end":{"line":209,"column":null}},"78":{"start":{"line":206,"column":2},"end":{"line":209,"column":null}},"79":{"start":{"line":211,"column":13},"end":{"line":212,"column":null}},"80":{"start":{"line":212,"column":2},"end":{"line":212,"column":null}}},"fnMap":{"0":{"name":"getAccessToken","decl":{"start":{"line":23,"column":15},"end":{"line":23,"column":49}},"loc":{"start":{"line":23,"column":49},"end":{"line":45,"column":null}},"line":23},"1":{"name":"toQuery","decl":{"start":{"line":47,"column":9},"end":{"line":47,"column":17}},"loc":{"start":{"line":47,"column":86},"end":{"line":55,"column":null}},"line":47},"2":{"name":"(anonymous_2)","decl":{"start":{"line":49,"column":25},"end":{"line":49,"column":34}},"loc":{"start":{"line":49,"column":45},"end":{"line":52,"column":3}},"line":49},"3":{"name":"apiFetch","decl":{"start":{"line":57,"column":22},"end":{"line":57,"column":34}},"loc":{"start":{"line":57,"column":84},"end":{"line":74,"column":null}},"line":57},"4":{"name":"(anonymous_4)","decl":{"start":{"line":77,"column":13},"end":{"line":77,"column":27}},"loc":{"start":{"line":77,"column":27},"end":{"line":77,"column":null}},"line":77},"5":{"name":"(anonymous_5)","decl":{"start":{"line":80,"column":13},"end":{"line":80,"column":33}},"loc":{"start":{"line":81,"column":2},"end":{"line":81,"column":null}},"line":81},"6":{"name":"(anonymous_6)","decl":{"start":{"line":83,"column":13},"end":{"line":83,"column":31}},"loc":{"start":{"line":84,"column":2},"end":{"line":84,"column":null}},"line":84},"7":{"name":"(anonymous_7)","decl":{"start":{"line":86,"column":13},"end":{"line":86,"column":34}},"loc":{"start":{"line":87,"column":2},"end":{"line":90,"column":null}},"line":87},"8":{"name":"(anonymous_8)","decl":{"start":{"line":92,"column":13},"end":{"line":92,"column":34}},"loc":{"start":{"line":93,"column":2},"end":{"line":96,"column":null}},"line":93},"9":{"name":"(anonymous_9)","decl":{"start":{"line":98,"column":13},"end":{"line":98,"column":34}},"loc":{"start":{"line":99,"column":2},"end":{"line":99,"column":null}},"line":99},"10":{"name":"(anonymous_10)","decl":{"start":{"line":102,"column":13},"end":{"line":102,"column":37}},"loc":{"start":{"line":106,"column":2},"end":{"line":111,"column":null}},"line":106},"11":{"name":"(anonymous_11)","decl":{"start":{"line":113,"column":13},"end":{"line":113,"column":34}},"loc":{"start":{"line":114,"column":2},"end":{"line":114,"column":null}},"line":114},"12":{"name":"(anonymous_12)","decl":{"start":{"line":116,"column":13},"end":{"line":116,"column":37}},"loc":{"start":{"line":117,"column":2},"end":{"line":120,"column":null}},"line":117},"13":{"name":"(anonymous_13)","decl":{"start":{"line":122,"column":13},"end":{"line":122,"column":37}},"loc":{"start":{"line":123,"column":2},"end":{"line":126,"column":null}},"line":123},"14":{"name":"(anonymous_14)","decl":{"start":{"line":128,"column":13},"end":{"line":128,"column":37}},"loc":{"start":{"line":129,"column":2},"end":{"line":129,"column":null}},"line":129},"15":{"name":"(anonymous_15)","decl":{"start":{"line":132,"column":13},"end":{"line":132,"column":37}},"loc":{"start":{"line":133,"column":2},"end":{"line":138,"column":null}},"line":133},"16":{"name":"(anonymous_16)","decl":{"start":{"line":140,"column":13},"end":{"line":140,"column":35}},"loc":{"start":{"line":141,"column":2},"end":{"line":141,"column":null}},"line":141},"17":{"name":"(anonymous_17)","decl":{"start":{"line":143,"column":13},"end":{"line":143,"column":38}},"loc":{"start":{"line":144,"column":2},"end":{"line":147,"column":null}},"line":144},"18":{"name":"(anonymous_18)","decl":{"start":{"line":149,"column":13},"end":{"line":149,"column":38}},"loc":{"start":{"line":150,"column":2},"end":{"line":153,"column":null}},"line":150},"19":{"name":"(anonymous_19)","decl":{"start":{"line":155,"column":13},"end":{"line":155,"column":38}},"loc":{"start":{"line":156,"column":2},"end":{"line":156,"column":null}},"line":156},"20":{"name":"(anonymous_20)","decl":{"start":{"line":159,"column":13},"end":{"line":159,"column":33}},"loc":{"start":{"line":164,"column":2},"end":{"line":170,"column":null}},"line":164},"21":{"name":"(anonymous_21)","decl":{"start":{"line":172,"column":13},"end":{"line":172,"column":31}},"loc":{"start":{"line":173,"column":2},"end":{"line":173,"column":null}},"line":173},"22":{"name":"(anonymous_22)","decl":{"start":{"line":175,"column":13},"end":{"line":175,"column":34}},"loc":{"start":{"line":176,"column":2},"end":{"line":179,"column":null}},"line":176},"23":{"name":"(anonymous_23)","decl":{"start":{"line":181,"column":13},"end":{"line":181,"column":34}},"loc":{"start":{"line":182,"column":2},"end":{"line":185,"column":null}},"line":182},"24":{"name":"(anonymous_24)","decl":{"start":{"line":187,"column":13},"end":{"line":187,"column":34}},"loc":{"start":{"line":188,"column":2},"end":{"line":188,"column":null}},"line":188},"25":{"name":"(anonymous_25)","decl":{"start":{"line":191,"column":13},"end":{"line":191,"column":33}},"loc":{"start":{"line":195,"column":2},"end":{"line":200,"column":null}},"line":195},"26":{"name":"(anonymous_26)","decl":{"start":{"line":202,"column":13},"end":{"line":202,"column":31}},"loc":{"start":{"line":203,"column":2},"end":{"line":203,"column":null}},"line":203},"27":{"name":"(anonymous_27)","decl":{"start":{"line":205,"column":13},"end":{"line":205,"column":34}},"loc":{"start":{"line":206,"column":2},"end":{"line":209,"column":null}},"line":206},"28":{"name":"(anonymous_28)","decl":{"start":{"line":211,"column":13},"end":{"line":211,"column":34}},"loc":{"start":{"line":212,"column":2},"end":{"line":212,"column":null}},"line":212}},"branchMap":{"0":{"loc":{"start":{"line":21,"column":17},"end":{"line":21,"column":null}},"type":"binary-expr","locations":[{"start":{"line":21,"column":17},"end":{"line":21,"column":77}},{"start":{"line":21,"column":77},"end":{"line":21,"column":null}}],"line":21},"1":{"loc":{"start":{"line":25,"column":2},"end":{"line":27,"column":null}},"type":"if","locations":[{"start":{"line":25,"column":2},"end":{"line":27,"column":null}},{"start":{},"end":{}}],"line":25},"2":{"loc":{"start":{"line":36,"column":4},"end":{"line":42,"column":null}},"type":"if","locations":[{"start":{"line":36,"column":4},"end":{"line":42,"column":null}},{"start":{},"end":{}}],"line":36},"3":{"loc":{"start":{"line":50,"column":4},"end":{"line":50,"column":null}},"type":"if","locations":[{"start":{"line":50,"column":4},"end":{"line":50,"column":null}},{"start":{},"end":{}}],"line":50},"4":{"loc":{"start":{"line":50,"column":8},"end":{"line":50,"column":51}},"type":"binary-expr","locations":[{"start":{"line":50,"column":8},"end":{"line":50,"column":27}},{"start":{"line":50,"column":27},"end":{"line":50,"column":41}},{"start":{"line":50,"column":41},"end":{"line":50,"column":51}}],"line":50},"5":{"loc":{"start":{"line":54,"column":9},"end":{"line":54,"column":null}},"type":"cond-expr","locations":[{"start":{"line":54,"column":13},"end":{"line":54,"column":23}},{"start":{"line":54,"column":23},"end":{"line":54,"column":null}}],"line":54},"6":{"loc":{"start":{"line":57,"column":48},"end":{"line":57,"column":84}},"type":"default-arg","locations":[{"start":{"line":57,"column":68},"end":{"line":57,"column":84}}],"line":57},"7":{"loc":{"start":{"line":61,"column":2},"end":{"line":63,"column":null}},"type":"if","locations":[{"start":{"line":61,"column":2},"end":{"line":63,"column":null}},{"start":{},"end":{}}],"line":61},"8":{"loc":{"start":{"line":61,"column":6},"end":{"line":61,"column":49}},"type":"binary-expr","locations":[{"start":{"line":61,"column":6},"end":{"line":61,"column":19}},{"start":{"line":61,"column":19},"end":{"line":61,"column":49}}],"line":61},"9":{"loc":{"start":{"line":66,"column":2},"end":{"line":69,"column":null}},"type":"if","locations":[{"start":{"line":66,"column":2},"end":{"line":69,"column":null}},{"start":{},"end":{}}],"line":66},"10":{"loc":{"start":{"line":70,"column":2},"end":{"line":72,"column":null}},"type":"if","locations":[{"start":{"line":70,"column":2},"end":{"line":72,"column":null}},{"start":{},"end":{}}],"line":70}},"s":{"0":1,"1":33,"2":33,"3":1,"4":32,"5":32,"6":32,"7":30,"8":2,"9":1,"10":1,"11":1,"12":10,"13":10,"14":18,"15":8,"16":10,"17":10,"18":10,"19":33,"20":31,"21":31,"22":31,"23":9,"24":31,"25":31,"26":1,"27":1,"28":30,"29":6,"30":24,"31":1,"32":2,"33":1,"34":3,"35":1,"36":1,"37":1,"38":1,"39":1,"40":1,"41":1,"42":2,"43":1,"44":2,"45":1,"46":1,"47":1,"48":1,"49":1,"50":1,"51":1,"52":1,"53":1,"54":2,"55":1,"56":1,"57":1,"58":1,"59":1,"60":1,"61":1,"62":1,"63":1,"64":1,"65":1,"66":1,"67":1,"68":1,"69":1,"70":1,"71":1,"72":1,"73":1,"74":2,"75":1,"76":1,"77":1,"78":1,"79":1,"80":1},"f":{"0":33,"1":10,"2":18,"3":33,"4":2,"5":3,"6":1,"7":1,"8":1,"9":2,"10":2,"11":1,"12":1,"13":1,"14":1,"15":2,"16":1,"17":1,"18":1,"19":1,"20":1,"21":1,"22":1,"23":1,"24":1,"25":2,"26":1,"27":1,"28":1},"b":{"0":[1,1],"1":[1,32],"2":[1,1],"3":[8,10],"4":[18,10,10],"5":[5,5],"6":[33],"7":[9,22],"8":[31,9],"9":[1,30],"10":[6,24]},"meta":{"lastBranch":11,"lastFunction":29,"lastStatement":81,"seen":{"s:21:17:21:Infinity":0,"b:21:17:21:77:21:77:21:Infinity":0,"f:23:15:23:49":0,"s:24:19:24:Infinity":1,"b:25:2:27:Infinity:undefined:undefined:undefined:undefined":1,"s:25:2:27:Infinity":2,"s:26:4:26:Infinity":3,"s:28:18:28:Infinity":4,"s:29:2:44:Infinity":5,"s:30:19:33:Infinity":6,"s:34:4:34:Infinity":7,"b:36:4:42:Infinity:undefined:undefined:undefined:undefined":2,"s:36:4:42:Infinity":8,"s:37:21:40:Infinity":9,"s:41:6:41:Infinity":10,"s:43:4:43:Infinity":11,"f:47:9:47:17":1,"s:48:12:48:Infinity":12,"s:49:2:52:Infinity":13,"f:49:25:49:34":2,"b:50:4:50:Infinity:undefined:undefined:undefined:undefined":3,"s:50:4:50:Infinity":14,"b:50:8:50:27:50:27:50:41:50:41:50:51":4,"s:50:51:50:Infinity":15,"s:51:4:51:Infinity":16,"s:53:12:53:Infinity":17,"s:54:2:54:Infinity":18,"b:54:13:54:23:54:23:54:Infinity":5,"f:57:22:57:34":3,"b:57:68:57:84":6,"s:58:16:58:Infinity":19,"s:59:18:59:Infinity":20,"s:60:2:60:Infinity":21,"b:61:2:63:Infinity:undefined:undefined:undefined:undefined":7,"s:61:2:63:Infinity":22,"b:61:6:61:19:61:19:61:49":8,"s:62:4:62:Infinity":23,"s:65:14:65:Infinity":24,"b:66:2:69:Infinity:undefined:undefined:undefined:undefined":9,"s:66:2:69:Infinity":25,"s:67:17:67:Infinity":26,"s:68:4:68:Infinity":27,"b:70:2:72:Infinity:undefined:undefined:undefined:undefined":10,"s:70:2:72:Infinity":28,"s:71:4:71:Infinity":29,"s:73:2:73:Infinity":30,"s:77:13:77:Infinity":31,"f:77:13:77:27":4,"s:77:27:77:Infinity":32,"s:80:13:81:Infinity":33,"f:80:13:80:33":5,"s:81:2:81:Infinity":34,"s:83:13:84:Infinity":35,"f:83:13:83:31":6,"s:84:2:84:Infinity":36,"s:86:13:90:Infinity":37,"f:86:13:86:34":7,"s:87:2:90:Infinity":38,"s:92:13:96:Infinity":39,"f:92:13:92:34":8,"s:93:2:96:Infinity":40,"s:98:13:99:Infinity":41,"f:98:13:98:34":9,"s:99:2:99:Infinity":42,"s:102:13:111:Infinity":43,"f:102:13:102:37":10,"s:106:2:111:Infinity":44,"s:113:13:114:Infinity":45,"f:113:13:113:34":11,"s:114:2:114:Infinity":46,"s:116:13:120:Infinity":47,"f:116:13:116:37":12,"s:117:2:120:Infinity":48,"s:122:13:126:Infinity":49,"f:122:13:122:37":13,"s:123:2:126:Infinity":50,"s:128:13:129:Infinity":51,"f:128:13:128:37":14,"s:129:2:129:Infinity":52,"s:132:13:138:Infinity":53,"f:132:13:132:37":15,"s:133:2:138:Infinity":54,"s:140:13:141:Infinity":55,"f:140:13:140:35":16,"s:141:2:141:Infinity":56,"s:143:13:147:Infinity":57,"f:143:13:143:38":17,"s:144:2:147:Infinity":58,"s:149:13:153:Infinity":59,"f:149:13:149:38":18,"s:150:2:153:Infinity":60,"s:155:13:156:Infinity":61,"f:155:13:155:38":19,"s:156:2:156:Infinity":62,"s:159:13:170:Infinity":63,"f:159:13:159:33":20,"s:164:2:170:Infinity":64,"s:172:13:173:Infinity":65,"f:172:13:172:31":21,"s:173:2:173:Infinity":66,"s:175:13:179:Infinity":67,"f:175:13:175:34":22,"s:176:2:179:Infinity":68,"s:181:13:185:Infinity":69,"f:181:13:181:34":23,"s:182:2:185:Infinity":70,"s:187:13:188:Infinity":71,"f:187:13:187:34":24,"s:188:2:188:Infinity":72,"s:191:13:200:Infinity":73,"f:191:13:191:33":25,"s:195:2:200:Infinity":74,"s:202:13:203:Infinity":75,"f:202:13:202:31":26,"s:203:2:203:Infinity":76,"s:205:13:209:Infinity":77,"f:205:13:205:34":27,"s:206:2:209:Infinity":78,"s:211:13:212:Infinity":79,"f:211:13:211:34":28,"s:212:2:212:Infinity":80},"fnNames":{}}}
,"/Users/jumin/Working/temp/platform-management-service/frontend/src/components/Layout.tsx": {"path":"/Users/jumin/Working/temp/platform-management-service/frontend/src/components/Layout.tsx","statementMap":{"0":{"start":{"line":5,"column":12},"end":{"line":12,"column":null}},"1":{"start":{"line":15,"column":33},"end":{"line":15,"column":41}},"2":{"start":{"line":16,"column":26},"end":{"line":16,"column":45}},"3":{"start":{"line":18,"column":2},"end":{"line":55,"column":null}},"4":{"start":{"line":27,"column":14},"end":{"line":33,"column":null}},"5":{"start":{"line":30,"column":46},"end":{"line":30,"column":null}},"6":{"start":{"line":39,"column":69},"end":{"line":39,"column":104}},"7":{"start":{"line":45,"column":51},"end":{"line":45,"column":75}}},"fnMap":{"0":{"name":"Layout","decl":{"start":{"line":14,"column":16},"end":{"line":14,"column":25}},"loc":{"start":{"line":14,"column":25},"end":{"line":57,"column":null}},"line":14},"1":{"name":"(anonymous_1)","decl":{"start":{"line":26,"column":17},"end":{"line":26,"column":22}},"loc":{"start":{"line":27,"column":14},"end":{"line":33,"column":null}},"line":27},"2":{"name":"(anonymous_2)","decl":{"start":{"line":30,"column":16},"end":{"line":30,"column":28}},"loc":{"start":{"line":30,"column":46},"end":{"line":30,"column":null}},"line":30},"3":{"name":"(anonymous_3)","decl":{"start":{"line":39,"column":54},"end":{"line":39,"column":69}},"loc":{"start":{"line":39,"column":69},"end":{"line":39,"column":104}},"line":39},"4":{"name":"(anonymous_4)","decl":{"start":{"line":45,"column":36},"end":{"line":45,"column":51}},"loc":{"start":{"line":45,"column":51},"end":{"line":45,"column":75}},"line":45}},"branchMap":{"0":{"loc":{"start":{"line":24,"column":9},"end":{"line":35,"column":null}},"type":"binary-expr","locations":[{"start":{"line":24,"column":9},"end":{"line":24,"column":null}},{"start":{"line":25,"column":10},"end":{"line":35,"column":null}}],"line":24},"1":{"loc":{"start":{"line":30,"column":46},"end":{"line":30,"column":null}},"type":"cond-expr","locations":[{"start":{"line":30,"column":57},"end":{"line":30,"column":77}},{"start":{"line":30,"column":77},"end":{"line":30,"column":null}}],"line":30},"2":{"loc":{"start":{"line":38,"column":11},"end":{"line":48,"column":null}},"type":"cond-expr","locations":[{"start":{"line":39,"column":12},"end":{"line":43,"column":null}},{"start":{"line":43,"column":12},"end":{"line":48,"column":null}}],"line":38},"3":{"loc":{"start":{"line":44,"column":43},"end":{"line":44,"column":92}},"type":"binary-expr","locations":[{"start":{"line":44,"column":43},"end":{"line":44,"column":68}},{"start":{"line":44,"column":68},"end":{"line":44,"column":92}}],"line":44}},"s":{"0":1,"1":2,"2":2,"3":2,"4":6,"5":6,"6":1,"7":1},"f":{"0":2,"1":6,"2":6,"3":1,"4":1},"b":{"0":[2,1],"1":[0,6],"2":[1,1],"3":[1,0]},"meta":{"lastBranch":4,"lastFunction":5,"lastStatement":8,"seen":{"s:5:12:12:Infinity":0,"f:14:16:14:25":0,"s:15:33:15:41":1,"s:16:26:16:45":2,"s:18:2:55:Infinity":3,"b:24:9:24:Infinity:25:10:35:Infinity":0,"f:26:17:26:22":1,"s:27:14:33:Infinity":4,"f:30:16:30:28":2,"s:30:46:30:Infinity":5,"b:30:57:30:77:30:77:30:Infinity":1,"b:39:12:43:Infinity:43:12:48:Infinity":2,"f:39:54:39:69":3,"s:39:69:39:104":6,"b:44:43:44:68:44:68:44:92":3,"f:45:36:45:51":4,"s:45:51:45:75":7},"fnNames":{}}}
,"/Users/jumin/Working/temp/platform-management-service/frontend/src/components/ui.tsx": {"path":"/Users/jumin/Working/temp/platform-management-service/frontend/src/components/ui.tsx","statementMap":{"0":{"start":{"line":13,"column":2},"end":{"line":20,"column":null}},"1":{"start":{"line":25,"column":2},"end":{"line":25,"column":null}},"2":{"start":{"line":25,"column":14},"end":{"line":25,"column":null}},"3":{"start":{"line":26,"column":2},"end":{"line":26,"column":null}},"4":{"start":{"line":30,"column":2},"end":{"line":30,"column":null}},"5":{"start":{"line":42,"column":2},"end":{"line":55,"column":null}},"6":{"start":{"line":68,"column":2},"end":{"line":73,"column":null}},"7":{"start":{"line":82,"column":2},"end":{"line":90,"column":null}},"8":{"start":{"line":85,"column":8},"end":{"line":88,"column":null}},"9":{"start":{"line":95,"column":2},"end":{"line":98,"column":null}},"10":{"start":{"line":103,"column":2},"end":{"line":103,"column":null}},"11":{"start":{"line":107,"column":2},"end":{"line":107,"column":null}},"12":{"start":{"line":107,"column":12},"end":{"line":107,"column":null}},"13":{"start":{"line":108,"column":2},"end":{"line":112,"column":null}},"14":{"start":{"line":109,"column":4},"end":{"line":109,"column":null}},"15":{"start":{"line":111,"column":4},"end":{"line":111,"column":null}},"16":{"start":{"line":116,"column":15},"end":{"line":116,"column":null}},"17":{"start":{"line":117,"column":2},"end":{"line":121,"column":null}},"18":{"start":{"line":118,"column":4},"end":{"line":118,"column":null}},"19":{"start":{"line":122,"column":2},"end":{"line":122,"column":null}}},"fnMap":{"0":{"name":"PageHeader","decl":{"start":{"line":4,"column":16},"end":{"line":4,"column":27}},"loc":{"start":{"line":12,"column":3},"end":{"line":22,"column":null}},"line":12},"1":{"name":"ErrorBox","decl":{"start":{"line":24,"column":16},"end":{"line":24,"column":25}},"loc":{"start":{"line":24,"column":62},"end":{"line":27,"column":null}},"line":24},"2":{"name":"Loading","decl":{"start":{"line":29,"column":16},"end":{"line":29,"column":24}},"loc":{"start":{"line":29,"column":68},"end":{"line":31,"column":null}},"line":29},"3":{"name":"FilterBar","decl":{"start":{"line":33,"column":16},"end":{"line":33,"column":26}},"loc":{"start":{"line":41,"column":3},"end":{"line":57,"column":null}},"line":41},"4":{"name":"Field","decl":{"start":{"line":59,"column":16},"end":{"line":59,"column":22}},"loc":{"start":{"line":67,"column":3},"end":{"line":75,"column":null}},"line":67},"5":{"name":"DetailGrid","decl":{"start":{"line":77,"column":16},"end":{"line":77,"column":27}},"loc":{"start":{"line":81,"column":3},"end":{"line":92,"column":null}},"line":81},"6":{"name":"(anonymous_6)","decl":{"start":{"line":84,"column":15},"end":{"line":84,"column":20}},"loc":{"start":{"line":85,"column":8},"end":{"line":88,"column":null}},"line":85},"7":{"name":"NavLink","decl":{"start":{"line":94,"column":16},"end":{"line":94,"column":24}},"loc":{"start":{"line":94,"column":79},"end":{"line":100,"column":null}},"line":94},"8":{"name":"EmptyState","decl":{"start":{"line":102,"column":16},"end":{"line":102,"column":27}},"loc":{"start":{"line":102,"column":61},"end":{"line":104,"column":null}},"line":102},"9":{"name":"formatDateTime","decl":{"start":{"line":106,"column":16},"end":{"line":106,"column":31}},"loc":{"start":{"line":106,"column":71},"end":{"line":113,"column":null}},"line":106},"10":{"name":"CodeBlock","decl":{"start":{"line":115,"column":16},"end":{"line":115,"column":26}},"loc":{"start":{"line":115,"column":56},"end":{"line":123,"column":null}},"line":115}},"branchMap":{"0":{"loc":{"start":{"line":17,"column":9},"end":{"line":18,"column":null}},"type":"binary-expr","locations":[{"start":{"line":17,"column":9},"end":{"line":17,"column":21}},{"start":{"line":17,"column":21},"end":{"line":18,"column":null}}],"line":17},"1":{"loc":{"start":{"line":19,"column":7},"end":{"line":20,"column":null}},"type":"binary-expr","locations":[{"start":{"line":19,"column":7},"end":{"line":19,"column":18}},{"start":{"line":19,"column":18},"end":{"line":20,"column":null}}],"line":19},"2":{"loc":{"start":{"line":25,"column":2},"end":{"line":25,"column":null}},"type":"if","locations":[{"start":{"line":25,"column":2},"end":{"line":25,"column":null}},{"start":{},"end":{}}],"line":25},"3":{"loc":{"start":{"line":29,"column":26},"end":{"line":29,"column":68}},"type":"default-arg","locations":[{"start":{"line":29,"column":34},"end":{"line":29,"column":68}}],"line":29},"4":{"loc":{"start":{"line":49,"column":9},"end":{"line":54,"column":null}},"type":"binary-expr","locations":[{"start":{"line":49,"column":9},"end":{"line":49,"column":null}},{"start":{"line":50,"column":10},"end":{"line":54,"column":null}}],"line":49},"5":{"loc":{"start":{"line":72,"column":7},"end":{"line":72,"column":null}},"type":"binary-expr","locations":[{"start":{"line":72,"column":7},"end":{"line":72,"column":15}},{"start":{"line":72,"column":15},"end":{"line":72,"column":null}}],"line":72},"6":{"loc":{"start":{"line":87,"column":15},"end":{"line":87,"column":34}},"type":"binary-expr","locations":[{"start":{"line":87,"column":15},"end":{"line":87,"column":26}},{"start":{"line":87,"column":26},"end":{"line":87,"column":34}}],"line":87},"7":{"loc":{"start":{"line":107,"column":2},"end":{"line":107,"column":null}},"type":"if","locations":[{"start":{"line":107,"column":2},"end":{"line":107,"column":null}},{"start":{},"end":{}}],"line":107}},"s":{"0":565,"1":566,"2":533,"3":33,"4":136,"5":313,"6":2177,"7":23,"8":146,"9":1,"10":50,"11":247,"12":2,"13":245,"14":245,"15":1,"16":14,"17":14,"18":14,"19":14},"f":{"0":565,"1":566,"2":136,"3":313,"4":2177,"5":23,"6":146,"7":1,"8":50,"9":247,"10":14},"b":{"0":[565,370],"1":[565,565],"2":[533,33],"3":[136],"4":[313,313],"5":[2177,265],"6":[146,1],"7":[2,245]},"meta":{"lastBranch":8,"lastFunction":11,"lastStatement":20,"seen":{"f:4:16:4:27":0,"s:13:2:20:Infinity":0,"b:17:9:17:21:17:21:18:Infinity":0,"b:19:7:19:18:19:18:20:Infinity":1,"f:24:16:24:25":1,"b:25:2:25:Infinity:undefined:undefined:undefined:undefined":2,"s:25:2:25:Infinity":1,"s:25:14:25:Infinity":2,"s:26:2:26:Infinity":3,"f:29:16:29:24":2,"b:29:34:29:68":3,"s:30:2:30:Infinity":4,"f:33:16:33:26":3,"s:42:2:55:Infinity":5,"b:49:9:49:Infinity:50:10:54:Infinity":4,"f:59:16:59:22":4,"s:68:2:73:Infinity":6,"b:72:7:72:15:72:15:72:Infinity":5,"f:77:16:77:27":5,"s:82:2:90:Infinity":7,"f:84:15:84:20":6,"s:85:8:88:Infinity":8,"b:87:15:87:26:87:26:87:34":6,"f:94:16:94:24":7,"s:95:2:98:Infinity":9,"f:102:16:102:27":8,"s:103:2:103:Infinity":10,"f:106:16:106:31":9,"b:107:2:107:Infinity:undefined:undefined:undefined:undefined":7,"s:107:2:107:Infinity":11,"s:107:12:107:Infinity":12,"s:108:2:112:Infinity":13,"s:109:4:109:Infinity":14,"s:111:4:111:Infinity":15,"f:115:16:115:26":10,"s:116:15:116:Infinity":16,"s:117:2:121:Infinity":17,"s:118:4:118:Infinity":18,"s:122:2:122:Infinity":19},"fnNames":{}}}
,"/Users/jumin/Working/temp/platform-management-service/frontend/src/pages/HomePage.tsx": {"path":"/Users/jumin/Working/temp/platform-management-service/frontend/src/pages/HomePage.tsx","statementMap":{"0":{"start":{"line":5,"column":16},"end":{"line":11,"column":null}},"1":{"start":{"line":14,"column":33},"end":{"line":14,"column":41}},"2":{"start":{"line":15,"column":26},"end":{"line":15,"column":45}},"3":{"start":{"line":17,"column":2},"end":{"line":48,"column":null}},"4":{"start":{"line":27,"column":65},"end":{"line":27,"column":100}},"5":{"start":{"line":37,"column":14},"end":{"line":40,"column":null}}},"fnMap":{"0":{"name":"HomePage","decl":{"start":{"line":13,"column":16},"end":{"line":13,"column":27}},"loc":{"start":{"line":13,"column":27},"end":{"line":50,"column":null}},"line":13},"1":{"name":"(anonymous_1)","decl":{"start":{"line":27,"column":50},"end":{"line":27,"column":65}},"loc":{"start":{"line":27,"column":65},"end":{"line":27,"column":100}},"line":27},"2":{"name":"(anonymous_2)","decl":{"start":{"line":36,"column":21},"end":{"line":36,"column":26}},"loc":{"start":{"line":37,"column":14},"end":{"line":40,"column":null}},"line":37}},"branchMap":{"0":{"loc":{"start":{"line":26,"column":7},"end":{"line":46,"column":null}},"type":"cond-expr","locations":[{"start":{"line":27,"column":8},"end":{"line":31,"column":9}},{"start":{"line":31,"column":8},"end":{"line":46,"column":null}}],"line":26},"1":{"loc":{"start":{"line":33,"column":34},"end":{"line":33,"column":85}},"type":"binary-expr","locations":[{"start":{"line":33,"column":34},"end":{"line":33,"column":59}},{"start":{"line":33,"column":59},"end":{"line":33,"column":85}}],"line":33}},"s":{"0":1,"1":2,"2":2,"3":2,"4":1,"5":5},"f":{"0":2,"1":1,"2":5},"b":{"0":[1,1],"1":[1,0]},"meta":{"lastBranch":2,"lastFunction":3,"lastStatement":6,"seen":{"s:5:16:11:Infinity":0,"f:13:16:13:27":0,"s:14:33:14:41":1,"s:15:26:15:45":2,"s:17:2:48:Infinity":3,"b:27:8:31:9:31:8:46:Infinity":0,"f:27:50:27:65":1,"s:27:65:27:100":4,"b:33:34:33:59:33:59:33:85":1,"f:36:21:36:26":2,"s:37:14:40:Infinity":5},"fnNames":{}}}
,"/Users/jumin/Working/temp/platform-management-service/frontend/src/pages/MePage.tsx": {"path":"/Users/jumin/Working/temp/platform-management-service/frontend/src/pages/MePage.tsx","statementMap":{"0":{"start":{"line":8,"column":26},"end":{"line":8,"column":null}},"1":{"start":{"line":9,"column":28},"end":{"line":9,"column":null}},"2":{"start":{"line":10,"column":2},"end":{"line":14,"column":null}},"3":{"start":{"line":11,"column":4},"end":{"line":13,"column":null}},"4":{"start":{"line":13,"column":27},"end":{"line":13,"column":46}},"5":{"start":{"line":15,"column":2},"end":{"line":29,"column":null}}},"fnMap":{"0":{"name":"MePage","decl":{"start":{"line":7,"column":16},"end":{"line":7,"column":25}},"loc":{"start":{"line":7,"column":25},"end":{"line":31,"column":null}},"line":7},"1":{"name":"(anonymous_1)","decl":{"start":{"line":10,"column":2},"end":{"line":10,"column":18}},"loc":{"start":{"line":10,"column":18},"end":{"line":14,"column":5}},"line":10},"2":{"name":"(anonymous_2)","decl":{"start":{"line":13,"column":7},"end":{"line":13,"column":14}},"loc":{"start":{"line":13,"column":27},"end":{"line":13,"column":46}},"line":13}},"branchMap":{"0":{"loc":{"start":{"line":27,"column":7},"end":{"line":27,"column":null}},"type":"binary-expr","locations":[{"start":{"line":27,"column":7},"end":{"line":27,"column":16}},{"start":{"line":27,"column":16},"end":{"line":27,"column":26}},{"start":{"line":27,"column":26},"end":{"line":27,"column":null}}],"line":27},"1":{"loc":{"start":{"line":28,"column":7},"end":{"line":28,"column":null}},"type":"binary-expr","locations":[{"start":{"line":28,"column":7},"end":{"line":28,"column":15}},{"start":{"line":28,"column":15},"end":{"line":28,"column":null}}],"line":28}},"s":{"0":4,"1":4,"2":4,"3":2,"4":1,"5":4},"f":{"0":4,"1":2,"2":1},"b":{"0":[4,3,2],"1":[4,1]},"meta":{"lastBranch":2,"lastFunction":3,"lastStatement":6,"seen":{"f:7:16:7:25":0,"s:8:26:8:Infinity":0,"s:9:28:9:Infinity":1,"s:10:2:14:Infinity":2,"f:10:2:10:18":1,"s:11:4:13:Infinity":3,"f:13:7:13:14":2,"s:13:27:13:46":4,"s:15:2:29:Infinity":5,"b:27:7:27:16:27:16:27:26:27:26:27:Infinity":0,"b:28:7:28:15:28:15:28:Infinity":1},"fnNames":{}}}
,"/Users/jumin/Working/temp/platform-management-service/frontend/src/pages/callerIdentities/CallerIdentityDetailPage.tsx": {"path":"/Users/jumin/Working/temp/platform-management-service/frontend/src/pages/callerIdentities/CallerIdentityDetailPage.tsx","statementMap":{"0":{"start":{"line":8,"column":22},"end":{"line":8,"column":32}},"1":{"start":{"line":9,"column":19},"end":{"line":9,"column":31}},"2":{"start":{"line":10,"column":26},"end":{"line":10,"column":null}},"3":{"start":{"line":11,"column":28},"end":{"line":11,"column":null}},"4":{"start":{"line":13,"column":2},"end":{"line":17,"column":null}},"5":{"start":{"line":14,"column":4},"end":{"line":16,"column":null}},"6":{"start":{"line":16,"column":27},"end":{"line":16,"column":46}},"7":{"start":{"line":20,"column":4},"end":{"line":20,"column":null}},"8":{"start":{"line":20,"column":50},"end":{"line":20,"column":null}},"9":{"start":{"line":21,"column":4},"end":{"line":26,"column":null}},"10":{"start":{"line":22,"column":6},"end":{"line":22,"column":null}},"11":{"start":{"line":23,"column":6},"end":{"line":23,"column":null}},"12":{"start":{"line":25,"column":6},"end":{"line":25,"column":null}},"13":{"start":{"line":29,"column":2},"end":{"line":68,"column":null}},"14":{"start":{"line":41,"column":49},"end":{"line":41,"column":66}}},"fnMap":{"0":{"name":"CallerIdentityDetailPage","decl":{"start":{"line":7,"column":16},"end":{"line":7,"column":43}},"loc":{"start":{"line":7,"column":43},"end":{"line":70,"column":null}},"line":7},"1":{"name":"(anonymous_1)","decl":{"start":{"line":13,"column":2},"end":{"line":13,"column":18}},"loc":{"start":{"line":13,"column":18},"end":{"line":17,"column":5}},"line":13},"2":{"name":"(anonymous_2)","decl":{"start":{"line":16,"column":7},"end":{"line":16,"column":14}},"loc":{"start":{"line":16,"column":27},"end":{"line":16,"column":46}},"line":16},"3":{"name":"onDelete","decl":{"start":{"line":19,"column":17},"end":{"line":19,"column":28}},"loc":{"start":{"line":19,"column":28},"end":{"line":27,"column":null}},"line":19},"4":{"name":"(anonymous_4)","decl":{"start":{"line":41,"column":34},"end":{"line":41,"column":49}},"loc":{"start":{"line":41,"column":49},"end":{"line":41,"column":66}},"line":41}},"branchMap":{"0":{"loc":{"start":{"line":8,"column":10},"end":{"line":8,"column":22}},"type":"default-arg","locations":[{"start":{"line":8,"column":15},"end":{"line":8,"column":22}}],"line":8},"1":{"loc":{"start":{"line":20,"column":4},"end":{"line":20,"column":null}},"type":"if","locations":[{"start":{"line":20,"column":4},"end":{"line":20,"column":null}},{"start":{},"end":{}}],"line":20},"2":{"loc":{"start":{"line":48,"column":7},"end":{"line":48,"column":null}},"type":"binary-expr","locations":[{"start":{"line":48,"column":7},"end":{"line":48,"column":16}},{"start":{"line":48,"column":16},"end":{"line":48,"column":26}},{"start":{"line":48,"column":26},"end":{"line":48,"column":null}}],"line":48},"3":{"loc":{"start":{"line":49,"column":7},"end":{"line":66,"column":null}},"type":"binary-expr","locations":[{"start":{"line":49,"column":7},"end":{"line":49,"column":null}},{"start":{"line":50,"column":8},"end":{"line":66,"column":null}}],"line":49}},"s":{"0":11,"1":11,"2":11,"3":11,"4":11,"5":5,"6":1,"7":3,"8":1,"9":2,"10":2,"11":1,"12":1,"13":11,"14":3},"f":{"0":11,"1":5,"2":1,"3":3,"4":3},"b":{"0":[11],"1":[1,2],"2":[11,6,5],"3":[11,5]},"meta":{"lastBranch":4,"lastFunction":5,"lastStatement":15,"seen":{"f:7:16:7:43":0,"s:8:22:8:32":0,"b:8:15:8:22":0,"s:9:19:9:31":1,"s:10:26:10:Infinity":2,"s:11:28:11:Infinity":3,"s:13:2:17:Infinity":4,"f:13:2:13:18":1,"s:14:4:16:Infinity":5,"f:16:7:16:14":2,"s:16:27:16:46":6,"f:19:17:19:28":3,"b:20:4:20:Infinity:undefined:undefined:undefined:undefined":1,"s:20:4:20:Infinity":7,"s:20:50:20:Infinity":8,"s:21:4:26:Infinity":9,"s:22:6:22:Infinity":10,"s:23:6:23:Infinity":11,"s:25:6:25:Infinity":12,"s:29:2:68:Infinity":13,"f:41:34:41:49":4,"s:41:49:41:66":14,"b:48:7:48:16:48:16:48:26:48:26:48:Infinity":2,"b:49:7:49:Infinity:50:8:66:Infinity":3},"fnNames":{}}}
,"/Users/jumin/Working/temp/platform-management-service/frontend/src/pages/callerIdentities/CallerIdentityFormPage.tsx": {"path":"/Users/jumin/Working/temp/platform-management-service/frontend/src/pages/callerIdentities/CallerIdentityFormPage.tsx","statementMap":{"0":{"start":{"line":14,"column":17},"end":{"line":14,"column":27}},"1":{"start":{"line":15,"column":17},"end":{"line":15,"column":null}},"2":{"start":{"line":16,"column":19},"end":{"line":16,"column":31}},"3":{"start":{"line":18,"column":42},"end":{"line":18,"column":null}},"4":{"start":{"line":19,"column":44},"end":{"line":19,"column":null}},"5":{"start":{"line":20,"column":46},"end":{"line":20,"column":null}},"6":{"start":{"line":21,"column":30},"end":{"line":21,"column":null}},"7":{"start":{"line":22,"column":28},"end":{"line":22,"column":null}},"8":{"start":{"line":23,"column":32},"end":{"line":23,"column":null}},"9":{"start":{"line":25,"column":2},"end":{"line":42,"column":null}},"10":{"start":{"line":26,"column":4},"end":{"line":28,"column":null}},"11":{"start":{"line":28,"column":27},"end":{"line":28,"column":46}},"12":{"start":{"line":30,"column":4},"end":{"line":33,"column":null}},"13":{"start":{"line":31,"column":6},"end":{"line":31,"column":null}},"14":{"start":{"line":32,"column":6},"end":{"line":32,"column":null}},"15":{"start":{"line":34,"column":4},"end":{"line":41,"column":null}},"16":{"start":{"line":36,"column":8},"end":{"line":36,"column":null}},"17":{"start":{"line":37,"column":8},"end":{"line":37,"column":null}},"18":{"start":{"line":38,"column":8},"end":{"line":38,"column":null}},"19":{"start":{"line":40,"column":27},"end":{"line":40,"column":46}},"20":{"start":{"line":41,"column":21},"end":{"line":41,"column":38}},"21":{"start":{"line":45,"column":4},"end":{"line":45,"column":null}},"22":{"start":{"line":46,"column":4},"end":{"line":46,"column":null}},"23":{"start":{"line":47,"column":4},"end":{"line":61,"column":null}},"24":{"start":{"line":48,"column":6},"end":{"line":58,"column":null}},"25":{"start":{"line":49,"column":8},"end":{"line":49,"column":null}},"26":{"start":{"line":50,"column":8},"end":{"line":50,"column":null}},"27":{"start":{"line":52,"column":24},"end":{"line":56,"column":null}},"28":{"start":{"line":57,"column":8},"end":{"line":57,"column":null}},"29":{"start":{"line":60,"column":6},"end":{"line":60,"column":null}},"30":{"start":{"line":64,"column":2},"end":{"line":70,"column":null}},"31":{"start":{"line":65,"column":4},"end":{"line":68,"column":null}},"32":{"start":{"line":72,"column":2},"end":{"line":120,"column":null}},"33":{"start":{"line":84,"column":46},"end":{"line":84,"column":null}},"34":{"start":{"line":90,"column":29},"end":{"line":90,"column":null}},"35":{"start":{"line":94,"column":14},"end":{"line":96,"column":null}},"36":{"start":{"line":106,"column":29},"end":{"line":106,"column":null}},"37":{"start":{"line":110,"column":50},"end":{"line":110,"column":null}}},"fnMap":{"0":{"name":"CallerIdentityFormPage","decl":{"start":{"line":13,"column":16},"end":{"line":13,"column":41}},"loc":{"start":{"line":13,"column":41},"end":{"line":122,"column":null}},"line":13},"1":{"name":"(anonymous_1)","decl":{"start":{"line":25,"column":2},"end":{"line":25,"column":18}},"loc":{"start":{"line":25,"column":18},"end":{"line":42,"column":5}},"line":25},"2":{"name":"(anonymous_2)","decl":{"start":{"line":28,"column":7},"end":{"line":28,"column":14}},"loc":{"start":{"line":28,"column":27},"end":{"line":28,"column":46}},"line":28},"3":{"name":"(anonymous_3)","decl":{"start":{"line":35,"column":7},"end":{"line":35,"column":13}},"loc":{"start":{"line":35,"column":19},"end":{"line":39,"column":7}},"line":35},"4":{"name":"(anonymous_4)","decl":{"start":{"line":40,"column":7},"end":{"line":40,"column":14}},"loc":{"start":{"line":40,"column":27},"end":{"line":40,"column":46}},"line":40},"5":{"name":"(anonymous_5)","decl":{"start":{"line":41,"column":7},"end":{"line":41,"column":21}},"loc":{"start":{"line":41,"column":21},"end":{"line":41,"column":38}},"line":41},"6":{"name":"onSubmit","decl":{"start":{"line":44,"column":17},"end":{"line":44,"column":26}},"loc":{"start":{"line":44,"column":40},"end":{"line":62,"column":null}},"line":44},"7":{"name":"(anonymous_7)","decl":{"start":{"line":84,"column":29},"end":{"line":84,"column":40}},"loc":{"start":{"line":84,"column":46},"end":{"line":84,"column":null}},"line":84},"8":{"name":"(anonymous_8)","decl":{"start":{"line":90,"column":12},"end":{"line":90,"column":23}},"loc":{"start":{"line":90,"column":29},"end":{"line":90,"column":null}},"line":90},"9":{"name":"(anonymous_9)","decl":{"start":{"line":93,"column":26},"end":{"line":93,"column":31}},"loc":{"start":{"line":94,"column":14},"end":{"line":96,"column":null}},"line":94},"10":{"name":"(anonymous_10)","decl":{"start":{"line":106,"column":12},"end":{"line":106,"column":23}},"loc":{"start":{"line":106,"column":29},"end":{"line":106,"column":null}},"line":106},"11":{"name":"(anonymous_11)","decl":{"start":{"line":110,"column":33},"end":{"line":110,"column":44}},"loc":{"start":{"line":110,"column":50},"end":{"line":110,"column":null}},"line":110}},"branchMap":{"0":{"loc":{"start":{"line":30,"column":4},"end":{"line":33,"column":null}},"type":"if","locations":[{"start":{"line":30,"column":4},"end":{"line":33,"column":null}},{"start":{},"end":{}}],"line":30},"1":{"loc":{"start":{"line":48,"column":6},"end":{"line":58,"column":null}},"type":"if","locations":[{"start":{"line":48,"column":6},"end":{"line":58,"column":null}},{"start":{"line":51,"column":13},"end":{"line":58,"column":null}}],"line":48},"2":{"loc":{"start":{"line":48,"column":10},"end":{"line":48,"column":24}},"type":"binary-expr","locations":[{"start":{"line":48,"column":10},"end":{"line":48,"column":20}},{"start":{"line":48,"column":20},"end":{"line":48,"column":24}}],"line":48},"3":{"loc":{"start":{"line":64,"column":2},"end":{"line":70,"column":null}},"type":"if","locations":[{"start":{"line":64,"column":2},"end":{"line":70,"column":null}},{"start":{},"end":{}}],"line":64},"4":{"loc":{"start":{"line":75,"column":15},"end":{"line":75,"column":null}},"type":"cond-expr","locations":[{"start":{"line":75,"column":24},"end":{"line":75,"column":49}},{"start":{"line":75,"column":49},"end":{"line":75,"column":null}}],"line":75},"5":{"loc":{"start":{"line":76,"column":18},"end":{"line":76,"column":null}},"type":"cond-expr","locations":[{"start":{"line":76,"column":27},"end":{"line":76,"column":71}},{"start":{"line":76,"column":71},"end":{"line":76,"column":null}}],"line":76},"6":{"loc":{"start":{"line":78,"column":39},"end":{"line":78,"column":105}},"type":"cond-expr","locations":[{"start":{"line":78,"column":54},"end":{"line":78,"column":83}},{"start":{"line":78,"column":83},"end":{"line":78,"column":105}}],"line":78},"7":{"loc":{"start":{"line":78,"column":39},"end":{"line":78,"column":54}},"type":"binary-expr","locations":[{"start":{"line":78,"column":39},"end":{"line":78,"column":49}},{"start":{"line":78,"column":49},"end":{"line":78,"column":54}}],"line":78},"8":{"loc":{"start":{"line":117,"column":11},"end":{"line":117,"column":null}},"type":"cond-expr","locations":[{"start":{"line":117,"column":20},"end":{"line":117,"column":36}},{"start":{"line":117,"column":36},"end":{"line":117,"column":null}}],"line":117}},"s":{"0":52,"1":52,"2":52,"3":52,"4":52,"5":52,"6":52,"7":52,"8":52,"9":52,"10":5,"11":1,"12":5,"13":3,"14":3,"15":2,"16":1,"17":1,"18":1,"19":1,"20":2,"21":3,"22":3,"23":3,"24":3,"25":1,"26":1,"27":2,"28":1,"29":1,"30":52,"31":5,"32":47,"33":3,"34":2,"35":43,"36":32,"37":1},"f":{"0":52,"1":5,"2":1,"3":1,"4":1,"5":2,"6":3,"7":3,"8":2,"9":43,"10":32,"11":1},"b":{"0":[3,2],"1":[1,2],"2":[3,1],"3":[5,47],"4":[4,43],"5":[4,43],"6":[4,43],"7":[52,4],"8":[4,43]},"meta":{"lastBranch":9,"lastFunction":12,"lastStatement":38,"seen":{"f:13:16:13:41":0,"s:14:17:14:27":0,"s:15:17:15:Infinity":1,"s:16:19:16:31":2,"s:18:42:18:Infinity":3,"s:19:44:19:Infinity":4,"s:20:46:20:Infinity":5,"s:21:30:21:Infinity":6,"s:22:28:22:Infinity":7,"s:23:32:23:Infinity":8,"s:25:2:42:Infinity":9,"f:25:2:25:18":1,"s:26:4:28:Infinity":10,"f:28:7:28:14":2,"s:28:27:28:46":11,"b:30:4:33:Infinity:undefined:undefined:undefined:undefined":0,"s:30:4:33:Infinity":12,"s:31:6:31:Infinity":13,"s:32:6:32:Infinity":14,"s:34:4:41:Infinity":15,"f:35:7:35:13":3,"s:36:8:36:Infinity":16,"s:37:8:37:Infinity":17,"s:38:8:38:Infinity":18,"f:40:7:40:14":4,"s:40:27:40:46":19,"f:41:7:41:21":5,"s:41:21:41:38":20,"f:44:17:44:26":6,"s:45:4:45:Infinity":21,"s:46:4:46:Infinity":22,"s:47:4:61:Infinity":23,"b:48:6:58:Infinity:51:13:58:Infinity":1,"s:48:6:58:Infinity":24,"b:48:10:48:20:48:20:48:24":2,"s:49:8:49:Infinity":25,"s:50:8:50:Infinity":26,"s:52:24:56:Infinity":27,"s:57:8:57:Infinity":28,"s:60:6:60:Infinity":29,"b:64:2:70:Infinity:undefined:undefined:undefined:undefined":3,"s:64:2:70:Infinity":30,"s:65:4:68:Infinity":31,"s:72:2:120:Infinity":32,"b:75:24:75:49:75:49:75:Infinity":4,"b:76:27:76:71:76:71:76:Infinity":5,"b:78:54:78:83:78:83:78:105":6,"b:78:39:78:49:78:49:78:54":7,"f:84:29:84:40":7,"s:84:46:84:Infinity":33,"f:90:12:90:23":8,"s:90:29:90:Infinity":34,"f:93:26:93:31":9,"s:94:14:96:Infinity":35,"f:106:12:106:23":10,"s:106:29:106:Infinity":36,"f:110:33:110:44":11,"s:110:50:110:Infinity":37,"b:117:20:117:36:117:36:117:Infinity":8},"fnNames":{}}}
,"/Users/jumin/Working/temp/platform-management-service/frontend/src/pages/callerIdentities/CallerIdentityListPage.tsx": {"path":"/Users/jumin/Working/temp/platform-management-service/frontend/src/pages/callerIdentities/CallerIdentityListPage.tsx","statementMap":{"0":{"start":{"line":9,"column":28},"end":{"line":9,"column":null}},"1":{"start":{"line":10,"column":44},"end":{"line":10,"column":null}},"2":{"start":{"line":11,"column":30},"end":{"line":11,"column":null}},"3":{"start":{"line":12,"column":20},"end":{"line":12,"column":null}},"4":{"start":{"line":13,"column":28},"end":{"line":13,"column":null}},"5":{"start":{"line":14,"column":32},"end":{"line":14,"column":null}},"6":{"start":{"line":16,"column":15},"end":{"line":30,"column":null}},"7":{"start":{"line":17,"column":4},"end":{"line":17,"column":null}},"8":{"start":{"line":18,"column":4},"end":{"line":18,"column":null}},"9":{"start":{"line":19,"column":4},"end":{"line":29,"column":null}},"10":{"start":{"line":20,"column":19},"end":{"line":23,"column":null}},"11":{"start":{"line":24,"column":6},"end":{"line":24,"column":null}},"12":{"start":{"line":26,"column":6},"end":{"line":26,"column":null}},"13":{"start":{"line":28,"column":6},"end":{"line":28,"column":null}},"14":{"start":{"line":32,"column":2},"end":{"line":34,"column":null}},"15":{"start":{"line":33,"column":4},"end":{"line":33,"column":null}},"16":{"start":{"line":36,"column":19},"end":{"line":45,"column":null}},"17":{"start":{"line":37,"column":4},"end":{"line":37,"column":null}},"18":{"start":{"line":37,"column":19},"end":{"line":37,"column":null}},"19":{"start":{"line":38,"column":14},"end":{"line":38,"column":null}},"20":{"start":{"line":39,"column":4},"end":{"line":43,"column":null}},"21":{"start":{"line":48,"column":4},"end":{"line":48,"column":null}},"22":{"start":{"line":48,"column":50},"end":{"line":48,"column":null}},"23":{"start":{"line":49,"column":4},"end":{"line":54,"column":null}},"24":{"start":{"line":50,"column":6},"end":{"line":50,"column":null}},"25":{"start":{"line":51,"column":6},"end":{"line":51,"column":null}},"26":{"start":{"line":53,"column":6},"end":{"line":53,"column":null}},"27":{"start":{"line":57,"column":2},"end":{"line":141,"column":null}},"28":{"start":{"line":71,"column":10},"end":{"line":71,"column":null}},"29":{"start":{"line":72,"column":10},"end":{"line":72,"column":null}},"30":{"start":{"line":75,"column":10},"end":{"line":75,"column":null}},"31":{"start":{"line":76,"column":10},"end":{"line":76,"column":null}},"32":{"start":{"line":77,"column":10},"end":{"line":77,"column":null}},"33":{"start":{"line":81,"column":56},"end":{"line":81,"column":90}},"34":{"start":{"line":84,"column":50},"end":{"line":84,"column":null}},"35":{"start":{"line":92,"column":44},"end":{"line":92,"column":67}},"36":{"start":{"line":112,"column":14},"end":{"line":136,"column":null}},"37":{"start":{"line":132,"column":55},"end":{"line":132,"column":76}}},"fnMap":{"0":{"name":"CallerIdentityListPage","decl":{"start":{"line":8,"column":16},"end":{"line":8,"column":41}},"loc":{"start":{"line":8,"column":41},"end":{"line":143,"column":null}},"line":8},"1":{"name":"(anonymous_1)","decl":{"start":{"line":16,"column":27},"end":{"line":16,"column":39}},"loc":{"start":{"line":16,"column":39},"end":{"line":30,"column":5}},"line":16},"2":{"name":"(anonymous_2)","decl":{"start":{"line":32,"column":2},"end":{"line":32,"column":18}},"loc":{"start":{"line":32,"column":18},"end":{"line":34,"column":5}},"line":32},"3":{"name":"(anonymous_3)","decl":{"start":{"line":36,"column":25},"end":{"line":36,"column":33}},"loc":{"start":{"line":36,"column":39},"end":{"line":45,"column":3}},"line":36},"4":{"name":"onDelete","decl":{"start":{"line":47,"column":17},"end":{"line":47,"column":26}},"loc":{"start":{"line":47,"column":41},"end":{"line":55,"column":null}},"line":47},"5":{"name":"(anonymous_5)","decl":{"start":{"line":70,"column":8},"end":{"line":70,"column":19}},"loc":{"start":{"line":70,"column":36},"end":{"line":73,"column":null}},"line":70},"6":{"name":"(anonymous_6)","decl":{"start":{"line":74,"column":8},"end":{"line":74,"column":23}},"loc":{"start":{"line":74,"column":23},"end":{"line":78,"column":null}},"line":74},"7":{"name":"(anonymous_7)","decl":{"start":{"line":81,"column":39},"end":{"line":81,"column":50}},"loc":{"start":{"line":81,"column":56},"end":{"line":81,"column":90}},"line":81},"8":{"name":"(anonymous_8)","decl":{"start":{"line":84,"column":33},"end":{"line":84,"column":44}},"loc":{"start":{"line":84,"column":50},"end":{"line":84,"column":null}},"line":84},"9":{"name":"(anonymous_9)","decl":{"start":{"line":92,"column":27},"end":{"line":92,"column":38}},"loc":{"start":{"line":92,"column":44},"end":{"line":92,"column":67}},"line":92},"10":{"name":"(anonymous_10)","decl":{"start":{"line":111,"column":22},"end":{"line":111,"column":27}},"loc":{"start":{"line":112,"column":14},"end":{"line":136,"column":null}},"line":112},"11":{"name":"(anonymous_11)","decl":{"start":{"line":132,"column":40},"end":{"line":132,"column":55}},"loc":{"start":{"line":132,"column":55},"end":{"line":132,"column":76}},"line":132}},"branchMap":{"0":{"loc":{"start":{"line":21,"column":23},"end":{"line":21,"column":null}},"type":"binary-expr","locations":[{"start":{"line":21,"column":23},"end":{"line":21,"column":40}},{"start":{"line":21,"column":40},"end":{"line":21,"column":null}}],"line":21},"1":{"loc":{"start":{"line":22,"column":16},"end":{"line":22,"column":null}},"type":"binary-expr","locations":[{"start":{"line":22,"column":16},"end":{"line":22,"column":26}},{"start":{"line":22,"column":26},"end":{"line":22,"column":null}}],"line":22},"2":{"loc":{"start":{"line":37,"column":4},"end":{"line":37,"column":null}},"type":"if","locations":[{"start":{"line":37,"column":4},"end":{"line":37,"column":null}},{"start":{},"end":{}}],"line":37},"3":{"loc":{"start":{"line":40,"column":6},"end":{"line":43,"column":null}},"type":"binary-expr","locations":[{"start":{"line":40,"column":6},"end":{"line":40,"column":null}},{"start":{"line":41,"column":6},"end":{"line":41,"column":null}},{"start":{"line":42,"column":6},"end":{"line":42,"column":null}},{"start":{"line":43,"column":6},"end":{"line":43,"column":null}}],"line":40},"4":{"loc":{"start":{"line":48,"column":4},"end":{"line":48,"column":null}},"type":"if","locations":[{"start":{"line":48,"column":4},"end":{"line":48,"column":null}},{"start":{},"end":{}}],"line":48},"5":{"loc":{"start":{"line":97,"column":7},"end":{"line":97,"column":null}},"type":"binary-expr","locations":[{"start":{"line":97,"column":7},"end":{"line":97,"column":18}},{"start":{"line":97,"column":18},"end":{"line":97,"column":null}}],"line":97},"6":{"loc":{"start":{"line":98,"column":7},"end":{"line":98,"column":null}},"type":"binary-expr","locations":[{"start":{"line":98,"column":7},"end":{"line":98,"column":19}},{"start":{"line":98,"column":19},"end":{"line":98,"column":44}},{"start":{"line":98,"column":44},"end":{"line":98,"column":null}}],"line":98},"7":{"loc":{"start":{"line":99,"column":7},"end":{"line":139,"column":null}},"type":"binary-expr","locations":[{"start":{"line":99,"column":7},"end":{"line":99,"column":19}},{"start":{"line":99,"column":19},"end":{"line":99,"column":null}},{"start":{"line":100,"column":8},"end":{"line":139,"column":null}}],"line":99}},"s":{"0":87,"1":87,"2":87,"3":87,"4":87,"5":87,"6":87,"7":28,"8":28,"9":28,"10":28,"11":27,"12":1,"13":28,"14":87,"15":26,"16":87,"17":79,"18":67,"19":12,"20":12,"21":2,"22":0,"23":2,"24":2,"25":1,"26":1,"27":87,"28":1,"29":1,"30":1,"31":1,"32":1,"33":18,"34":0,"35":12,"36":47,"37":2},"f":{"0":87,"1":28,"2":26,"3":79,"4":2,"5":1,"6":1,"7":18,"8":0,"9":12,"10":47,"11":2},"b":{"0":[28,9],"1":[28,28],"2":[67,12],"3":[12,12,12,12],"4":[0,2],"5":[87,27],"6":[87,60,13],"7":[87,60,47]},"meta":{"lastBranch":8,"lastFunction":12,"lastStatement":38,"seen":{"f:8:16:8:41":0,"s:9:28:9:Infinity":0,"s:10:44:10:Infinity":1,"s:11:30:11:Infinity":2,"s:12:20:12:Infinity":3,"s:13:28:13:Infinity":4,"s:14:32:14:Infinity":5,"s:16:15:30:Infinity":6,"f:16:27:16:39":1,"s:17:4:17:Infinity":7,"s:18:4:18:Infinity":8,"s:19:4:29:Infinity":9,"s:20:19:23:Infinity":10,"b:21:23:21:40:21:40:21:Infinity":0,"b:22:16:22:26:22:26:22:Infinity":1,"s:24:6:24:Infinity":11,"s:26:6:26:Infinity":12,"s:28:6:28:Infinity":13,"s:32:2:34:Infinity":14,"f:32:2:32:18":2,"s:33:4:33:Infinity":15,"s:36:19:45:Infinity":16,"f:36:25:36:33":3,"b:37:4:37:Infinity:undefined:undefined:undefined:undefined":2,"s:37:4:37:Infinity":17,"s:37:19:37:Infinity":18,"s:38:14:38:Infinity":19,"s:39:4:43:Infinity":20,"b:40:6:40:Infinity:41:6:41:Infinity:42:6:42:Infinity:43:6:43:Infinity":3,"f:47:17:47:26":4,"b:48:4:48:Infinity:undefined:undefined:undefined:undefined":4,"s:48:4:48:Infinity":21,"s:48:50:48:Infinity":22,"s:49:4:54:Infinity":23,"s:50:6:50:Infinity":24,"s:51:6:51:Infinity":25,"s:53:6:53:Infinity":26,"s:57:2:141:Infinity":27,"f:70:8:70:19":5,"s:71:10:71:Infinity":28,"s:72:10:72:Infinity":29,"f:74:8:74:23":6,"s:75:10:75:Infinity":30,"s:76:10:76:Infinity":31,"s:77:10:77:Infinity":32,"f:81:39:81:50":7,"s:81:56:81:90":33,"f:84:33:84:44":8,"s:84:50:84:Infinity":34,"f:92:27:92:38":9,"s:92:44:92:67":35,"b:97:7:97:18:97:18:97:Infinity":5,"b:98:7:98:19:98:19:98:44:98:44:98:Infinity":6,"b:99:7:99:19:99:19:99:Infinity:100:8:139:Infinity":7,"f:111:22:111:27":10,"s:112:14:136:Infinity":36,"f:132:40:132:55":11,"s:132:55:132:76":37},"fnNames":{}}}
,"/Users/jumin/Working/temp/platform-management-service/frontend/src/pages/consumptions/ConsumptionDetailPage.tsx": {"path":"/Users/jumin/Working/temp/platform-management-service/frontend/src/pages/consumptions/ConsumptionDetailPage.tsx","statementMap":{"0":{"start":{"line":8,"column":22},"end":{"line":8,"column":32}},"1":{"start":{"line":9,"column":19},"end":{"line":9,"column":31}},"2":{"start":{"line":10,"column":26},"end":{"line":10,"column":null}},"3":{"start":{"line":11,"column":28},"end":{"line":11,"column":null}},"4":{"start":{"line":13,"column":2},"end":{"line":17,"column":null}},"5":{"start":{"line":14,"column":4},"end":{"line":16,"column":null}},"6":{"start":{"line":16,"column":27},"end":{"line":16,"column":46}},"7":{"start":{"line":20,"column":4},"end":{"line":20,"column":null}},"8":{"start":{"line":20,"column":53},"end":{"line":20,"column":null}},"9":{"start":{"line":21,"column":4},"end":{"line":26,"column":null}},"10":{"start":{"line":22,"column":6},"end":{"line":22,"column":null}},"11":{"start":{"line":23,"column":6},"end":{"line":23,"column":null}},"12":{"start":{"line":25,"column":6},"end":{"line":25,"column":null}},"13":{"start":{"line":29,"column":2},"end":{"line":83,"column":null}},"14":{"start":{"line":39,"column":49},"end":{"line":39,"column":66}}},"fnMap":{"0":{"name":"ConsumptionDetailPage","decl":{"start":{"line":7,"column":16},"end":{"line":7,"column":40}},"loc":{"start":{"line":7,"column":40},"end":{"line":85,"column":null}},"line":7},"1":{"name":"(anonymous_1)","decl":{"start":{"line":13,"column":2},"end":{"line":13,"column":18}},"loc":{"start":{"line":13,"column":18},"end":{"line":17,"column":5}},"line":13},"2":{"name":"(anonymous_2)","decl":{"start":{"line":16,"column":7},"end":{"line":16,"column":14}},"loc":{"start":{"line":16,"column":27},"end":{"line":16,"column":46}},"line":16},"3":{"name":"onDelete","decl":{"start":{"line":19,"column":17},"end":{"line":19,"column":28}},"loc":{"start":{"line":19,"column":28},"end":{"line":27,"column":null}},"line":19},"4":{"name":"(anonymous_4)","decl":{"start":{"line":39,"column":34},"end":{"line":39,"column":49}},"loc":{"start":{"line":39,"column":49},"end":{"line":39,"column":66}},"line":39}},"branchMap":{"0":{"loc":{"start":{"line":8,"column":10},"end":{"line":8,"column":22}},"type":"default-arg","locations":[{"start":{"line":8,"column":15},"end":{"line":8,"column":22}}],"line":8},"1":{"loc":{"start":{"line":20,"column":4},"end":{"line":20,"column":null}},"type":"if","locations":[{"start":{"line":20,"column":4},"end":{"line":20,"column":null}},{"start":{},"end":{}}],"line":20},"2":{"loc":{"start":{"line":46,"column":7},"end":{"line":46,"column":null}},"type":"binary-expr","locations":[{"start":{"line":46,"column":7},"end":{"line":46,"column":16}},{"start":{"line":46,"column":16},"end":{"line":46,"column":26}},{"start":{"line":46,"column":26},"end":{"line":46,"column":null}}],"line":46},"3":{"loc":{"start":{"line":47,"column":7},"end":{"line":81,"column":null}},"type":"binary-expr","locations":[{"start":{"line":47,"column":7},"end":{"line":47,"column":null}},{"start":{"line":48,"column":8},"end":{"line":81,"column":null}}],"line":47}},"s":{"0":9,"1":9,"2":9,"3":9,"4":9,"5":4,"6":1,"7":2,"8":0,"9":2,"10":2,"11":1,"12":1,"13":9,"14":2},"f":{"0":9,"1":4,"2":1,"3":2,"4":2},"b":{"0":[9],"1":[0,2],"2":[9,5,4],"3":[9,4]},"meta":{"lastBranch":4,"lastFunction":5,"lastStatement":15,"seen":{"f:7:16:7:40":0,"s:8:22:8:32":0,"b:8:15:8:22":0,"s:9:19:9:31":1,"s:10:26:10:Infinity":2,"s:11:28:11:Infinity":3,"s:13:2:17:Infinity":4,"f:13:2:13:18":1,"s:14:4:16:Infinity":5,"f:16:7:16:14":2,"s:16:27:16:46":6,"f:19:17:19:28":3,"b:20:4:20:Infinity:undefined:undefined:undefined:undefined":1,"s:20:4:20:Infinity":7,"s:20:53:20:Infinity":8,"s:21:4:26:Infinity":9,"s:22:6:22:Infinity":10,"s:23:6:23:Infinity":11,"s:25:6:25:Infinity":12,"s:29:2:83:Infinity":13,"f:39:34:39:49":4,"s:39:49:39:66":14,"b:46:7:46:16:46:16:46:26:46:26:46:Infinity":2,"b:47:7:47:Infinity:48:8:81:Infinity":3},"fnNames":{}}}
,"/Users/jumin/Working/temp/platform-management-service/frontend/src/pages/consumptions/ConsumptionFormPage.tsx": {"path":"/Users/jumin/Working/temp/platform-management-service/frontend/src/pages/consumptions/ConsumptionFormPage.tsx","statementMap":{"0":{"start":{"line":9,"column":19},"end":{"line":9,"column":31}},"1":{"start":{"line":10,"column":32},"end":{"line":10,"column":null}},"2":{"start":{"line":11,"column":36},"end":{"line":11,"column":null}},"3":{"start":{"line":12,"column":72},"end":{"line":12,"column":null}},"4":{"start":{"line":13,"column":52},"end":{"line":13,"column":null}},"5":{"start":{"line":14,"column":48},"end":{"line":16,"column":null}},"6":{"start":{"line":17,"column":38},"end":{"line":17,"column":null}},"7":{"start":{"line":18,"column":28},"end":{"line":18,"column":null}},"8":{"start":{"line":19,"column":32},"end":{"line":19,"column":null}},"9":{"start":{"line":21,"column":2},"end":{"line":29,"column":null}},"10":{"start":{"line":22,"column":4},"end":{"line":28,"column":null}},"11":{"start":{"line":24,"column":8},"end":{"line":24,"column":null}},"12":{"start":{"line":25,"column":8},"end":{"line":25,"column":null}},"13":{"start":{"line":27,"column":27},"end":{"line":27,"column":46}},"14":{"start":{"line":28,"column":21},"end":{"line":28,"column":38}},"15":{"start":{"line":32,"column":4},"end":{"line":32,"column":null}},"16":{"start":{"line":33,"column":4},"end":{"line":33,"column":null}},"17":{"start":{"line":34,"column":4},"end":{"line":39,"column":null}},"18":{"start":{"line":35,"column":6},"end":{"line":35,"column":null}},"19":{"start":{"line":37,"column":6},"end":{"line":37,"column":null}},"20":{"start":{"line":38,"column":6},"end":{"line":38,"column":null}},"21":{"start":{"line":40,"column":4},"end":{"line":54,"column":null}},"22":{"start":{"line":41,"column":41},"end":{"line":41,"column":null}},"23":{"start":{"line":42,"column":6},"end":{"line":44,"column":null}},"24":{"start":{"line":43,"column":8},"end":{"line":43,"column":null}},"25":{"start":{"line":45,"column":22},"end":{"line":50,"column":null}},"26":{"start":{"line":51,"column":6},"end":{"line":51,"column":null}},"27":{"start":{"line":53,"column":6},"end":{"line":53,"column":null}},"28":{"start":{"line":57,"column":2},"end":{"line":63,"column":null}},"29":{"start":{"line":58,"column":4},"end":{"line":61,"column":null}},"30":{"start":{"line":65,"column":2},"end":{"line":118,"column":null}},"31":{"start":{"line":77,"column":46},"end":{"line":77,"column":null}},"32":{"start":{"line":82,"column":29},"end":{"line":82,"column":null}},"33":{"start":{"line":86,"column":14},"end":{"line":88,"column":null}},"34":{"start":{"line":93,"column":70},"end":{"line":93,"column":null}},"35":{"start":{"line":96,"column":14},"end":{"line":98,"column":null}},"36":{"start":{"line":103,"column":75},"end":{"line":103,"column":107}},"37":{"start":{"line":111,"column":29},"end":{"line":111,"column":null}}},"fnMap":{"0":{"name":"ConsumptionFormPage","decl":{"start":{"line":8,"column":16},"end":{"line":8,"column":38}},"loc":{"start":{"line":8,"column":38},"end":{"line":120,"column":null}},"line":8},"1":{"name":"(anonymous_1)","decl":{"start":{"line":21,"column":2},"end":{"line":21,"column":18}},"loc":{"start":{"line":21,"column":18},"end":{"line":29,"column":5}},"line":21},"2":{"name":"(anonymous_2)","decl":{"start":{"line":23,"column":7},"end":{"line":23,"column":13}},"loc":{"start":{"line":23,"column":24},"end":{"line":26,"column":7}},"line":23},"3":{"name":"(anonymous_3)","decl":{"start":{"line":27,"column":7},"end":{"line":27,"column":14}},"loc":{"start":{"line":27,"column":27},"end":{"line":27,"column":46}},"line":27},"4":{"name":"(anonymous_4)","decl":{"start":{"line":28,"column":7},"end":{"line":28,"column":21}},"loc":{"start":{"line":28,"column":21},"end":{"line":28,"column":38}},"line":28},"5":{"name":"onSubmit","decl":{"start":{"line":31,"column":17},"end":{"line":31,"column":26}},"loc":{"start":{"line":31,"column":40},"end":{"line":55,"column":null}},"line":31},"6":{"name":"(anonymous_6)","decl":{"start":{"line":77,"column":29},"end":{"line":77,"column":40}},"loc":{"start":{"line":77,"column":46},"end":{"line":77,"column":null}},"line":77},"7":{"name":"(anonymous_7)","decl":{"start":{"line":82,"column":12},"end":{"line":82,"column":23}},"loc":{"start":{"line":82,"column":29},"end":{"line":82,"column":null}},"line":82},"8":{"name":"(anonymous_8)","decl":{"start":{"line":85,"column":21},"end":{"line":85,"column":26}},"loc":{"start":{"line":86,"column":14},"end":{"line":88,"column":null}},"line":86},"9":{"name":"(anonymous_9)","decl":{"start":{"line":93,"column":53},"end":{"line":93,"column":64}},"loc":{"start":{"line":93,"column":70},"end":{"line":93,"column":null}},"line":93},"10":{"name":"(anonymous_10)","decl":{"start":{"line":95,"column":23},"end":{"line":95,"column":28}},"loc":{"start":{"line":96,"column":14},"end":{"line":98,"column":null}},"line":96},"11":{"name":"(anonymous_11)","decl":{"start":{"line":103,"column":58},"end":{"line":103,"column":69}},"loc":{"start":{"line":103,"column":75},"end":{"line":103,"column":107}},"line":103},"12":{"name":"(anonymous_12)","decl":{"start":{"line":111,"column":12},"end":{"line":111,"column":23}},"loc":{"start":{"line":111,"column":29},"end":{"line":111,"column":null}},"line":111}},"branchMap":{"0":{"loc":{"start":{"line":35,"column":17},"end":{"line":35,"column":40}},"type":"binary-expr","locations":[{"start":{"line":35,"column":17},"end":{"line":35,"column":36}},{"start":{"line":35,"column":36},"end":{"line":35,"column":40}}],"line":35},"1":{"loc":{"start":{"line":42,"column":6},"end":{"line":44,"column":null}},"type":"if","locations":[{"start":{"line":42,"column":6},"end":{"line":44,"column":null}},{"start":{},"end":{}}],"line":42},"2":{"loc":{"start":{"line":48,"column":25},"end":{"line":48,"column":null}},"type":"binary-expr","locations":[{"start":{"line":48,"column":25},"end":{"line":48,"column":51}},{"start":{"line":48,"column":51},"end":{"line":48,"column":null}}],"line":48},"3":{"loc":{"start":{"line":57,"column":2},"end":{"line":63,"column":null}},"type":"if","locations":[{"start":{"line":57,"column":2},"end":{"line":63,"column":null}},{"start":{},"end":{}}],"line":57}},"s":{"0":29,"1":29,"2":29,"3":29,"4":29,"5":29,"6":29,"7":29,"8":29,"9":29,"10":5,"11":4,"12":4,"13":1,"14":5,"15":4,"16":4,"17":4,"18":4,"19":1,"20":1,"21":3,"22":3,"23":3,"24":1,"25":3,"26":2,"27":1,"28":29,"29":5,"30":24,"31":4,"32":4,"33":23,"34":4,"35":23,"36":1,"37":5},"f":{"0":29,"1":5,"2":4,"3":1,"4":5,"5":4,"6":4,"7":4,"8":23,"9":4,"10":23,"11":1,"12":5},"b":{"0":[4,0],"1":[1,2],"2":[3,0],"3":[5,24]},"meta":{"lastBranch":4,"lastFunction":13,"lastStatement":38,"seen":{"f:8:16:8:38":0,"s:9:19:9:31":0,"s:10:32:10:Infinity":1,"s:11:36:11:Infinity":2,"s:12:72:12:Infinity":3,"s:13:52:13:Infinity":4,"s:14:48:16:Infinity":5,"s:17:38:17:Infinity":6,"s:18:28:18:Infinity":7,"s:19:32:19:Infinity":8,"s:21:2:29:Infinity":9,"f:21:2:21:18":1,"s:22:4:28:Infinity":10,"f:23:7:23:13":2,"s:24:8:24:Infinity":11,"s:25:8:25:Infinity":12,"f:27:7:27:14":3,"s:27:27:27:46":13,"f:28:7:28:21":4,"s:28:21:28:38":14,"f:31:17:31:26":5,"s:32:4:32:Infinity":15,"s:33:4:33:Infinity":16,"s:34:4:39:Infinity":17,"s:35:6:35:Infinity":18,"b:35:17:35:36:35:36:35:40":0,"s:37:6:37:Infinity":19,"s:38:6:38:Infinity":20,"s:40:4:54:Infinity":21,"s:41:41:41:Infinity":22,"b:42:6:44:Infinity:undefined:undefined:undefined:undefined":1,"s:42:6:44:Infinity":23,"s:43:8:43:Infinity":24,"s:45:22:50:Infinity":25,"b:48:25:48:51:48:51:48:Infinity":2,"s:51:6:51:Infinity":26,"s:53:6:53:Infinity":27,"b:57:2:63:Infinity:undefined:undefined:undefined:undefined":3,"s:57:2:63:Infinity":28,"s:58:4:61:Infinity":29,"s:65:2:118:Infinity":30,"f:77:29:77:40":6,"s:77:46:77:Infinity":31,"f:82:12:82:23":7,"s:82:29:82:Infinity":32,"f:85:21:85:26":8,"s:86:14:88:Infinity":33,"f:93:53:93:64":9,"s:93:70:93:Infinity":34,"f:95:23:95:28":10,"s:96:14:98:Infinity":35,"f:103:58:103:69":11,"s:103:75:103:107":36,"f:111:12:111:23":12,"s:111:29:111:Infinity":37},"fnNames":{}}}
,"/Users/jumin/Working/temp/platform-management-service/frontend/src/pages/consumptions/ConsumptionListPage.tsx": {"path":"/Users/jumin/Working/temp/platform-management-service/frontend/src/pages/consumptions/ConsumptionListPage.tsx","statementMap":{"0":{"start":{"line":9,"column":2},"end":{"line":18,"column":null}},"1":{"start":{"line":10,"column":14},"end":{"line":10,"column":null}},"2":{"start":{"line":11,"column":28},"end":{"line":11,"column":null}},"3":{"start":{"line":12,"column":4},"end":{"line":14,"column":null}},"4":{"start":{"line":13,"column":6},"end":{"line":13,"column":null}},"5":{"start":{"line":13,"column":30},"end":{"line":13,"column":null}},"6":{"start":{"line":15,"column":4},"end":{"line":15,"column":null}},"7":{"start":{"line":17,"column":4},"end":{"line":17,"column":null}},"8":{"start":{"line":22,"column":28},"end":{"line":22,"column":null}},"9":{"start":{"line":23,"column":50},"end":{"line":23,"column":null}},"10":{"start":{"line":24,"column":36},"end":{"line":24,"column":null}},"11":{"start":{"line":26,"column":72},"end":{"line":26,"column":null}},"12":{"start":{"line":27,"column":52},"end":{"line":27,"column":null}},"13":{"start":{"line":28,"column":44},"end":{"line":28,"column":null}},"14":{"start":{"line":29,"column":38},"end":{"line":29,"column":null}},"15":{"start":{"line":30,"column":30},"end":{"line":30,"column":null}},"16":{"start":{"line":31,"column":26},"end":{"line":31,"column":null}},"17":{"start":{"line":32,"column":36},"end":{"line":32,"column":null}},"18":{"start":{"line":34,"column":28},"end":{"line":34,"column":null}},"19":{"start":{"line":35,"column":32},"end":{"line":35,"column":null}},"20":{"start":{"line":37,"column":15},"end":{"line":51,"column":null}},"21":{"start":{"line":38,"column":4},"end":{"line":38,"column":null}},"22":{"start":{"line":39,"column":4},"end":{"line":39,"column":null}},"23":{"start":{"line":40,"column":4},"end":{"line":50,"column":null}},"24":{"start":{"line":41,"column":19},"end":{"line":44,"column":null}},"25":{"start":{"line":45,"column":6},"end":{"line":45,"column":null}},"26":{"start":{"line":47,"column":6},"end":{"line":47,"column":null}},"27":{"start":{"line":49,"column":6},"end":{"line":49,"column":null}},"28":{"start":{"line":53,"column":2},"end":{"line":61,"column":null}},"29":{"start":{"line":54,"column":4},"end":{"line":54,"column":null}},"30":{"start":{"line":55,"column":4},"end":{"line":57,"column":null}},"31":{"start":{"line":57,"column":19},"end":{"line":57,"column":28}},"32":{"start":{"line":58,"column":4},"end":{"line":60,"column":null}},"33":{"start":{"line":60,"column":19},"end":{"line":60,"column":28}},"34":{"start":{"line":63,"column":19},"end":{"line":95,"column":null}},"35":{"start":{"line":64,"column":4},"end":{"line":94,"column":null}},"36":{"start":{"line":65,"column":6},"end":{"line":65,"column":null}},"37":{"start":{"line":65,"column":62},"end":{"line":65,"column":null}},"38":{"start":{"line":66,"column":6},"end":{"line":74,"column":null}},"39":{"start":{"line":67,"column":18},"end":{"line":67,"column":null}},"40":{"start":{"line":68,"column":8},"end":{"line":73,"column":null}},"41":{"start":{"line":72,"column":10},"end":{"line":72,"column":null}},"42":{"start":{"line":75,"column":6},"end":{"line":78,"column":null}},"43":{"start":{"line":76,"column":21},"end":{"line":76,"column":null}},"44":{"start":{"line":77,"column":8},"end":{"line":77,"column":null}},"45":{"start":{"line":77,"column":52},"end":{"line":77,"column":null}},"46":{"start":{"line":79,"column":6},"end":{"line":82,"column":null}},"47":{"start":{"line":80,"column":19},"end":{"line":80,"column":null}},"48":{"start":{"line":81,"column":8},"end":{"line":81,"column":null}},"49":{"start":{"line":81,"column":50},"end":{"line":81,"column":null}},"50":{"start":{"line":83,"column":6},"end":{"line":92,"column":null}},"51":{"start":{"line":84,"column":18},"end":{"line":84,"column":null}},"52":{"start":{"line":85,"column":8},"end":{"line":91,"column":null}},"53":{"start":{"line":90,"column":10},"end":{"line":90,"column":null}},"54":{"start":{"line":93,"column":6},"end":{"line":93,"column":null}},"55":{"start":{"line":97,"column":29},"end":{"line":102,"column":null}},"56":{"start":{"line":98,"column":16},"end":{"line":98,"column":null}},"57":{"start":{"line":99,"column":4},"end":{"line":99,"column":null}},"58":{"start":{"line":99,"column":25},"end":{"line":99,"column":68}},"59":{"start":{"line":100,"column":4},"end":{"line":100,"column":null}},"60":{"start":{"line":100,"column":36},"end":{"line":100,"column":79}},"61":{"start":{"line":101,"column":4},"end":{"line":101,"column":null}},"62":{"start":{"line":101,"column":45},"end":{"line":101,"column":69}},"63":{"start":{"line":105,"column":4},"end":{"line":105,"column":null}},"64":{"start":{"line":105,"column":53},"end":{"line":105,"column":null}},"65":{"start":{"line":106,"column":4},"end":{"line":111,"column":null}},"66":{"start":{"line":107,"column":6},"end":{"line":107,"column":null}},"67":{"start":{"line":108,"column":6},"end":{"line":108,"column":null}},"68":{"start":{"line":110,"column":6},"end":{"line":110,"column":null}},"69":{"start":{"line":114,"column":2},"end":{"line":246,"column":null}},"70":{"start":{"line":128,"column":10},"end":{"line":128,"column":null}},"71":{"start":{"line":129,"column":10},"end":{"line":129,"column":null}},"72":{"start":{"line":132,"column":10},"end":{"line":132,"column":null}},"73":{"start":{"line":133,"column":10},"end":{"line":133,"column":null}},"74":{"start":{"line":134,"column":10},"end":{"line":134,"column":null}},"75":{"start":{"line":135,"column":10},"end":{"line":135,"column":null}},"76":{"start":{"line":136,"column":10},"end":{"line":136,"column":null}},"77":{"start":{"line":137,"column":10},"end":{"line":137,"column":null}},"78":{"start":{"line":138,"column":10},"end":{"line":138,"column":null}},"79":{"start":{"line":139,"column":10},"end":{"line":139,"column":null}},"80":{"start":{"line":145,"column":29},"end":{"line":145,"column":null}},"81":{"start":{"line":149,"column":14},"end":{"line":151,"column":null}},"82":{"start":{"line":156,"column":61},"end":{"line":156,"column":null}},"83":{"start":{"line":159,"column":14},"end":{"line":161,"column":null}},"84":{"start":{"line":166,"column":57},"end":{"line":166,"column":null}},"85":{"start":{"line":169,"column":14},"end":{"line":171,"column":null}},"86":{"start":{"line":178,"column":29},"end":{"line":178,"column":null}},"87":{"start":{"line":183,"column":71},"end":{"line":183,"column":99}},"88":{"start":{"line":186,"column":69},"end":{"line":186,"column":95}},"89":{"start":{"line":191,"column":29},"end":{"line":191,"column":null}},"90":{"start":{"line":219,"column":14},"end":{"line":241,"column":null}},"91":{"start":{"line":237,"column":55},"end":{"line":237,"column":76}}},"fnMap":{"0":{"name":"previewJson","decl":{"start":{"line":8,"column":9},"end":{"line":8,"column":21}},"loc":{"start":{"line":8,"column":42},"end":{"line":19,"column":null}},"line":8},"1":{"name":"ConsumptionListPage","decl":{"start":{"line":21,"column":16},"end":{"line":21,"column":38}},"loc":{"start":{"line":21,"column":38},"end":{"line":248,"column":null}},"line":21},"2":{"name":"(anonymous_2)","decl":{"start":{"line":37,"column":27},"end":{"line":37,"column":39}},"loc":{"start":{"line":37,"column":39},"end":{"line":51,"column":5}},"line":37},"3":{"name":"(anonymous_3)","decl":{"start":{"line":53,"column":2},"end":{"line":53,"column":18}},"loc":{"start":{"line":53,"column":18},"end":{"line":61,"column":5}},"line":53},"4":{"name":"(anonymous_4)","decl":{"start":{"line":57,"column":7},"end":{"line":57,"column":19}},"loc":{"start":{"line":57,"column":19},"end":{"line":57,"column":28}},"line":57},"5":{"name":"(anonymous_5)","decl":{"start":{"line":60,"column":7},"end":{"line":60,"column":19}},"loc":{"start":{"line":60,"column":19},"end":{"line":60,"column":28}},"line":60},"6":{"name":"(anonymous_6)","decl":{"start":{"line":63,"column":19},"end":{"line":63,"column":33}},"loc":{"start":{"line":63,"column":33},"end":{"line":95,"column":5}},"line":63},"7":{"name":"(anonymous_7)","decl":{"start":{"line":64,"column":17},"end":{"line":64,"column":25}},"loc":{"start":{"line":64,"column":31},"end":{"line":94,"column":5}},"line":64},"8":{"name":"(anonymous_8)","decl":{"start":{"line":97,"column":29},"end":{"line":97,"column":43}},"loc":{"start":{"line":97,"column":43},"end":{"line":102,"column":5}},"line":97},"9":{"name":"(anonymous_9)","decl":{"start":{"line":99,"column":10},"end":{"line":99,"column":19}},"loc":{"start":{"line":99,"column":25},"end":{"line":99,"column":68}},"line":99},"10":{"name":"(anonymous_10)","decl":{"start":{"line":100,"column":21},"end":{"line":100,"column":30}},"loc":{"start":{"line":100,"column":36},"end":{"line":100,"column":79}},"line":100},"11":{"name":"(anonymous_11)","decl":{"start":{"line":101,"column":30},"end":{"line":101,"column":36}},"loc":{"start":{"line":101,"column":45},"end":{"line":101,"column":69}},"line":101},"12":{"name":"onDelete","decl":{"start":{"line":104,"column":17},"end":{"line":104,"column":26}},"loc":{"start":{"line":104,"column":41},"end":{"line":112,"column":null}},"line":104},"13":{"name":"(anonymous_13)","decl":{"start":{"line":127,"column":8},"end":{"line":127,"column":19}},"loc":{"start":{"line":127,"column":36},"end":{"line":130,"column":null}},"line":127},"14":{"name":"(anonymous_14)","decl":{"start":{"line":131,"column":8},"end":{"line":131,"column":23}},"loc":{"start":{"line":131,"column":23},"end":{"line":140,"column":null}},"line":131},"15":{"name":"(anonymous_15)","decl":{"start":{"line":145,"column":12},"end":{"line":145,"column":23}},"loc":{"start":{"line":145,"column":29},"end":{"line":145,"column":null}},"line":145},"16":{"name":"(anonymous_16)","decl":{"start":{"line":148,"column":30},"end":{"line":148,"column":35}},"loc":{"start":{"line":149,"column":14},"end":{"line":151,"column":null}},"line":149},"17":{"name":"(anonymous_17)","decl":{"start":{"line":156,"column":44},"end":{"line":156,"column":55}},"loc":{"start":{"line":156,"column":61},"end":{"line":156,"column":null}},"line":156},"18":{"name":"(anonymous_18)","decl":{"start":{"line":158,"column":23},"end":{"line":158,"column":28}},"loc":{"start":{"line":159,"column":14},"end":{"line":161,"column":null}},"line":159},"19":{"name":"(anonymous_19)","decl":{"start":{"line":166,"column":40},"end":{"line":166,"column":51}},"loc":{"start":{"line":166,"column":57},"end":{"line":166,"column":null}},"line":166},"20":{"name":"(anonymous_20)","decl":{"start":{"line":168,"column":32},"end":{"line":168,"column":37}},"loc":{"start":{"line":169,"column":14},"end":{"line":171,"column":null}},"line":169},"21":{"name":"(anonymous_21)","decl":{"start":{"line":178,"column":12},"end":{"line":178,"column":23}},"loc":{"start":{"line":178,"column":29},"end":{"line":178,"column":null}},"line":178},"22":{"name":"(anonymous_22)","decl":{"start":{"line":183,"column":54},"end":{"line":183,"column":65}},"loc":{"start":{"line":183,"column":71},"end":{"line":183,"column":99}},"line":183},"23":{"name":"(anonymous_23)","decl":{"start":{"line":186,"column":52},"end":{"line":186,"column":63}},"loc":{"start":{"line":186,"column":69},"end":{"line":186,"column":95}},"line":186},"24":{"name":"(anonymous_24)","decl":{"start":{"line":191,"column":12},"end":{"line":191,"column":23}},"loc":{"start":{"line":191,"column":29},"end":{"line":191,"column":null}},"line":191},"25":{"name":"(anonymous_25)","decl":{"start":{"line":218,"column":22},"end":{"line":218,"column":27}},"loc":{"start":{"line":219,"column":14},"end":{"line":241,"column":null}},"line":219},"26":{"name":"(anonymous_26)","decl":{"start":{"line":237,"column":40},"end":{"line":237,"column":55}},"loc":{"start":{"line":237,"column":55},"end":{"line":237,"column":76}},"line":237}},"branchMap":{"0":{"loc":{"start":{"line":13,"column":6},"end":{"line":13,"column":null}},"type":"if","locations":[{"start":{"line":13,"column":6},"end":{"line":13,"column":null}},{"start":{},"end":{}}],"line":13},"1":{"loc":{"start":{"line":15,"column":11},"end":{"line":15,"column":null}},"type":"cond-expr","locations":[{"start":{"line":15,"column":26},"end":{"line":15,"column":45}},{"start":{"line":15,"column":45},"end":{"line":15,"column":null}}],"line":15},"2":{"loc":{"start":{"line":42,"column":37},"end":{"line":42,"column":null}},"type":"binary-expr","locations":[{"start":{"line":42,"column":37},"end":{"line":42,"column":68}},{"start":{"line":42,"column":68},"end":{"line":42,"column":null}}],"line":42},"3":{"loc":{"start":{"line":43,"column":27},"end":{"line":43,"column":null}},"type":"binary-expr","locations":[{"start":{"line":43,"column":27},"end":{"line":43,"column":48}},{"start":{"line":43,"column":48},"end":{"li
[...]
n":72},"end":{"line":104,"column":98}},"line":104},"9":{"name":"(anonymous_9)","decl":{"start":{"line":107,"column":66},"end":{"line":107,"column":77}},"loc":{"start":{"line":107,"column":83},"end":{"line":107,"column":116}},"line":107},"10":{"name":"(anonymous_10)","decl":{"start":{"line":110,"column":58},"end":{"line":110,"column":69}},"loc":{"start":{"line":110,"column":75},"end":{"line":110,"column":105}},"line":110},"11":{"name":"(anonymous_11)","decl":{"start":{"line":118,"column":12},"end":{"line":118,"column":23}},"loc":{"start":{"line":118,"column":29},"end":{"line":118,"column":null}},"line":118},"12":{"name":"(anonymous_12)","decl":{"start":{"line":122,"column":52},"end":{"line":122,"column":63}},"loc":{"start":{"line":122,"column":69},"end":{"line":122,"column":null}},"line":122}},"branchMap":{"0":{"loc":{"start":{"line":22,"column":4},"end":{"line":22,"column":null}},"type":"if","locations":[{"start":{"line":22,"column":4},"end":{"line":22,"column":null}},{"start":{},"end":{}}],"line":22},"1":{"loc":{"start":{"line":27,"column":23},"end":{"line":27,"column":42}},"type":"binary-expr","locations":[{"start":{"line":27,"column":23},"end":{"line":27,"column":40}},{"start":{"line":27,"column":40},"end":{"line":27,"column":42}}],"line":27},"2":{"loc":{"start":{"line":40,"column":17},"end":{"line":40,"column":31}},"type":"binary-expr","locations":[{"start":{"line":40,"column":17},"end":{"line":40,"column":27}},{"start":{"line":40,"column":27},"end":{"line":40,"column":31}}],"line":40},"3":{"loc":{"start":{"line":46,"column":6},"end":{"line":65,"column":null}},"type":"if","locations":[{"start":{"line":46,"column":6},"end":{"line":65,"column":null}},{"start":{"line":55,"column":13},"end":{"line":65,"column":null}}],"line":46},"4":{"loc":{"start":{"line":46,"column":10},"end":{"line":46,"column":24}},"type":"binary-expr","locations":[{"start":{"line":46,"column":10},"end":{"line":46,"column":20}},{"start":{"line":46,"column":20},"end":{"line":46,"column":24}}],"line":46},"5":{"loc":{"start":{"line":49,"column":23},"end":{"line":49,"column":null}},"type":"binary-expr","locations":[{"start":{"line":49,"column":23},"end":{"line":49,"column":45}},{"start":{"line":49,"column":45},"end":{"line":49,"column":null}}],"line":49},"6":{"loc":{"start":{"line":51,"column":18},"end":{"line":51,"column":null}},"type":"binary-expr","locations":[{"start":{"line":51,"column":18},"end":{"line":51,"column":35}},{"start":{"line":51,"column":35},"end":{"line":51,"column":null}}],"line":51},"7":{"loc":{"start":{"line":59,"column":23},"end":{"line":59,"column":null}},"type":"binary-expr","locations":[{"start":{"line":59,"column":23},"end":{"line":59,"column":45}},{"start":{"line":59,"column":45},"end":{"line":59,"column":null}}],"line":59},"8":{"loc":{"start":{"line":61,"column":18},"end":{"line":61,"column":null}},"type":"binary-expr","locations":[{"start":{"line":61,"column":18},"end":{"line":61,"column":35}},{"start":{"line":61,"column":35},"end":{"line":61,"column":null}}],"line":61},"9":{"loc":{"start":{"line":71,"column":2},"end":{"line":77,"column":null}},"type":"if","locations":[{"start":{"line":71,"column":2},"end":{"line":77,"column":null}},{"start":{},"end":{}}],"line":71},"10":{"loc":{"start":{"line":82,"column":15},"end":{"line":82,"column":null}},"type":"cond-expr","locations":[{"start":{"line":82,"column":24},"end":{"line":82,"column":50}},{"start":{"line":82,"column":50},"end":{"line":82,"column":null}}],"line":82},"11":{"loc":{"start":{"line":86,"column":16},"end":{"line":86,"column":null}},"type":"cond-expr","locations":[{"start":{"line":86,"column":31},"end":{"line":86,"column":80}},{"start":{"line":86,"column":80},"end":{"line":86,"column":null}}],"line":86},"12":{"loc":{"start":{"line":86,"column":16},"end":{"line":86,"column":31}},"type":"binary-expr","locations":[{"start":{"line":86,"column":16},"end":{"line":86,"column":26}},{"start":{"line":86,"column":26},"end":{"line":86,"column":31}}],"line":86},"13":{"loc":{"start":{"line":122,"column":25},"end":{"line":122,"column":52}},"type":"cond-expr","locations":[{"start":{"line":122,"column":34},"end":{"line":122,"column":43}},{"start":{"line":122,"column":43},"end":{"line":122,"column":52}}],"line":122},"14":{"loc":{"start":{"line":128,"column":11},"end":{"line":128,"column":null}},"type":"cond-expr","locations":[{"start":{"line":128,"column":20},"end":{"line":128,"column":37}},{"start":{"line":128,"column":37},"end":{"line":128,"column":null}}],"line":128}},"s":{"0":63,"1":63,"2":63,"3":63,"4":63,"5":63,"6":63,"7":63,"8":63,"9":63,"10":63,"11":63,"12":5,"13":2,"14":3,"15":2,"16":2,"17":2,"18":2,"19":2,"20":2,"21":1,"22":3,"23":4,"24":4,"25":4,"26":4,"27":1,"28":1,"29":3,"30":3,"31":2,"32":1,"33":1,"34":1,"35":1,"36":63,"37":3,"38":60,"39":4,"40":12,"41":24,"42":0,"43":4,"44":10,"45":0},"f":{"0":63,"1":5,"2":2,"3":1,"4":3,"5":4,"6":4,"7":12,"8":24,"9":0,"10":4,"11":10,"12":0},"b":{"0":[2,3],"1":[2,0],"2":[4,0],"3":[2,1],"4":[3,2],"5":[2,0],"6":[2,0],"7":[1,1],"8":[1,0],"9":[3,60],"10":[18,42],"11":[18,42],"12":[63,18],"13":[60,0],"14":[18,42]},"meta":{"lastBranch":15,"lastFunction":13,"lastStatement":46,"seen":{"f:7:16:7:42":0,"s:8:17:8:27":0,"s:9:17:9:Infinity":1,"s:10:19:10:31":2,"s:12:30:12:Infinity":3,"s:13:26:13:Infinity":4,"s:14:40:14:Infinity":5,"s:15:34:15:Infinity":6,"s:16:30:16:Infinity":7,"s:17:30:17:Infinity":8,"s:18:28:18:Infinity":9,"s:19:32:19:Infinity":10,"s:21:2:34:Infinity":11,"f:21:2:21:18":1,"b:22:4:22:Infinity:undefined:undefined:undefined:undefined":0,"s:22:4:22:Infinity":12,"s:22:13:22:Infinity":13,"s:23:4:33:Infinity":14,"f:24:7:24:13":2,"s:25:8:25:Infinity":15,"s:26:8:26:Infinity":16,"s:27:8:27:Infinity":17,"b:27:23:27:40:27:40:27:42":1,"s:28:8:28:Infinity":18,"s:29:8:29:Infinity":19,"s:30:8:30:Infinity":20,"f:32:7:32:14":3,"s:32:27:32:46":21,"f:33:7:33:21":4,"s:33:21:33:38":22,"f:36:17:36:26":5,"s:37:4:37:Infinity":23,"s:38:4:38:Infinity":24,"s:39:4:44:Infinity":25,"s:40:6:40:Infinity":26,"b:40:17:40:27:40:27:40:31":2,"s:42:6:42:Infinity":27,"s:43:6:43:Infinity":28,"s:45:4:68:Infinity":29,"b:46:6:65:Infinity:55:13:65:Infinity":3,"s:46:6:65:Infinity":30,"b:46:10:46:20:46:20:46:24":4,"s:47:8:53:Infinity":31,"b:49:23:49:45:49:45:49:Infinity":5,"b:51:18:51:35:51:35:51:Infinity":6,"s:54:8:54:Infinity":32,"s:56:24:63:Infinity":33,"b:59:23:59:45:59:45:59:Infinity":7,"b:61:18:61:35:61:35:61:Infinity":8,"s:64:8:64:Infinity":34,"s:67:6:67:Infinity":35,"b:71:2:77:Infinity:undefined:undefined:undefined:undefined":9,"s:71:2:77:Infinity":36,"s:72:4:75:Infinity":37,"s:79:2:131:Infinity":38,"b:82:24:82:50:82:50:82:Infinity":10,"b:86:31:86:80:86:80:86:Infinity":11,"b:86:16:86:26:86:26:86:31":12,"f:93:29:93:40":6,"s:93:46:93:Infinity":39,"f:100:12:100:23":7,"s:100:29:100:Infinity":40,"f:104:55:104:66":8,"s:104:72:104:98":41,"f:107:66:107:77":9,"s:107:83:107:116":42,"f:110:58:110:69":10,"s:110:75:110:105":43,"f:118:12:118:23":11,"s:118:29:118:Infinity":44,"b:122:34:122:43:122:43:122:52":13,"f:122:52:122:63":12,"s:122:69:122:Infinity":45,"b:128:20:128:37:128:37:128:Infinity":14},"fnNames":{}}}
,"/Users/jumin/Working/temp/platform-management-service/frontend/src/pages/serviceOfferings/ServiceOfferingListPage.tsx": {"path":"/Users/jumin/Working/temp/platform-management-service/frontend/src/pages/serviceOfferings/ServiceOfferingListPage.tsx","statementMap":{"0":{"start":{"line":9,"column":28},"end":{"line":9,"column":null}},"1":{"start":{"line":10,"column":38},"end":{"line":10,"column":null}},"2":{"start":{"line":11,"column":34},"end":{"line":11,"column":null}},"3":{"start":{"line":12,"column":20},"end":{"line":12,"column":null}},"4":{"start":{"line":13,"column":28},"end":{"line":13,"column":null}},"5":{"start":{"line":14,"column":32},"end":{"line":14,"column":null}},"6":{"start":{"line":16,"column":15},"end":{"line":30,"column":null}},"7":{"start":{"line":17,"column":4},"end":{"line":17,"column":null}},"8":{"start":{"line":18,"column":4},"end":{"line":18,"column":null}},"9":{"start":{"line":19,"column":4},"end":{"line":29,"column":null}},"10":{"start":{"line":20,"column":19},"end":{"line":23,"column":null}},"11":{"start":{"line":24,"column":6},"end":{"line":24,"column":null}},"12":{"start":{"line":26,"column":6},"end":{"line":26,"column":null}},"13":{"start":{"line":28,"column":6},"end":{"line":28,"column":null}},"14":{"start":{"line":32,"column":2},"end":{"line":34,"column":null}},"15":{"start":{"line":33,"column":4},"end":{"line":33,"column":null}},"16":{"start":{"line":36,"column":19},"end":{"line":45,"column":null}},"17":{"start":{"line":37,"column":4},"end":{"line":37,"column":null}},"18":{"start":{"line":37,"column":19},"end":{"line":37,"column":null}},"19":{"start":{"line":38,"column":14},"end":{"line":38,"column":null}},"20":{"start":{"line":39,"column":4},"end":{"line":43,"column":null}},"21":{"start":{"line":48,"column":4},"end":{"line":48,"column":null}},"22":{"start":{"line":48,"column":55},"end":{"line":48,"column":null}},"23":{"start":{"line":49,"column":4},"end":{"line":54,"column":null}},"24":{"start":{"line":50,"column":6},"end":{"line":50,"column":null}},"25":{"start":{"line":51,"column":6},"end":{"line":51,"column":null}},"26":{"start":{"line":53,"column":6},"end":{"line":53,"column":null}},"27":{"start":{"line":57,"column":2},"end":{"line":140,"column":null}},"28":{"start":{"line":71,"column":10},"end":{"line":71,"column":null}},"29":{"start":{"line":72,"column":10},"end":{"line":72,"column":null}},"30":{"start":{"line":75,"column":10},"end":{"line":75,"column":null}},"31":{"start":{"line":76,"column":10},"end":{"line":76,"column":null}},"32":{"start":{"line":77,"column":10},"end":{"line":77,"column":null}},"33":{"start":{"line":81,"column":51},"end":{"line":81,"column":80}},"34":{"start":{"line":86,"column":29},"end":{"line":86,"column":null}},"35":{"start":{"line":93,"column":44},"end":{"line":93,"column":67}},"36":{"start":{"line":114,"column":14},"end":{"line":135,"column":null}},"37":{"start":{"line":131,"column":55},"end":{"line":131,"column":76}}},"fnMap":{"0":{"name":"ServiceOfferingListPage","decl":{"start":{"line":8,"column":16},"end":{"line":8,"column":42}},"loc":{"start":{"line":8,"column":42},"end":{"line":142,"column":null}},"line":8},"1":{"name":"(anonymous_1)","decl":{"start":{"line":16,"column":27},"end":{"line":16,"column":39}},"loc":{"start":{"line":16,"column":39},"end":{"line":30,"column":5}},"line":16},"2":{"name":"(anonymous_2)","decl":{"start":{"line":32,"column":2},"end":{"line":32,"column":18}},"loc":{"start":{"line":32,"column":18},"end":{"line":34,"column":5}},"line":32},"3":{"name":"(anonymous_3)","decl":{"start":{"line":36,"column":25},"end":{"line":36,"column":33}},"loc":{"start":{"line":36,"column":39},"end":{"line":45,"column":3}},"line":36},"4":{"name":"onDelete","decl":{"start":{"line":47,"column":17},"end":{"line":47,"column":26}},"loc":{"start":{"line":47,"column":41},"end":{"line":55,"column":null}},"line":47},"5":{"name":"(anonymous_5)","decl":{"start":{"line":70,"column":8},"end":{"line":70,"column":19}},"loc":{"start":{"line":70,"column":36},"end":{"line":73,"column":null}},"line":70},"6":{"name":"(anonymous_6)","decl":{"start":{"line":74,"column":8},"end":{"line":74,"column":23}},"loc":{"start":{"line":74,"column":23},"end":{"line":78,"column":null}},"line":74},"7":{"name":"(anonymous_7)","decl":{"start":{"line":81,"column":34},"end":{"line":81,"column":45}},"loc":{"start":{"line":81,"column":51},"end":{"line":81,"column":80}},"line":81},"8":{"name":"(anonymous_8)","decl":{"start":{"line":86,"column":12},"end":{"line":86,"column":23}},"loc":{"start":{"line":86,"column":29},"end":{"line":86,"column":null}},"line":86},"9":{"name":"(anonymous_9)","decl":{"start":{"line":93,"column":27},"end":{"line":93,"column":38}},"loc":{"start":{"line":93,"column":44},"end":{"line":93,"column":67}},"line":93},"10":{"name":"(anonymous_10)","decl":{"start":{"line":113,"column":22},"end":{"line":113,"column":27}},"loc":{"start":{"line":114,"column":14},"end":{"line":135,"column":null}},"line":114},"11":{"name":"(anonymous_11)","decl":{"start":{"line":131,"column":40},"end":{"line":131,"column":55}},"loc":{"start":{"line":131,"column":55},"end":{"line":131,"column":76}},"line":131}},"branchMap":{"0":{"loc":{"start":{"line":21,"column":20},"end":{"line":21,"column":null}},"type":"binary-expr","locations":[{"start":{"line":21,"column":20},"end":{"line":21,"column":34}},{"start":{"line":21,"column":34},"end":{"line":21,"column":null}}],"line":21},"1":{"loc":{"start":{"line":22,"column":18},"end":{"line":22,"column":null}},"type":"binary-expr","locations":[{"start":{"line":22,"column":18},"end":{"line":22,"column":30}},{"start":{"line":22,"column":30},"end":{"line":22,"column":null}}],"line":22},"2":{"loc":{"start":{"line":37,"column":4},"end":{"line":37,"column":null}},"type":"if","locations":[{"start":{"line":37,"column":4},"end":{"line":37,"column":null}},{"start":{},"end":{}}],"line":37},"3":{"loc":{"start":{"line":40,"column":6},"end":{"line":43,"column":null}},"type":"binary-expr","locations":[{"start":{"line":40,"column":6},"end":{"line":40,"column":null}},{"start":{"line":41,"column":6},"end":{"line":41,"column":null}},{"start":{"line":41,"column":37},"end":{"line":42,"column":null}},{"start":{"line":43,"column":6},"end":{"line":43,"column":null}}],"line":40},"4":{"loc":{"start":{"line":48,"column":4},"end":{"line":48,"column":null}},"type":"if","locations":[{"start":{"line":48,"column":4},"end":{"line":48,"column":null}},{"start":{},"end":{}}],"line":48},"5":{"loc":{"start":{"line":85,"column":19},"end":{"line":85,"column":null}},"type":"cond-expr","locations":[{"start":{"line":85,"column":32},"end":{"line":85,"column":41}},{"start":{"line":85,"column":41},"end":{"line":85,"column":null}}],"line":85},"6":{"loc":{"start":{"line":98,"column":7},"end":{"line":98,"column":null}},"type":"binary-expr","locations":[{"start":{"line":98,"column":7},"end":{"line":98,"column":18}},{"start":{"line":98,"column":18},"end":{"line":98,"column":null}}],"line":98},"7":{"loc":{"start":{"line":99,"column":7},"end":{"line":99,"column":null}},"type":"binary-expr","locations":[{"start":{"line":99,"column":7},"end":{"line":99,"column":19}},{"start":{"line":99,"column":19},"end":{"line":99,"column":44}},{"start":{"line":99,"column":44},"end":{"line":99,"column":null}}],"line":99},"8":{"loc":{"start":{"line":100,"column":7},"end":{"line":138,"column":null}},"type":"binary-expr","locations":[{"start":{"line":100,"column":7},"end":{"line":100,"column":19}},{"start":{"line":100,"column":19},"end":{"line":100,"column":null}},{"start":{"line":101,"column":8},"end":{"line":138,"column":null}}],"line":100},"9":{"loc":{"start":{"line":122,"column":21},"end":{"line":122,"column":49}},"type":"cond-expr","locations":[{"start":{"line":122,"column":32},"end":{"line":122,"column":40}},{"start":{"line":122,"column":40},"end":{"line":122,"column":49}}],"line":122}},"s":{"0":36,"1":36,"2":36,"3":36,"4":36,"5":36,"6":36,"7":13,"8":13,"9":13,"10":13,"11":12,"12":1,"13":13,"14":36,"15":11,"16":36,"17":56,"18":44,"19":12,"20":12,"21":1,"22":0,"23":1,"24":1,"25":1,"26":0,"27":36,"28":1,"29":1,"30":1,"31":1,"32":1,"33":3,"34":1,"35":6,"36":40,"37":1},"f":{"0":36,"1":13,"2":11,"3":56,"4":1,"5":1,"6":1,"7":3,"8":1,"9":6,"10":40,"11":1},"b":{"0":[13,11],"1":[13,10],"2":[44,12],"3":[12,6,6,4],"4":[0,1],"5":[5,31],"6":[36,12],"7":[36,24,2],"8":[36,24,22],"9":[18,22]},"meta":{"lastBranch":10,"lastFunction":12,"lastStatement":38,"seen":{"f:8:16:8:42":0,"s:9:28:9:Infinity":0,"s:10:38:10:Infinity":1,"s:11:34:11:Infinity":2,"s:12:20:12:Infinity":3,"s:13:28:13:Infinity":4,"s:14:32:14:Infinity":5,"s:16:15:30:Infinity":6,"f:16:27:16:39":1,"s:17:4:17:Infinity":7,"s:18:4:18:Infinity":8,"s:19:4:29:Infinity":9,"s:20:19:23:Infinity":10,"b:21:20:21:34:21:34:21:Infinity":0,"b:22:18:22:30:22:30:22:Infinity":1,"s:24:6:24:Infinity":11,"s:26:6:26:Infinity":12,"s:28:6:28:Infinity":13,"s:32:2:34:Infinity":14,"f:32:2:32:18":2,"s:33:4:33:Infinity":15,"s:36:19:45:Infinity":16,"f:36:25:36:33":3,"b:37:4:37:Infinity:undefined:undefined:undefined:undefined":2,"s:37:4:37:Infinity":17,"s:37:19:37:Infinity":18,"s:38:14:38:Infinity":19,"s:39:4:43:Infinity":20,"b:40:6:40:Infinity:41:6:41:Infinity:41:37:42:Infinity:43:6:43:Infinity":3,"f:47:17:47:26":4,"b:48:4:48:Infinity:undefined:undefined:undefined:undefined":4,"s:48:4:48:Infinity":21,"s:48:55:48:Infinity":22,"s:49:4:54:Infinity":23,"s:50:6:50:Infinity":24,"s:51:6:51:Infinity":25,"s:53:6:53:Infinity":26,"s:57:2:140:Infinity":27,"f:70:8:70:19":5,"s:71:10:71:Infinity":28,"s:72:10:72:Infinity":29,"f:74:8:74:23":6,"s:75:10:75:Infinity":30,"s:76:10:76:Infinity":31,"s:77:10:77:Infinity":32,"f:81:34:81:45":7,"s:81:51:81:80":33,"b:85:32:85:41:85:41:85:Infinity":5,"f:86:12:86:23":8,"s:86:29:86:Infinity":34,"f:93:27:93:38":9,"s:93:44:93:67":35,"b:98:7:98:18:98:18:98:Infinity":6,"b:99:7:99:19:99:19:99:44:99:44:99:Infinity":7,"b:100:7:100:19:100:19:100:Infinity:101:8:138:Infinity":8,"f:113:22:113:27":10,"s:114:14:135:Infinity":36,"b:122:32:122:40:122:40:122:49":9,"f:131:40:131:55":11,"s:131:55:131:76":37},"fnNames":{}}}
,"/Users/jumin/Working/temp/platform-management-service/frontend/src/test/fixtures.ts": {"path":"/Users/jumin/Working/temp/platform-management-service/frontend/src/test/fixtures.ts","statementMap":{"0":{"start":{"line":9,"column":46},"end":{"line":16,"column":null}},"1":{"start":{"line":18,"column":48},"end":{"line":25,"column":null}},"2":{"start":{"line":27,"column":52},"end":{"line":35,"column":null}},"3":{"start":{"line":37,"column":51},"end":{"line":46,"column":null}},"4":{"start":{"line":48,"column":54},"end":{"line":57,"column":null}},"5":{"start":{"line":59,"column":46},"end":{"line":72,"column":null}},"6":{"start":{"line":74,"column":46},"end":{"line":84,"column":null}},"7":{"start":{"line":86,"column":45},"end":{"line":96,"column":null}}},"fnMap":{},"branchMap":{},"s":{"0":7,"1":7,"2":7,"3":7,"4":7,"5":7,"6":7,"7":7},"f":{},"b":{},"meta":{"lastBranch":0,"lastFunction":0,"lastStatement":8,"seen":{"s:9:46:16:Infinity":0,"s:18:48:25:Infinity":1,"s:27:52:35:Infinity":2,"s:37:51:46:Infinity":3,"s:48:54:57:Infinity":4,"s:59:46:72:Infinity":5,"s:74:46:84:Infinity":6,"s:86:45:96:Infinity":7},"fnNames":{}}}
,"/Users/jumin/Working/temp/platform-management-service/frontend/src/test/render.tsx": {"path":"/Users/jumin/Working/temp/platform-management-service/frontend/src/test/render.tsx","statementMap":{"0":{"start":{"line":14,"column":18},"end":{"line":14,"column":null}},"1":{"start":{"line":16,"column":4},"end":{"line":16,"column":null}},"2":{"start":{"line":18,"column":2},"end":{"line":18,"column":null}}},"fnMap":{"0":{"name":"renderWithRouter","decl":{"start":{"line":10,"column":16},"end":{"line":10,"column":null}},"loc":{"start":{"line":13,"column":2},"end":{"line":19,"column":null}},"line":13},"1":{"name":"Wrapper","decl":{"start":{"line":15,"column":11},"end":{"line":15,"column":19}},"loc":{"start":{"line":15,"column":58},"end":{"line":17,"column":null}},"line":15}},"branchMap":{"0":{"loc":{"start":{"line":12,"column":2},"end":{"line":12,"column":null}},"type":"default-arg","locations":[{"start":{"line":12,"column":57},"end":{"line":12,"column":null}}],"line":12},"1":{"loc":{"start":{"line":12,"column":4},"end":{"line":12,"column":17}},"type":"default-arg","locations":[{"start":{"line":12,"column":12},"end":{"line":12,"column":17}}],"line":12},"2":{"loc":{"start":{"line":14,"column":18},"end":{"line":14,"column":null}},"type":"binary-expr","locations":[{"start":{"line":14,"column":18},"end":{"line":14,"column":36}},{"start":{"line":14,"column":36},"end":{"line":14,"column":null}}],"line":14}},"s":{"0":89,"1":89,"2":89},"f":{"0":89,"1":89},"b":{"0":[89],"1":[89],"2":[89,89]},"meta":{"lastBranch":3,"lastFunction":2,"lastStatement":3,"seen":{"f:10:16:10:Infinity":0,"b:12:57:12:Infinity":0,"b:12:12:12:17":1,"s:14:18:14:Infinity":0,"b:14:18:14:36:14:36:14:Infinity":2,"f:15:11:15:19":1,"s:16:4:16:Infinity":1,"s:18:2:18:Infinity":2},"fnNames":{}}}
}
