TN:
SF:src/api/client.ts
FN:27,isInteractionRequired
FN:40,getAccessToken
FN:72,toQuery
FN:74,(anonymous_3)
FN:82,apiFetch
FN:102,(anonymous_5)
FN:105,(anonymous_6)
FN:108,(anonymous_7)
FN:111,(anonymous_8)
FN:117,(anonymous_9)
FN:123,(anonymous_10)
FN:127,(anonymous_11)
FN:138,(anonymous_12)
FN:141,(anonymous_13)
FN:147,(anonymous_14)
FN:153,(anonymous_15)
FN:159,(anonymous_16)
FN:167,(anonymous_17)
FN:170,(anonymous_18)
FN:176,(anonymous_19)
FN:182,(anonymous_20)
FN:186,(anonymous_21)
FN:199,(anonymous_22)
FN:202,(anonymous_23)
FN:208,(anonymous_24)
FN:214,(anonymous_25)
FN:218,(anonymous_26)
FN:229,(anonymous_27)
FN:232,(anonymous_28)
FN:238,(anonymous_29)
FNF:30
FNH:30
FNDA:4,isInteractionRequired
FNDA:35,getAccessToken
FNDA:10,toQuery
FNDA:18,(anonymous_3)
FNDA:35,apiFetch
FNDA:4,(anonymous_5)
FNDA:3,(anonymous_6)
FNDA:1,(anonymous_7)
FNDA:1,(anonymous_8)
FNDA:1,(anonymous_9)
FNDA:2,(anonymous_10)
FNDA:2,(anonymous_11)
FNDA:1,(anonymous_12)
FNDA:1,(anonymous_13)
FNDA:1,(anonymous_14)
FNDA:1,(anonymous_15)
FNDA:2,(anonymous_16)
FNDA:1,(anonymous_17)
FNDA:1,(anonymous_18)
FNDA:1,(anonymous_19)
FNDA:1,(anonymous_20)
FNDA:1,(anonymous_21)
FNDA:1,(anonymous_22)
FNDA:1,(anonymous_23)
FNDA:1,(anonymous_24)
FNDA:1,(anonymous_25)
FNDA:2,(anonymous_26)
FNDA:1,(anonymous_27)
FNDA:1,(anonymous_28)
FNDA:1,(anonymous_29)
DA:25,4
DA:28,4
DA:29,3
DA:31,2
DA:37,1
DA:41,35
DA:42,35
DA:43,1
DA:46,34
DA:51,34
DA:52,34
DA:53,30
DA:54,30
DA:56,4
DA:57,1
DA:60,3
DA:61,1
DA:63,2
DA:67,2
DA:68,2
DA:73,10
DA:74,10
DA:75,18
DA:76,10
DA:78,10
DA:79,10
DA:83,35
DA:84,32
DA:85,32
DA:86,32
DA:87,9
DA:90,32
DA:91,32
DA:92,1
DA:93,1
DA:95,31
DA:96,6
DA:98,25
DA:102,4
DA:105,4
DA:106,3
DA:108,4
DA:109,1
DA:111,4
DA:112,1
DA:117,4
DA:118,1
DA:123,4
DA:124,2
DA:127,4
DA:131,2
DA:138,4
DA:139,1
DA:141,4
DA:142,1
DA:147,4
DA:148,1
DA:153,4
DA:154,1
DA:159,4
DA:160,2
DA:167,4
DA:168,1
DA:170,4
DA:171,1
DA:176,4
DA:177,1
DA:182,4
DA:183,1
DA:186,4
DA:191,1
DA:199,4
DA:200,1
DA:202,4
DA:203,1
DA:208,4
DA:209,1
DA:214,4
DA:215,1
DA:218,4
DA:222,2
DA:229,4
DA:230,1
DA:232,4
DA:233,1
DA:238,4
DA:239,1
LF:87
LH:87
BRDA:25,0,0,4
BRDA:25,0,1,4
BRDA:28,1,0,1
BRDA:28,1,1,3
BRDA:29,2,0,2
BRDA:29,2,1,1
BRDA:32,3,0,2
BRDA:32,3,1,1
BRDA:32,3,2,1
BRDA:42,4,0,1
BRDA:42,4,1,34
BRDA:56,5,0,1
BRDA:56,5,1,3
BRDA:60,6,0,1
BRDA:60,6,1,2
BRDA:60,7,0,3
BRDA:60,7,1,2
BRDA:75,8,0,8
BRDA:75,8,1,10
BRDA:75,9,0,18
BRDA:75,9,1,10
BRDA:75,9,2,10
BRDA:79,10,0,5
BRDA:79,10,1,5
BRDA:82,11,0,35
BRDA:86,12,0,9
BRDA:86,12,1,23
BRDA:86,13,0,32
BRDA:86,13,1,9
BRDA:91,14,0,1
BRDA:91,14,1,31
BRDA:95,15,0,6
BRDA:95,15,1,25
BRF:33
BRH:33
end_of_record
TN:
SF:src/auth/AuthorizationContext.tsx
FN:30,(anonymous_0)
FN:32,staticState
FN:54,AuthorizationProvider
FN:65,LiveAuthorizationProvider
FN:73,(anonymous_4)
FN:100,(anonymous_5)
FN:104,(anonymous_6)
FN:119,useAuthorization
FNF:8
FNH:7
FNDA:0,(anonymous_0)
FNDA:93,staticState
FNDA:97,AuthorizationProvider
FNDA:13,LiveAuthorizationProvider
FNDA:5,(anonymous_4)
FNDA:4,(anonymous_5)
FNDA:13,(anonymous_6)
FNDA:358,useAuthorization
DA:28,12
DA:30,12
DA:33,93
DA:55,97
DA:56,93
DA:62,4
DA:66,13
DA:67,13
DA:68,13
DA:69,13
DA:70,13
DA:71,13
DA:73,13
DA:74,5
DA:75,1
DA:76,1
DA:77,1
DA:78,1
DA:79,1
DA:80,1
DA:82,4
DA:83,4
DA:84,4
DA:85,4
DA:86,3
DA:87,5
DA:88,5
DA:89,5
DA:91,1
DA:92,1
DA:93,1
DA:94,1
DA:96,4
DA:100,13
DA:101,4
DA:104,13
DA:105,13
DA:116,13
DA:120,358
DA:121,358
DA:122,2
DA:124,355
LF:42
LH:42
BRDA:55,0,0,93
BRDA:55,0,1,4
BRDA:74,1,0,1
BRDA:74,1,1,4
BRDA:86,2,0,3
BRDA:86,2,1,0
BRDA:86,3,0,5
BRDA:86,3,1,0
BRDA:121,4,0,2
BRDA:121,4,1,356
BRF:10
BRH:8
end_of_record
TN:
SF:src/auth/RequireCapability.tsx
FN:14,RequireCapability
FNF:1
FNH:1
FNDA:3,RequireCapability
DA:23,3
DA:25,3
DA:26,1
DA:33,2
DA:34,1
DA:37,1
LF:6
LH:6
BRDA:16,0,0,3
BRDA:25,1,0,1
BRDA:25,1,1,2
BRDA:33,2,0,1
BRDA:33,2,1,1
BRF:5
BRH:5
end_of_record
TN:
SF:src/auth/capabilities.ts
FN:25,normalizeRole
FN:33,collectRoles
FN:46,deriveCapabilities
FN:47,(anonymous_3)
FN:47,(anonymous_4)
FNF:5
FNH:5
FNDA:16,normalizeRole
FNDA:5,collectRoles
FNDA:31,deriveCapabilities
FNDA:124,(anonymous_3)
FNDA:174,(anonymous_4)
DA:4,13
DA:26,16
DA:27,16
DA:28,7
DA:30,9
DA:34,5
DA:35,5
DA:36,7
DA:37,7
DA:39,5
DA:40,7
DA:41,7
DA:43,5
DA:47,174
DA:48,31
DA:60,13
DA:68,13
DA:73,13
LF:18
LH:18
BRDA:27,0,0,7
BRDA:27,0,1,9
BRDA:33,1,0,5
BRDA:33,2,0,5
BRDA:37,3,0,5
BRDA:37,3,1,2
BRDA:41,4,0,6
BRDA:41,4,1,1
BRF:8
BRH:8
end_of_record
TN:
SF:src/auth/msalConfig.ts
FN:16,requireConfig
FN:57,(anonymous_1)
FN:93,(anonymous_2)
FN:115,getAccount
FN:119,setActiveAccountFromResult
FN:134,initializeMsal
FN:158,isAuthRedirectBlankPage
FN:166,signInWithPopup
FN:177,signOutWithPopup
FNF:9
FNH:9
FNDA:6,requireConfig
FNDA:3,(anonymous_1)
FNDA:4,(anonymous_2)
FNDA:5,getAccount
FNDA:5,setActiveAccountFromResult
FNDA:3,initializeMsal
FNDA:2,isAuthRedirectBlankPage
FNDA:1,signInWithPopup
FNDA:2,signOutWithPopup
DA:12,2
DA:13,2
DA:14,2
DA:17,6
DA:18,0
DA:23,6
DA:26,2
DA:27,2
DA:28,2
DA:30,2
DA:37,2
DA:40,2
DA:42,2
DA:58,3
DA:59,2
DA:60,1
DA:73,2
DA:81,2
DA:88,2
DA:93,2
DA:94,4
DA:99,4
DA:100,3
DA:102,3
DA:103,3
DA:104,3
DA:109,4
DA:112,2
DA:116,5
DA:120,5
DA:121,3
DA:122,3
DA:124,2
DA:125,2
DA:126,1
DA:135,3
DA:138,3
DA:139,1
DA:142,2
DA:143,2
DA:144,1
DA:145,1
DA:147,1
DA:150,1
DA:151,1
DA:152,1
DA:154,1
DA:159,2
DA:167,1
DA:168,1
DA:169,1
DA:170,1
DA:174,1
DA:178,2
DA:179,2
DA:180,2
DA:183,1
DA:185,1
DA:186,1
DA:187,1
DA:188,1
DA:194,2
DA:196,2
DA:197,2
LF:64
LH:63
BRDA:12,0,0,2
BRDA:12,0,1,0
BRDA:13,1,0,2
BRDA:13,1,1,0
BRDA:14,2,0,2
BRDA:14,2,1,0
BRDA:17,3,0,0
BRDA:17,3,1,6
BRDA:58,4,0,1
BRDA:58,4,1,2
BRDA:59,5,0,1
BRDA:59,5,1,1
BRDA:99,6,0,3
BRDA:99,6,1,1
BRDA:103,7,0,3
BRDA:103,7,1,0
BRDA:116,8,0,5
BRDA:116,8,1,2
BRDA:116,8,2,1
BRDA:120,9,0,3
BRDA:120,9,1,2
BRDA:125,10,0,1
BRDA:125,10,1,1
BRDA:125,11,0,2
BRDA:125,11,1,1
BRDA:138,12,0,1
BRDA:138,12,1,2
BRDA:138,13,0,3
BRDA:138,13,1,2
BRDA:145,14,0,1
BRDA:145,14,1,0
BRDA:151,15,0,1
BRDA:151,15,1,0
BRDA:151,16,0,1
BRDA:151,16,1,1
BRF:35
BRH:28
end_of_record
TN:
SF:src/components/Layout.tsx
FN:14,Layout
FN:18,onSignIn
FN:26,onSignOut
FN:42,(anonymous_3)
FN:46,(anonymous_4)
FN:55,(anonymous_5)
FN:61,(anonymous_6)
FNF:7
FNH:7
FNDA:4,Layout
FNDA:2,onSignIn
FNDA:2,onSignOut
FNDA:12,(anonymous_3)
FNDA:12,(anonymous_4)
FNDA:2,(anonymous_5)
FNDA:2,(anonymous_6)
DA:5,1
DA:15,4
DA:16,4
DA:19,2
DA:20,2
DA:22,1
DA:27,2
DA:28,2
DA:30,1
DA:34,4
DA:43,12
DA:46,12
DA:55,2
DA:61,2
LF:14
LH:14
BRDA:40,0,0,4
BRDA:40,0,1,2
BRDA:46,1,0,0
BRDA:46,1,1,12
BRDA:54,2,0,2
BRDA:54,2,1,2
BRDA:60,3,0,2
BRDA:60,3,1,0
BRF:8
BRH:6
end_of_record
TN:
SF:src/components/ui.tsx
FN:4,PageHeader
FN:24,ErrorBox
FN:29,Loading
FN:33,FilterBar
FN:59,Field
FN:77,DetailGrid
FN:84,(anonymous_6)
FN:94,NavLink
FN:102,EmptyState
FN:106,formatDateTime
FN:115,CodeBlock
FNF:11
FNH:11
FNDA:513,PageHeader
FNDA:514,ErrorBox
FNDA:125,Loading
FNDA:287,FilterBar
FNDA:2047,Field
FNDA:21,DetailGrid
FNDA:136,(anonymous_6)
FNDA:1,NavLink
FNDA:49,EmptyState
FNDA:228,formatDateTime
FNDA:14,CodeBlock
DA:13,513
DA:25,514
DA:26,28
DA:30,125
DA:42,287
DA:68,2047
DA:82,21
DA:85,136
DA:95,1
DA:103,49
DA:107,228
DA:108,226
DA:109,226
DA:111,1
DA:116,14
DA:117,14
DA:118,14
DA:122,14
LF:18
LH:18
BRDA:17,0,0,513
BRDA:17,0,1,345
BRDA:19,1,0,513
BRDA:19,1,1,509
BRDA:25,2,0,486
BRDA:25,2,1,28
BRDA:29,3,0,125
BRDA:49,4,0,287
BRDA:49,4,1,287
BRDA:72,5,0,2047
BRDA:72,5,1,284
BRDA:87,6,0,136
BRDA:87,6,1,1
BRDA:107,7,0,2
BRDA:107,7,1,226
BRF:15
BRH:15
end_of_record
TN:
SF:src/pages/HomePage.tsx
FN:17,HomePage
FN:21,onSignIn
FN:39,(anonymous_2)
FN:48,(anonymous_3)
FNF:4
FNH:4
FNDA:3,HomePage
FNDA:2,onSignIn
FNDA:2,(anonymous_2)
FNDA:5,(anonymous_3)
DA:5,1
DA:18,3
DA:19,3
DA:22,2
DA:23,2
DA:25,1
DA:29,3
DA:39,2
DA:49,5
LF:9
LH:9
BRDA:38,0,0,2
BRDA:38,0,1,1
BRDA:45,1,0,1
BRDA:45,1,1,0
BRF:4
BRH:3
end_of_record
TN:
SF:src/pages/MePage.tsx
FN:7,MePage
FN:10,(anonymous_1)
FN:13,(anonymous_2)
FNF:3
FNH:3
FNDA:4,MePage
FNDA:2,(anonymous_1)
FNDA:1,(anonymous_2)
DA:8,4
DA:9,4
DA:10,4
DA:11,2
DA:13,1
DA:15,4
LF:6
LH:6
BRDA:27,0,0,4
BRDA:27,0,1,3
BRDA:27,0,2,2
BRDA:28,1,0,4
BRDA:28,1,1,1
BRF:5
BRH:5
end_of_record
TN:
SF:src/pages/callerRegistrations/CallerRegistrationDetailPage.tsx
FN:8,CallerRegistrationDetailPage
FN:15,(anonymous_1)
FN:18,(anonymous_2)
FN:21,onDelete
FN:48,(anonymous_4)
FNF:5
FNH:5
FNDA:6,CallerRegistrationDetailPage
FNDA:3,(anonymous_1)
FNDA:1,(anonymous_2)
FNDA:1,onDelete
FNDA:1,(anonymous_4)
DA:9,6
DA:10,6
DA:11,6
DA:12,6
DA:13,6
DA:15,6
DA:16,3
DA:18,1
DA:22,1
DA:23,1
DA:24,1
DA:25,1
DA:27,0
DA:31,6
DA:48,1
LF:15
LH:14
BRDA:9,0,0,6
BRDA:22,1,0,0
BRDA:22,1,1,1
BRDA:40,2,0,6
BRDA:40,2,1,6
BRDA:57,3,0,6
BRDA:57,3,1,4
BRDA:57,3,2,3
BRDA:58,4,0,6
BRDA:58,4,1,2
BRF:10
BRH:9
end_of_record
TN:
SF:src/pages/callerRegistrations/CallerRegistrationFormPage.tsx
FN:13,CallerRegistrationFormPage
FN:25,(anonymous_1)
FN:28,(anonymous_2)
FN:35,(anonymous_3)
FN:40,(anonymous_4)
FN:41,(anonymous_5)
FN:44,onSubmit
FN:91,(anonymous_7)
FN:97,(anonymous_8)
FN:100,(anonymous_9)
FN:113,(anonymous_10)
FN:117,(anonymous_11)
FNF:12
FNH:10
FNDA:25,CallerRegistrationFormPage
FNDA:2,(anonymous_1)
FNDA:0,(anonymous_2)
FNDA:1,(anonymous_3)
FNDA:0,(anonymous_4)
FNDA:1,(anonymous_5)
FNDA:2,onSubmit
FNDA:2,(anonymous_7)
FNDA:1,(anonymous_8)
FNDA:22,(anonymous_9)
FNDA:16,(anonymous_10)
FNDA:1,(anonymous_11)
DA:14,25
DA:15,25
DA:16,25
DA:18,25
DA:19,25
DA:20,25
DA:21,25
DA:22,25
DA:23,25
DA:25,25
DA:26,2
DA:28,0
DA:30,2
DA:31,1
DA:32,1
DA:34,1
DA:36,1
DA:37,1
DA:38,1
DA:40,0
DA:41,1
DA:45,2
DA:46,2
DA:47,2
DA:48,2
DA:49,1
DA:50,1
DA:52,1
DA:57,1
DA:60,0
DA:64,25
DA:65,2
DA:72,23
DA:91,2
DA:97,1
DA:101,22
DA:113,16
DA:117,1
LF:38
LH:35
BRDA:30,0,0,1
BRDA:30,0,1,1
BRDA:48,1,0,1
BRDA:48,1,1,1
BRDA:48,2,0,2
BRDA:48,2,1,1
BRDA:64,3,0,2
BRDA:64,3,1,23
BRDA:75,4,0,3
BRDA:75,4,1,20
BRDA:76,5,0,3
BRDA:76,5,1,20
BRDA:81,6,0,3
BRDA:81,6,1,20
BRDA:81,7,0,25
BRDA:81,7,1,3
BRDA:124,8,0,3
BRDA:124,8,1,20
BRF:18
BRH:18
end_of_record
TN:
SF:src/pages/callerRegistrations/CallerRegistrationListPage.tsx
FN:9,CallerRegistrationListPage
FN:18,(anonymous_1)
FN:34,(anonymous_2)
FN:38,(anonymous_3)
FN:48,onDelete
FN:73,(anonymous_5)
FN:77,(anonymous_6)
FN:84,(anonymous_7)
FN:87,(anonymous_8)
FN:95,(anonymous_9)
FN:114,(anonymous_10)
FN:137,(anonymous_11)
FNF:12
FNH:12
FNDA:57,CallerRegistrationListPage
FNDA:18,(anonymous_1)
FNDA:16,(anonymous_2)
FNDA:50,(anonymous_3)
FNDA:1,onDelete
FNDA:1,(anonymous_5)
FNDA:1,(anonymous_6)
FNDA:9,(anonymous_7)
FNDA:1,(anonymous_8)
FNDA:11,(anonymous_9)
FNDA:28,(anonymous_10)
FNDA:1,(anonymous_11)
DA:10,57
DA:11,57
DA:12,57
DA:13,57
DA:14,57
DA:15,57
DA:16,57
DA:18,57
DA:19,18
DA:20,18
DA:21,18
DA:22,18
DA:26,17
DA:28,1
DA:30,18
DA:34,57
DA:35,16
DA:38,57
DA:39,50
DA:40,11
DA:41,11
DA:49,1
DA:50,1
DA:51,1
DA:52,1
DA:54,0
DA:58,57
DA:74,1
DA:75,1
DA:78,1
DA:79,1
DA:80,1
DA:84,9
DA:87,1
DA:95,11
DA:115,28
DA:137,1
LF:37
LH:36
BRDA:23,0,0,18
BRDA:23,0,1,7
BRDA:24,1,0,18
BRDA:24,1,1,16
BRDA:39,2,0,39
BRDA:39,2,1,11
BRDA:42,3,0,11
BRDA:42,3,1,11
BRDA:42,3,2,11
BRDA:49,4,0,0
BRDA:49,4,1,1
BRDA:64,5,0,55
BRDA:64,5,1,2
BRDA:100,6,0,57
BRDA:100,6,1,17
BRDA:101,7,0,57
BRDA:101,7,1,40
BRDA:101,7,2,12
BRDA:102,8,0,57
BRDA:102,8,1,40
BRDA:102,8,2,28
BRDA:132,9,0,28
BRDA:132,9,1,27
BRF:23
BRH:22
end_of_record
TN:
SF:src/pages/consumptions/ConsumptionDetailPage.tsx
FN:8,ConsumptionDetailPage
FN:15,(anonymous_1)
FN:18,(anonymous_2)
FN:21,onDelete
FN:42,(anonymous_4)
FNF:5
FNH:5
FNDA:9,ConsumptionDetailPage
FNDA:4,(anonymous_1)
FNDA:1,(anonymous_2)
FNDA:2,onDelete
FNDA:2,(anonymous_4)
DA:9,9
DA:10,9
DA:11,9
DA:12,9
DA:13,9
DA:15,9
DA:16,4
DA:18,1
DA:22,2
DA:23,2
DA:24,2
DA:25,1
DA:27,1
DA:31,9
DA:42,2
LF:15
LH:15
BRDA:9,0,0,9
BRDA:22,1,0,0
BRDA:22,1,1,2
BRDA:41,2,0,9
BRDA:41,2,1,9
BRDA:50,3,0,9
BRDA:50,3,1,5
BRDA:50,3,2,4
BRDA:51,4,0,9
BRDA:51,4,1,4
BRDA:58,5,0,4
BRDA:58,5,1,0
BRF:12
BRH:10
end_of_record
TN:
SF:src/pages/consumptions/ConsumptionFormPage.tsx
FN:8,ConsumptionFormPage
FN:14,(anonymous_1)
FN:22,(anonymous_2)
FN:24,(anonymous_3)
FN:28,(anonymous_4)
FN:29,(anonymous_5)
FN:32,onSubmit
FN:79,(anonymous_7)
FN:81,(anonymous_8)
FN:83,(anonymous_9)
FN:91,(anonymous_10)
FN:93,(anonymous_11)
FN:107,(anonymous_12)
FN:113,(anonymous_13)
FN:121,(anonymous_14)
FNF:15
FNH:14
FNDA:29,ConsumptionFormPage
FNDA:5,(anonymous_1)
FNDA:5,(anonymous_2)
FNDA:4,(anonymous_3)
FNDA:1,(anonymous_4)
FNDA:5,(anonymous_5)
FNDA:4,onSubmit
FNDA:4,(anonymous_7)
FNDA:4,(anonymous_8)
FNDA:23,(anonymous_9)
FNDA:4,(anonymous_10)
FNDA:23,(anonymous_11)
FNDA:0,(anonymous_12)
FNDA:1,(anonymous_13)
FNDA:5,(anonymous_14)
DA:9,29
DA:10,29
DA:11,29
DA:12,29
DA:13,29
DA:14,29
DA:15,29
DA:18,29
DA:19,29
DA:20,29
DA:22,29
DA:23,5
DA:25,4
DA:26,4
DA:28,1
DA:29,5
DA:33,4
DA:34,4
DA:35,4
DA:36,4
DA:38,1
DA:39,1
DA:41,3
DA:42,3
DA:43,3
DA:44,1
DA:46,3
DA:53,2
DA:55,1
DA:59,29
DA:60,5
DA:67,24
DA:79,4
DA:81,4
DA:84,23
DA:91,4
DA:94,23
DA:107,0
DA:113,1
DA:121,5
LF:40
LH:39
BRDA:36,0,0,4
BRDA:36,0,1,0
BRDA:43,1,0,1
BRDA:43,1,1,2
BRDA:49,2,0,3
BRDA:49,2,1,0
BRDA:50,3,0,4
BRDA:50,3,1,0
BRDA:59,4,0,5
BRDA:59,4,1,24
BRF:10
BRH:7
end_of_record
TN:
SF:src/pages/consumptions/ConsumptionListPage.tsx
FN:14,previewJson
FN:27,ConsumptionListPage
FN:44,(anonymous_2)
FN:60,(anonymous_3)
FN:64,(anonymous_4)
FN:67,(anonymous_5)
FN:70,(anonymous_6)
FN:71,(anonymous_7)
FN:102,(anonymous_8)
FN:104,(anonymous_9)
FN:105,(anonymous_10)
FN:106,(anonymous_11)
FN:109,onDelete
FN:134,(anonymous_13)
FN:138,(anonymous_14)
FN:150,(anonymous_15)
FN:152,(anonymous_16)
FN:160,(anonymous_17)
FN:162,(anonymous_18)
FN:170,(anonymous_19)
FN:172,(anonymous_20)
FN:182,(anonymous_21)
FN:187,(anonymous_22)
FN:190,(anonymous_23)
FN:195,(anonymous_24)
FN:223,(anonymous_25)
FN:246,(anonymous_26)
FNF:27
FNH:23
FNDA:73,previewJson
FNDA:67,ConsumptionListPage
FNDA:11,(anonymous_2)
FNDA:9,(anonymous_3)
FNDA:0,(anonymous_4)
FNDA:0,(anonymous_5)
FNDA:59,(anonymous_6)
FNDA:102,(anonymous_7)
FNDA:16,(anonymous_8)
FNDA:14,(anonymous_9)
FNDA:8,(anonymous_10)
FNDA:0,(anonymous_11)
FNDA:1,onDelete
FNDA:1,(anonymous_13)
FNDA:1,(anonymous_14)
FNDA:0,(anonymous_15)
FNDA:59,(anonymous_16)
FNDA:1,(anonymous_17)
FNDA:59,(anonymous_18)
FNDA:1,(anonymous_19)
FNDA:59,(anonymous_20)
FNDA:23,(anonymous_21)
FNDA:1,(anonymous_22)
FNDA:1,(anonymous_23)
FNDA:17,(anonymous_24)
FNDA:73,(anonymous_25)
FNDA:1,(anonymous_26)
DA:15,73
DA:16,73
DA:17,73
DA:18,73
DA:19,292
DA:21,73
DA:23,0
DA:28,67
DA:29,67
DA:30,67
DA:31,67
DA:33,67
DA:34,67
DA:35,67
DA:36,67
DA:37,67
DA:38,67
DA:39,67
DA:41,67
DA:42,67
DA:44,67
DA:45,11
DA:46,11
DA:47,11
DA:48,11
DA:52,10
DA:54,1
DA:56,11
DA:60,67
DA:61,9
DA:62,9
DA:64,0
DA:65,9
DA:67,0
DA:70,67
DA:71,59
DA:72,102
DA:73,102
DA:74,48
DA:75,48
DA:76,36
DA:79,66
DA:80,2
DA:81,2
DA:83,65
DA:84,2
DA:85,2
DA:87,65
DA:88,34
DA:89,34
DA:95,2
DA:98,63
DA:102,67
DA:103,16
DA:104,16
DA:105,16
DA:106,16
DA:110,1
DA:111,1
DA:112,1
DA:113,1
DA:115,0
DA:119,67
DA:135,1
DA:136,1
DA:139,1
DA:140,1
DA:141,1
DA:142,1
DA:143,1
DA:144,1
DA:145,1
DA:146,1
DA:150,0
DA:153,59
DA:160,1
DA:163,59
DA:170,1
DA:173,59
DA:182,23
DA:187,1
DA:190,1
DA:195,17
DA:224,73
DA:246,1
LF:85
LH:80
BRDA:19,0,0,146
BRDA:19,0,1,146
BRDA:21,1,0,73
BRDA:21,1,1,0
BRDA:49,2,0,11
BRDA:49,2,1,11
BRDA:50,3,0,11
BRDA:50,3,1,9
BRDA:72,4,0,0
BRDA:72,4,1,102
BRDA:72,5,0,102
BRDA:72,5,1,14
BRDA:73,6,0,48
BRDA:73,6,1,54
BRDA:75,7,0,36
BRDA:75,7,1,12
BRDA:79,8,0,2
BRDA:79,8,1,64
BRDA:81,9,0,1
BRDA:81,9,1,1
BRDA:83,10,0,2
BRDA:83,10,1,63
BRDA:85,11,0,0
BRDA:85,11,1,2
BRDA:87,12,0,34
BRDA:87,12,1,31
BRDA:89,13,0,2
BRDA:89,13,1,32
BRDA:90,14,0,34
BRDA:90,14,1,2
BRDA:90,14,2,2
BRDA:90,14,3,2
BRDA:93,15,0,2
BRDA:93,15,1,0
BRDA:110,16,0,0
BRDA:110,16,1,1
BRDA:125,17,0,67
BRDA:125,17,1,0
BRDA:207,18,0,67
BRDA:207,18,1,10
BRDA:208,19,0,67
BRDA:208,19,1,57
BRDA:208,19,2,19
BRDA:209,20,0,67
BRDA:209,20,1,57
BRDA:209,20,2,38
BRDA:227,21,0,73
BRDA:227,21,1,0
BRDA:245,22,0,73
BRDA:245,22,1,73
BRF:50
BRH:43
end_of_record
TN:
SF:src/pages/entitlements/EntitlementDetailPage.tsx
FN:8,EntitlementDetailPage
FN:15,(anonymous_1)
FN:18,(anonymous_2)
FN:21,onDelete
FN:45,(anonymous_4)
FNF:5
FNH:5
FNDA:9,EntitlementDetailPage
FNDA:4,(anonymous_1)
FNDA:1,(anonymous_2)
FNDA:2,onDelete
FNDA:2,(anonymous_4)
DA:9,9
DA:10,9
DA:11,9
DA:12,9
DA:13,9
DA:15,9
DA:16,4
DA:18,1
DA:22,2
DA:23,2
DA:24,2
DA:25,1
DA:27,1
DA:31,9
DA:45,2
LF:15
LH:15
BRDA:9,0,0,9
BRDA:22,1,0,0
BRDA:22,1,1,2
BRDA:40,2,0,9
BRDA:40,2,1,9
BRDA:54,3,0,9
BRDA:54,3,1,5
BRDA:54,3,2,4
BRDA:55,4,0,9
BRDA:55,4,1,4
BRDA:78,5,0,4
BRDA:78,5,1,0
BRF:12
BRH:10
end_of_record
TN:
SF:src/pages/entitlements/EntitlementFormPage.tsx
FN:14,EntitlementFormPage
FN:31,(anonymous_1)
FN:33,(anonymous_2)
FN:37,(anonymous_3)
FN:45,(anonymous_4)
FN:54,(anonymous_5)
FN:55,(anonymous_6)
FN:58,onSubmit
FN:113,(anonymous_8)
FN:119,(anonymous_9)
FN:122,(anonymous_10)
FN:134,(anonymous_11)
FN:137,(anonymous_12)
FN:145,(anonymous_13)
FN:154,(anonymous_14)
FN:157,(anonymous_15)
FN:161,(anonymous_16)
FN:164,(anonymous_17)
FNF:18
FNH:15
FNDA:30,EntitlementFormPage
FNDA:5,(anonymous_1)
FNDA:5,(anonymous_2)
FNDA:0,(anonymous_3)
FNDA:2,(anonymous_4)
FNDA:1,(anonymous_5)
FNDA:3,(anonymous_6)
FNDA:4,onSubmit
FNDA:4,(anonymous_8)
FNDA:2,(anonymous_9)
FNDA:23,(anonymous_10)
FNDA:2,(anonymous_11)
FNDA:23,(anonymous_12)
FNDA:2,(anonymous_13)
FNDA:2,(anonymous_14)
FNDA:0,(anonymous_15)
FNDA:5,(anonymous_16)
FNDA:0,(anonymous_17)
DA:15,30
DA:16,30
DA:17,30
DA:19,30
DA:20,30
DA:21,30
DA:22,30
DA:23,30
DA:24,30
DA:25,30
DA:26,30
DA:27,30
DA:28,30
DA:29,30
DA:31,30
DA:32,5
DA:34,5
DA:35,5
DA:37,0
DA:39,5
DA:40,2
DA:41,2
DA:42,2
DA:44,3
DA:46,2
DA:47,2
DA:48,2
DA:49,2
DA:50,2
DA:51,2
DA:52,2
DA:54,1
DA:55,3
DA:59,4
DA:60,4
DA:61,4
DA:62,4
DA:64,1
DA:65,1
DA:67,3
DA:68,3
DA:69,2
DA:76,1
DA:78,1
DA:87,1
DA:90,1
DA:94,30
DA:95,5
DA:102,25
DA:113,4
DA:119,2
DA:123,23
DA:134,2
DA:138,23
DA:145,2
DA:154,2
DA:157,0
DA:161,5
DA:164,0
LF:59
LH:56
BRDA:39,0,0,2
BRDA:39,0,1,3
BRDA:50,1,0,2
BRDA:50,1,1,0
BRDA:52,2,0,2
BRDA:52,2,1,0
BRDA:62,3,0,4
BRDA:62,3,1,0
BRDA:68,4,0,2
BRDA:68,4,1,1
BRDA:68,5,0,3
BRDA:68,5,1,2
BRDA:72,6,0,2
BRDA:72,6,1,0
BRDA:73,7,0,2
BRDA:73,7,1,0
BRDA:74,8,0,2
BRDA:74,8,1,0
BRDA:83,9,0,1
BRDA:83,9,1,1
BRDA:84,10,0,1
BRDA:84,10,1,0
BRDA:85,11,0,1
BRDA:85,11,1,1
BRDA:94,12,0,5
BRDA:94,12,1,25
BRDA:105,13,0,7
BRDA:105,13,1,18
BRDA:107,14,0,7
BRDA:107,14,1,18
BRDA:107,15,0,30
BRDA:107,15,1,7
BRDA:167,16,0,7
BRDA:167,16,1,18
BRF:34
BRH:27
end_of_record
TN:
SF:src/pages/entitlements/EntitlementListPage.tsx
FN:9,EntitlementListPage
FN:19,(anonymous_1)
FN:36,(anonymous_2)
FN:40,(anonymous_3)
FN:52,onDelete
FN:77,(anonymous_5)
FN:81,(anonymous_6)
FN:89,(anonymous_7)
FN:94,(anonymous_8)
FN:99,(anonymous_9)
FN:108,(anonymous_10)
FN:127,(anonymous_11)
FN:154,(anonymous_12)
FNF:13
FNH:12
FNDA:88,EntitlementListPage
FNDA:28,(anonymous_1)
FNDA:26,(anonymous_2)
FNDA:81,(anonymous_3)
FNDA:1,onDelete
FNDA:1,(anonymous_5)
FNDA:1,(anonymous_6)
FNDA:18,(anonymous_7)
FNDA:0,(anonymous_8)
FNDA:1,(anonymous_9)
FNDA:13,(anonymous_10)
FNDA:48,(anonymous_11)
FNDA:1,(anonymous_12)
DA:10,88
DA:11,88
DA:12,88
DA:13,88
DA:14,88
DA:15,88
DA:16,88
DA:17,88
DA:19,88
DA:20,28
DA:21,28
DA:22,28
DA:23,28
DA:28,27
DA:30,1
DA:32,28
DA:36,88
DA:37,26
DA:40,88
DA:41,81
DA:42,13
DA:43,13
DA:53,1
DA:54,1
DA:55,1
DA:56,1
DA:58,0
DA:62,88
DA:78,1
DA:79,1
DA:82,1
DA:83,1
DA:84,1
DA:85,1
DA:89,18
DA:94,0
DA:99,1
DA:108,13
DA:128,48
DA:154,1
LF:40
LH:38
BRDA:24,0,0,28
BRDA:24,0,1,8
BRDA:25,1,0,28
BRDA:25,1,1,28
BRDA:26,2,0,28
BRDA:26,2,1,26
BRDA:41,3,0,68
BRDA:41,3,1,13
BRDA:44,4,0,13
BRDA:44,4,1,13
BRDA:44,4,2,12
BRDA:44,4,3,12
BRDA:44,4,4,12
BRDA:48,5,0,12
BRDA:48,5,1,0
BRDA:53,6,0,0
BRDA:53,6,1,1
BRDA:68,7,0,88
BRDA:68,7,1,0
BRDA:113,8,0,88
BRDA:113,8,1,27
BRDA:114,9,0,88
BRDA:114,9,1,61
BRDA:114,9,2,13
BRDA:115,10,0,88
BRDA:115,10,1,61
BRDA:115,10,2,48
BRDA:143,11,0,48
BRDA:143,11,1,0
BRDA:149,12,0,48
BRDA:149,12,1,48
BRF:31
BRH:27
end_of_record
TN:
SF:src/pages/participants/ParticipantDetailPage.tsx
FN:8,ParticipantDetailPage
FN:15,(anonymous_1)
FN:18,(anonymous_2)
FN:21,onDelete
FN:46,(anonymous_4)
FNF:5
FNH:5
FNDA:13,ParticipantDetailPage
FNDA:6,(anonymous_1)
FNDA:1,(anonymous_2)
FNDA:3,onDelete
FNDA:3,(anonymous_4)
DA:9,13
DA:10,13
DA:11,13
DA:12,13
DA:13,13
DA:15,13
DA:16,6
DA:18,1
DA:22,3
DA:23,2
DA:24,2
DA:25,1
DA:27,1
DA:31,13
DA:46,3
LF:15
LH:15
BRDA:9,0,0,13
BRDA:22,1,0,1
BRDA:22,1,1,2
BRDA:41,2,0,13
BRDA:41,2,1,11
BRDA:55,3,0,13
BRDA:55,3,1,7
BRDA:55,3,2,6
BRDA:56,4,0,13
BRDA:56,4,1,6
BRF:10
BRH:10
end_of_record
TN:
SF:src/pages/participants/ParticipantFormPage.tsx
FN:8,ParticipantFormPage
FN:20,(anonymous_1)
FN:23,(anonymous_2)
FN:29,(anonymous_3)
FN:30,(anonymous_4)
FN:33,onSubmit
FN:77,(anonymous_6)
FN:84,(anonymous_7)
FN:88,(anonymous_8)
FN:91,(anonymous_9)
FN:94,(anonymous_10)
FNF:11
FNH:11
FNDA:62,ParticipantFormPage
FNDA:5,(anonymous_1)
FNDA:2,(anonymous_2)
FNDA:1,(anonymous_3)
FNDA:3,(anonymous_4)
FNDA:4,onSubmit
FNDA:4,(anonymous_6)
FNDA:9,(anonymous_7)
FNDA:22,(anonymous_8)
FNDA:17,(anonymous_9)
FNDA:1,(anonymous_10)
DA:9,62
DA:10,62
DA:11,62
DA:13,62
DA:14,62
DA:15,62
DA:16,62
DA:17,62
DA:18,62
DA:20,62
DA:21,5
DA:22,3
DA:24,2
DA:25,2
DA:26,2
DA:27,2
DA:29,1
DA:30,3
DA:34,4
DA:35,4
DA:36,4
DA:37,4
DA:38,2
DA:43,2
DA:45,2
DA:51,1
DA:54,1
DA:58,62
DA:59,3
DA:66,59
DA:77,4
DA:84,9
DA:88,22
DA:91,17
DA:94,1
LF:35
LH:35
BRDA:21,0,0,2
BRDA:21,0,1,3
BRDA:26,1,0,2
BRDA:26,1,1,0
BRDA:37,2,0,2
BRDA:37,2,1,2
BRDA:37,3,0,4
BRDA:37,3,1,2
BRDA:40,4,0,2
BRDA:40,4,1,0
BRDA:48,5,0,2
BRDA:48,5,1,2
BRDA:58,6,0,3
BRDA:58,6,1,59
BRDA:69,7,0,36
BRDA:69,7,1,23
BRDA:71,8,0,36
BRDA:71,8,1,23
BRDA:71,9,0,62
BRDA:71,9,1,36
BRDA:78,10,0,36
BRDA:78,10,1,23
BRDA:102,11,0,36
BRDA:102,11,1,23
BRF:24
BRH:22
end_of_record
TN:
SF:src/pages/participants/ParticipantListPage.tsx
FN:9,ParticipantListPage
FN:17,(anonymous_1)
FN:30,(anonymous_2)
FN:34,(anonymous_3)
FN:44,onDelete
FN:54,onFilter
FN:75,(anonymous_6)
FN:82,(anonymous_7)
FN:90,(anonymous_8)
FN:110,(anonymous_9)
FN:132,(anonymous_10)
FNF:11
FNH:11
FNDA:44,ParticipantListPage
FNDA:16,(anonymous_1)
FNDA:14,(anonymous_2)
FNDA:62,(anonymous_3)
FNDA:3,onDelete
FNDA:1,onFilter
FNDA:1,(anonymous_6)
FNDA:2,(anonymous_7)
FNDA:9,(anonymous_8)
FNDA:47,(anonymous_9)
FNDA:3,(anonymous_10)
DA:10,44
DA:11,44
DA:12,44
DA:13,44
DA:14,44
DA:15,44
DA:17,44
DA:18,16
DA:19,16
DA:20,16
DA:21,16
DA:22,15
DA:24,1
DA:26,16
DA:30,44
DA:31,14
DA:34,44
DA:35,62
DA:36,18
DA:37,18
DA:45,3
DA:46,2
DA:47,2
DA:48,1
DA:50,1
DA:55,1
DA:56,1
DA:59,44
DA:76,1
DA:77,1
DA:78,1
DA:82,2
DA:90,9
DA:111,47
DA:132,3
LF:35
LH:35
BRDA:21,0,0,16
BRDA:21,0,1,13
BRDA:35,1,0,44
BRDA:35,1,1,18
BRDA:38,2,0,18
BRDA:38,2,1,8
BRDA:38,2,2,8
BRDA:40,3,0,8
BRDA:40,3,1,0
BRDA:45,4,0,1
BRDA:45,4,1,2
BRDA:65,5,0,42
BRDA:65,5,1,2
BRDA:95,6,0,44
BRDA:95,6,1,15
BRDA:96,7,0,44
BRDA:96,7,1,29
BRDA:96,7,2,2
BRDA:97,8,0,44
BRDA:97,8,1,29
BRDA:97,8,2,27
BRDA:118,9,0,47
BRDA:118,9,1,0
BRDA:127,10,0,47
BRDA:127,10,1,45
BRF:25
BRH:23
end_of_record
TN:
SF:src/pages/serviceOfferings/ServiceOfferingDetailPage.tsx
FN:8,ServiceOfferingDetailPage
FN:15,(anonymous_1)
FN:18,(anonymous_2)
FN:21,onDelete
FN:46,(anonymous_4)
FNF:5
FNH:5
FNDA:9,ServiceOfferingDetailPage
FNDA:4,(anonymous_1)
FNDA:1,(anonymous_2)
FNDA:2,onDelete
FNDA:2,(anonymous_4)
DA:9,9
DA:10,9
DA:11,9
DA:12,9
DA:13,9
DA:15,9
DA:16,4
DA:18,1
DA:22,2
DA:23,2
DA:24,2
DA:25,1
DA:27,1
DA:31,9
DA:46,2
LF:15
LH:15
BRDA:9,0,0,9
BRDA:22,1,0,0
BRDA:22,1,1,2
BRDA:41,2,0,9
BRDA:41,2,1,9
BRDA:55,3,0,9
BRDA:55,3,1,5
BRDA:55,3,2,4
BRDA:56,4,0,9
BRDA:56,4,1,4
BRDA:64,5,0,4
BRDA:64,5,1,0
BRF:12
BRH:10
end_of_record
TN:
SF:src/pages/serviceOfferings/ServiceOfferingFormPage.tsx
FN:7,ServiceOfferingFormPage
FN:21,(anonymous_1)
FN:24,(anonymous_2)
FN:32,(anonymous_3)
FN:33,(anonymous_4)
FN:36,onSubmit
FN:93,(anonymous_6)
FN:100,(anonymous_7)
FN:104,(anonymous_8)
FN:107,(anonymous_9)
FN:110,(anonymous_10)
FN:118,(anonymous_11)
FN:122,(anonymous_12)
FNF:13
FNH:11
FNDA:63,ServiceOfferingFormPage
FNDA:5,(anonymous_1)
FNDA:2,(anonymous_2)
FNDA:1,(anonymous_3)
FNDA:3,(anonymous_4)
FNDA:4,onSubmit
FNDA:4,(anonymous_6)
FNDA:12,(anonymous_7)
FNDA:24,(anonymous_8)
FNDA:0,(anonymous_9)
FNDA:4,(anonymous_10)
FNDA:10,(anonymous_11)
FNDA:0,(anonymous_12)
DA:8,63
DA:9,63
DA:10,63
DA:12,63
DA:13,63
DA:14,63
DA:15,63
DA:16,63
DA:17,63
DA:18,63
DA:19,63
DA:21,63
DA:22,5
DA:23,3
DA:25,2
DA:26,2
DA:27,2
DA:28,2
DA:29,2
DA:30,2
DA:32,1
DA:33,3
DA:37,4
DA:38,4
DA:39,4
DA:40,4
DA:42,1
DA:43,1
DA:45,3
DA:46,3
DA:47,2
DA:54,1
DA:56,1
DA:64,1
DA:67,1
DA:71,63
DA:72,3
DA:79,60
DA:93,4
DA:100,12
DA:104,24
DA:107,0
DA:110,4
DA:118,10
DA:122,0
LF:45
LH:43
BRDA:22,0,0,2
BRDA:22,0,1,3
BRDA:27,1,0,2
BRDA:27,1,1,0
BRDA:40,2,0,4
BRDA:40,2,1,0
BRDA:46,3,0,2
BRDA:46,3,1,1
BRDA:46,4,0,3
BRDA:46,4,1,2
BRDA:49,5,0,2
BRDA:49,5,1,0
BRDA:51,6,0,2
BRDA:51,6,1,0
BRDA:59,7,0,1
BRDA:59,7,1,1
BRDA:61,8,0,1
BRDA:61,8,1,0
BRDA:71,9,0,3
BRDA:71,9,1,60
BRDA:82,10,0,18
BRDA:82,10,1,42
BRDA:86,11,0,18
BRDA:86,11,1,42
BRDA:86,12,0,63
BRDA:86,12,1,18
BRDA:122,13,0,60
BRDA:122,13,1,0
BRDA:128,14,0,18
BRDA:128,14,1,42
BRF:30
BRH:24
end_of_record
TN:
SF:src/pages/serviceOfferings/ServiceOfferingListPage.tsx
FN:9,ServiceOfferingListPage
FN:18,(anonymous_1)
FN:34,(anonymous_2)
FN:38,(anonymous_3)
FN:49,onDelete
FN:74,(anonymous_5)
FN:78,(anonymous_6)
FN:85,(anonymous_7)
FN:90,(anonymous_8)
FN:97,(anonymous_9)
FN:117,(anonymous_10)
FN:137,(anonymous_11)
FNF:12
FNH:12
FNDA:36,ServiceOfferingListPage
FNDA:13,(anonymous_1)
FNDA:11,(anonymous_2)
FNDA:56,(anonymous_3)
FNDA:1,onDelete
FNDA:1,(anonymous_5)
FNDA:1,(anonymous_6)
FNDA:3,(anonymous_7)
FNDA:1,(anonymous_8)
FNDA:6,(anonymous_9)
FNDA:40,(anonymous_10)
FNDA:1,(anonymous_11)
DA:10,36
DA:11,36
DA:12,36
DA:13,36
DA:14,36
DA:15,36
DA:16,36
DA:18,36
DA:19,13
DA:20,13
DA:21,13
DA:22,13
DA:26,12
DA:28,1
DA:30,13
DA:34,36
DA:35,11
DA:38,36
DA:39,56
DA:40,12
DA:41,12
DA:50,1
DA:51,1
DA:52,1
DA:53,1
DA:55,0
DA:59,36
DA:75,1
DA:76,1
DA:79,1
DA:80,1
DA:81,1
DA:85,3
DA:90,1
DA:97,6
DA:118,40
DA:137,1
LF:37
LH:36
BRDA:23,0,0,13
BRDA:23,0,1,11
BRDA:24,1,0,13
BRDA:24,1,1,10
BRDA:39,2,0,44
BRDA:39,2,1,12
BRDA:42,3,0,12
BRDA:42,3,1,6
BRDA:42,3,2,6
BRDA:42,3,3,4
BRDA:50,4,0,0
BRDA:50,4,1,1
BRDA:65,5,0,36
BRDA:65,5,1,0
BRDA:89,6,0,5
BRDA:89,6,1,31
BRDA:102,7,0,36
BRDA:102,7,1,12
BRDA:103,8,0,36
BRDA:103,8,1,24
BRDA:103,8,2,2
BRDA:104,9,0,36
BRDA:104,9,1,24
BRDA:104,9,2,22
BRDA:126,10,0,18
BRDA:126,10,1,22
BRDA:132,11,0,40
BRDA:132,11,1,40
BRF:28
BRH:26
end_of_record
